ca65 V2.17 - Git 59ab140
Main file   : ..\src\utils\percom.a65
Current file: ..\src\utils\percom.a65

000000r 1               PTR		=	0
000000r 1               LFTMARGIN	=	$52
000000r 1               
000000r 1               DVSTAT		=	$2ea
000000r 1               
000000r 1               DDEVIC		=	$300
000000r 1               DUNIT		=	$301
000000r 1               DCOMND		=	$302
000000r 1               DSTATS		=	$303
000000r 1               DBUFLO		=	$304
000000r 1               DBUFHI		=	$305
000000r 1               DTIMLO		=	$306
000000r 1               DBYTLO		=	$308
000000r 1               DBYTHI		=	$309
000000r 1               DAUX1		=	$30A
000000r 1               DAUX2		=	$30B
000000r 1               
000000r 1               ICCOM		=	$342
000000r 1               ICSTA		=	$344
000000r 1               ICBAL		=	$344
000000r 1               ICBAH		=	$345
000000r 1               ICBLL		=	$348
000000r 1               ICBLH		=	$349
000000r 1               ICAX1		=	$34A
000000r 1               ICAX2		=	$34B
000000r 1               
000000r 1               CIOV		=	$E456
000000r 1               SIOV		=	$E459
000000r 1               
000000r 1               CCOPEN		=	3
000000r 1               CGETB		=	7
000000r 1               CPUTB		=	11
000000r 1               CCLOSE		=	12
000000r 1               
000000r 1               CREAD		=	64
000000r 1               CWRITE		=	128
000000r 1               
000000r 1               CLS		=	$7D
000000r 1               EOL		=	$9B
000000r 1               ;
000000r 1               		.org	$2000
002000  1               ;
002000  1  A9 00        START:		lda	#0
002002  1  85 52        		sta	LFTMARGIN
002004  1               
002004  1  A9 B7        		lda	#<SALLYMSG
002006  1  85 00        		sta	PTR
002008  1  A9 27        		lda	#>SALLYMSG
00200A  1  85 01        		sta	PTR+1
00200C  1  20 E5 25     		jsr	PRTSTR
00200F  1               
00200F  1  A9 2C        		lda	#<MSGDUNIT
002011  1  85 00        		sta	PTR
002013  1  A9 29        		lda	#>MSGDUNIT
002015  1  85 01        		sta	PTR+1
002017  1  20 E5 25     		jsr	PRTSTR
00201A  1               
00201A  1  AD 01 03     		lda	DUNIT				;DUNIT
00201D  1  A2 00        		ldx	#0
00201F  1  20 44 27     		jsr	PRTWORD
002022  1               
002022  1  20 3B 27     		jsr	GETKEY
002025  1  C9 3F        		cmp	#'?'
002027  1  F0 2F        		beq	DOSPEED
002029  1  C9 44        		cmp	#'D'
00202B  1  F0 2E        		beq	DODUMP
00202D  1  C9 46        		cmp	#'F'
00202F  1  F0 2D        		beq	DOFORMAT
002031  1  C9 47        		cmp	#'G'
002033  1  F0 2C        		beq	DOGOTO
002035  1  C9 4E        		cmp	#'N'
002037  1  F0 2B        		beq	DONACK
002039  1  C9 50        		cmp	#'P'
00203B  1  F0 74        		beq	DOPERCOM
00203D  1  C9 52        		cmp	#'R'
00203F  1  F0 2C        		beq	DOREAD
002041  1  C9 53        		cmp	#'S'
002043  1  F0 22        		beq	DOGETSTAT
002045  1  C9 54        		cmp	#'T'
002047  1  F0 27        		beq	DOTESTSEC
002049  1  C9 55        		cmp	#'U'
00204B  1  F0 26        		beq	DOUPLOAD
00204D  1  C9 56        		cmp	#'V'
00204F  1  F0 25        		beq	DOVERSION
002051  1  C9 58        		cmp	#'X'
002053  1  F0 02        		beq	EXIT
002055  1  D0 A9        		bne	START
002057  1  60           EXIT:		rts
002058  1               
002058  1  4C 79 20     DOSPEED:	jmp	SPEED
00205B  1  4C 04 26     DODUMP:		jmp	DUMP
00205E  1  4C D0 23     DOFORMAT:	jmp	FORMAT
002061  1  4C 93 22     DOGOTO:		jmp	GOTO
002064  1  4C B5 23     DONACK:		jmp	NACK
002067  1  4C 13 24     DOGETSTAT:	jmp	GETSTAT
00206A  1  4C 04 25     DORESET:	jmp	RESET
00206D  1  4C BB 22     DOREAD:		jmp	READSEC
002070  1  4C 2F 23     DOTESTSEC:	jmp	TESTSEC
002073  1  4C 93 24     DOUPLOAD:	jmp	UPLOAD
002076  1  4C 5E 24     DOVERSION:	jmp	VERSION
002079  1               
002079  1  A9 31        SPEED:		lda	#'1'
00207B  1  8D 00 03     		sta	DDEVIC
00207E  1  A9 3F        		lda	#'?'
002080  1  8D 02 03     		sta	DCOMND
002083  1  A9 40        		lda	#CREAD
002085  1  8D 03 03     		sta	DSTATS
002088  1  A9 F6        		lda	#<BUFFER
00208A  1  8D 04 03     		sta	DBUFLO
00208D  1  A9 29        		lda	#>BUFFER
00208F  1  8D 05 03     		sta	DBUFHI
002092  1  A9 01        		lda	#1
002094  1  8D 0A 03     		sta	DAUX1
002097  1  8D 08 03     		sta	DBYTLO
00209A  1  A9 00        		lda	#0
00209C  1  8D 0B 03     		sta	DAUX2
00209F  1  8D 09 03     		sta	DBYTHI
0020A2  1  20 4F 24     		jsr	CALLSIO
0020A5  1  AD F6 29     		lda	BUFFER
0020A8  1  20 FA 26     		jsr	puthex
0020AB  1  20 3B 27     		jsr	GETKEY
0020AE  1  4C 00 20     		jmp	START
0020B1  1               
0020B1  1  A9 D4        DOPERCOM:	lda	#<PERTXT0
0020B3  1  85 00        		sta	PTR
0020B5  1  A9 28        		lda	#>PERTXT0
0020B7  1  85 01        		sta	PTR+1
0020B9  1  20 E5 25     		jsr	PRTSTR
0020BC  1               
0020BC  1  20 3B 27     		jsr	GETKEY
0020BF  1  20 1C 27     		jsr	PRINT
0020C2  1               
0020C2  1  C9 31        		cmp	#'1'
0020C4  1  B0 03        		bcs	DOPERCOM3
0020C6  1  4C 00 20     		jmp	START
0020C9  1  C9 39        DOPERCOM3:	cmp	#'8'+1
0020CB  1  90 03        		bcc	DOPERCOM2
0020CD  1  4C 00 20     		jmp	START
0020D0  1  E9 2F        DOPERCOM2:	sbc	#'1'-2
0020D2  1  8D 01 03     		sta	DUNIT
0020D5  1               
0020D5  1  20 E2 21     		jsr	READPER				;read percom block
0020D8  1  98           		tya
0020D9  1  30 D6        		bmi	DOPERCOM			;iterate if error
0020DB  1               
0020DB  1  20 75 21     DOPERCOM1:	jsr	SHOWPER				;display percom block
0020DE  1               
0020DE  1  20 3B 27     		jsr	GETKEY
0020E1  1  C9 54        		cmp	#'T'
0020E3  1  F0 20        		beq	TRACKS
0020E5  1  C9 53        		cmp	#'S'
0020E7  1  F0 30        		beq	SECS
0020E9  1  C9 48        		cmp	#'H'
0020EB  1  F0 46        		beq	HEADS
0020ED  1  C9 44        		cmp	#'D'
0020EF  1  F0 56        		beq	DENSITY
0020F1  1  C9 42        		cmp	#'B'
0020F3  1  F0 66        		beq	BYTES
0020F5  1  C9 57        		cmp	#'W'
0020F7  1  F0 06        		beq	WRITEPERC
0020F9  1  C9 58        		cmp	#'X'
0020FB  1  F0 B4        		beq	DOPERCOM
0020FD  1  D0 DC        		bne	DOPERCOM1
0020FF  1               
0020FF  1               ;
0020FF  1               ;
0020FF  1               ;
0020FF  1  20 D9 21     WRITEPERC:	jsr	WRITEPER
002102  1  4C DB 20     		jmp	DOPERCOM1
002105  1               
002105  1  A9 3A        TRACKS:		lda	#<MSGTRK
002107  1  85 00        		sta	PTR
002109  1  A9 29        		lda	#>MSGTRK
00210B  1  85 01        		sta	PTR+1
00210D  1  20 E5 25     		jsr	PRTSTR
002110  1  20 9F 26     		jsr	getbyte
002113  1  8D A6 27     		sta	PERTRK
002116  1  4C DB 20     		jmp	DOPERCOM1
002119  1               
002119  1  A9 56        SECS:		lda	#<MSGSEC
00211B  1  85 00        		sta	PTR
00211D  1  A9 29        		lda	#>MSGSEC
00211F  1  85 01        		sta	PTR+1
002121  1  20 E5 25     		jsr	PRTSTR
002124  1  20 9F 26     		jsr	getbyte
002127  1  8D A9 27     		sta	PERSEC+1
00212A  1  AD B3 27     		lda	WORD+1
00212D  1  8D A8 27     		sta	PERSEC
002130  1  4C DB 20     		jmp	DOPERCOM1
002133  1               
002133  1  A9 64        HEADS:		lda	#<MSGHEA
002135  1  85 00        		sta	PTR
002137  1  A9 29        		lda	#>MSGHEA
002139  1  85 01        		sta	PTR+1
00213B  1  20 E5 25     		jsr	PRTSTR
00213E  1  20 9F 26     		jsr	getbyte
002141  1  8D AA 27     		sta	PERHEA
002144  1  4C DB 20     		jmp	DOPERCOM1
002147  1  A9 72        DENSITY:	lda	#<MSGDEN
002149  1  85 00        		sta	PTR
00214B  1  A9 29        		lda	#>MSGDEN
00214D  1  85 01        		sta	PTR+1
00214F  1  20 E5 25     		jsr	PRTSTR
002152  1  20 9F 26     		jsr	getbyte
002155  1  8D AB 27     		sta	PERDEN
002158  1  4C DB 20     		jmp	DOPERCOM1
00215B  1  A9 80        BYTES:		lda	#<MSGBYT
00215D  1  85 00        		sta	PTR
00215F  1  A9 29        		lda	#>MSGBYT
002161  1  85 01        		sta	PTR+1
002163  1  20 E5 25     		jsr	PRTSTR
002166  1  20 9F 26     		jsr	getbyte
002169  1  8D AD 27     		sta	PERBYT+1
00216C  1  AD B3 27     		lda	WORD+1
00216F  1  8D AC 27     		sta	PERBYT
002172  1  4C DB 20     		jmp	DOPERCOM1
002175  1               ;
002175  1               ;
002175  1               ;
002175  1  A9 F8        SHOWPER:	lda	#<PERTXT1
002177  1  85 00        		sta	PTR
002179  1  A9 28        		lda	#>PERTXT1
00217B  1  85 01        		sta	PTR+1
00217D  1  20 E5 25     		jsr	PRTSTR
002180  1               
002180  1  AD 01 03     		lda	DUNIT				;DUNIT
002183  1  A2 00        		ldx	#0
002185  1  20 44 27     		jsr	PRTWORD
002188  1               
002188  1  20 E5 25     		jsr	PRTSTR				;TRKS
00218B  1  AD A6 27     		lda	PERCOM
00218E  1  20 44 27     		jsr	PRTWORD
002191  1               
002191  1  20 E5 25     		jsr	PRTSTR				;STEP
002194  1  AD A7 27     		lda	PERCOM+1
002197  1  20 44 27     		jsr	PRTWORD
00219A  1               
00219A  1  20 E5 25     		jsr	PRTSTR				;SEC/TRK
00219D  1  AD A9 27     		lda	PERCOM+3
0021A0  1  AE A8 27     		ldx	PERCOM+2
0021A3  1  20 44 27     		jsr	PRTWORD
0021A6  1               
0021A6  1  20 E5 25     		jsr	PRTSTR				;SIDES
0021A9  1  AD AA 27     		lda	PERCOM+4
0021AC  1               ;		clc
0021AC  1               ;		adc	#1
0021AC  1  20 44 27     		jsr	PRTWORD
0021AF  1               
0021AF  1  20 E5 25     		jsr	PRTSTR				;DESITY
0021B2  1  AD AB 27     		lda	PERCOM+5
0021B5  1  20 44 27     		jsr	PRTWORD
0021B8  1               
0021B8  1  20 E5 25     		jsr	PRTSTR				;BYT/SEC
0021BB  1  AD AD 27     		lda	PERCOM+7
0021BE  1  AE AC 27     		ldx	PERCOM+6
0021C1  1  20 44 27     		jsr	PRTWORD
0021C4  1               
0021C4  1  20 E5 25     		jsr	PRTSTR				;SELECTED
0021C7  1  AD AE 27     		lda	PERCOM+8
0021CA  1  20 44 27     		jsr	PRTWORD
0021CD  1               
0021CD  1  20 E5 25     		jsr	PRTSTR				;SERRATE
0021D0  1  AD AF 27     		lda	PERCOM+9
0021D3  1  20 44 27     		jsr	PRTWORD
0021D6  1               
0021D6  1  4C E5 25     		jmp	PRTSTR
0021D9  1               
0021D9  1               
0021D9  1  A9 80        WRITEPER:	lda	#$80
0021DB  1  8D 03 03     		sta	DSTATS
0021DE  1  A9 4F        		lda	#'O'
0021E0  1  D0 07        		bne	READPER1
0021E2  1  A9 40        READPER:	lda	#$40
0021E4  1  8D 03 03     		sta	DSTATS
0021E7  1  A9 4E        		lda	#'N'
0021E9  1  8D 02 03     READPER1:	sta	DCOMND
0021EC  1  A9 A6        		lda	#<PERCOM
0021EE  1  8D 04 03     		sta	DBUFLO
0021F1  1  A9 27        		lda	#>PERCOM
0021F3  1  8D 05 03     		sta	DBUFHI
0021F6  1  A9 31        		lda	#'1'
0021F8  1  8D 00 03     		sta	DDEVIC
0021FB  1  A9 0C        		lda	#<12
0021FD  1  8D 08 03     		sta	DBYTLO
002200  1  A9 00        		lda	#>12
002202  1  8D 09 03     		sta	DBYTHI
002205  1  4C 4F 24     		jmp	CALLSIO
002208  1               
002208  1  A9 00        SETADR:		lda	#0
00220A  1  8D 03 03     		sta	DSTATS
00220D  1  8D 08 03     		sta	DBYTLO
002210  1  8D 09 03     		sta	DBYTHI
002213  1  A9 53        		lda	#'S'
002215  1  8D 02 03     		sta	DCOMND
002218  1  A9 5A        		lda	#'Z'
00221A  1  8D 00 03     		sta	DDEVIC
00221D  1  A9 01        		lda	#1
00221F  1  8D 01 03     		sta	DUNIT
002222  1  AD EF 29     		lda	SALLYADR
002225  1  8D 0A 03     		sta	DAUX1
002228  1  AD F0 29     		lda	SALLYADR+1
00222B  1  8D 0B 03     		sta	DAUX2
00222E  1  4C 59 E4     		jmp	SIOV
002231  1               
002231  1  20 08 22     PUTRAM:		jsr	SETADR
002234  1  A9 57        		lda	#'W'
002236  1  8D 02 03     		sta	DCOMND
002239  1  A9 80        		lda	#CWRITE
00223B  1  8D 03 03     		sta	DSTATS
00223E  1  D0 0D        		bne	GETRAM1
002240  1               
002240  1  20 08 22     GETRAM:		jsr	SETADR
002243  1  A9 52        		lda	#'R'
002245  1  8D 02 03     		sta	DCOMND
002248  1  A9 40        		lda	#CREAD
00224A  1  8D 03 03     		sta	DSTATS
00224D  1  A9 F6        GETRAM1:	lda	#<BUFFER
00224F  1  8D 04 03     		sta	DBUFLO
002252  1  A9 29        		lda	#>BUFFER
002254  1  8D 05 03     		sta	DBUFHI
002257  1  A9 00        		lda	#0
002259  1  8D 0A 03     		sta	DAUX1
00225C  1  8D 08 03     		sta	DBYTLO
00225F  1  A9 01        		lda	#1
002261  1  8D 0B 03     		sta	DAUX2
002264  1  8D 09 03     		sta	DBYTHI
002267  1  4C 59 E4     		jmp	SIOV
00226A  1               
00226A  1               GOTOADR:	;jsr	SETADR
00226A  1  A9 5A        		lda	#'Z'
00226C  1  8D 00 03     		sta	DDEVIC
00226F  1  A9 01        		lda	#1
002271  1  8D 01 03     		sta	DUNIT
002274  1  A9 47        		lda	#'G'
002276  1  8D 02 03     		sta	DCOMND
002279  1  A9 00        		lda	#0
00227B  1  8D 03 03     		sta	DSTATS
00227E  1  8D 08 03     		sta	DBYTLO
002281  1  8D 09 03     		sta	DBYTHI
002284  1  AD EF 29     		lda	SALLYADR
002287  1  8D 0A 03     		sta	DAUX1
00228A  1  AD F0 29     		lda	SALLYADR+1
00228D  1  8D 0B 03     		sta	DAUX2
002290  1  4C 59 E4     		jmp	SIOV
002293  1               ;
002293  1               ;
002293  1               ;
002293  1  20 3B 26     GOTO:		jsr	getadr
002296  1  C9 58        		cmp	#'X'
002298  1  F0 1E        		beq	GOTOEND
00229A  1  AD B2 27     		lda	WORD
00229D  1  8D EF 29     		sta	SALLYADR
0022A0  1  AD B3 27     		lda	WORD+1
0022A3  1  8D F0 29     		sta	SALLYADR+1
0022A6  1  20 6A 22     		jsr	GOTOADR
0022A9  1  AD F0 29     		lda	SALLYADR+1
0022AC  1  20 FA 26     		jsr	puthex
0022AF  1  AD EF 29     		lda	SALLYADR
0022B2  1  20 FA 26     		jsr	puthex
0022B5  1  20 3B 27     		jsr	GETKEY
0022B8  1  4C 00 20     GOTOEND:	jmp	START
0022BB  1               ;
0022BB  1               ;
0022BB  1               ;
0022BB  1  20 3B 26     READSEC:	jsr	getadr
0022BE  1  20 1A 27     		jsr	NEWLINE
0022C1  1  AD B2 27     		lda	WORD
0022C4  1  8D 0A 03     		sta 	DAUX1
0022C7  1  AD B3 27     		lda	WORD + 1
0022CA  1  8D 0B 03     		sta 	DAUX2
0022CD  1               
0022CD  1  A9 31        		lda	#'1'
0022CF  1  8D 00 03     		sta	DDEVIC
0022D2  1  A9 52        		lda	#'R'
0022D4  1  8D 02 03     		sta	DCOMND
0022D7  1  A9 F6        		lda	#<BUFFER
0022D9  1  8D 04 03     		sta	DBUFLO
0022DC  1  A9 29        		lda	#>BUFFER
0022DE  1  8D 05 03     		sta	DBUFHI
0022E1  1  A9 40        READSEC1:	lda	#CREAD
0022E3  1  8D 03 03     		sta	DSTATS
0022E6  1  A9 80        		lda	#128				;standard 128 bytes/sec
0022E8  1  8D 08 03     		sta	DBYTLO
0022EB  1  A9 00        		lda	#0
0022ED  1  8D 09 03     		sta	DBYTHI
0022F0  1               
0022F0  1  AD 0B 03     		lda	DAUX2				;yes, check if DAUX2 > 0
0022F3  1  D0 07        		bne	READSEC2			;yes, switch to 256 bytes/sec
0022F5  1  AD 0A 03     		lda	DAUX1				;no, check if sector 1-3
0022F8  1  C9 04        		cmp	#4
0022FA  1  90 0C        		bcc	READSEC4			;yes, just read 128 bytes
0022FC  1               
0022FC  1  AE AC 27     READSEC2:	ldx	PERBYT
0022FF  1  0E 08 03     READSEC5:	asl	DBYTLO
002302  1  2E 09 03     		rol	DBYTHI
002305  1  CA           		dex
002306  1  D0 F7        		bne	READSEC5
002308  1               
002308  1  AD 09 03     READSEC4:	lda	DBYTHI
00230B  1  20 FA 26     		jsr	puthex
00230E  1  AD 08 03     		lda	DBYTLO
002311  1  20 FA 26     		jsr	puthex
002314  1  20 1A 27     		jsr	NEWLINE
002317  1  20 4F 24     		jsr	CALLSIO
00231A  1  30 0D        		bmi	READSEC3			;if error, quit read loop
00231C  1               
00231C  1  A9 F6        		lda	#<BUFFER
00231E  1  8D EF 29     		sta	SALLYADR
002321  1  A9 29        		lda	#>BUFFER
002323  1  8D F0 29     		sta	SALLYADR+1
002326  1  20 6E 25     		jsr	dumpbuf
002329  1               
002329  1  20 3B 27     READSEC3:	jsr	GETKEY
00232C  1  4C 00 20     		jmp	START
00232F  1               
00232F  1  20 3B 26     TESTSEC:	jsr	getadr
002332  1  AD B2 27     		lda	WORD
002335  1  8D 0A 03     		sta 	DAUX1
002338  1  AD B3 27     		lda	WORD + 1
00233B  1  8D 0B 03     		sta 	DAUX2
00233E  1               
00233E  1  A9 31        TESTSEC1:	lda	#'1'
002340  1  8D 00 03     		sta	DDEVIC
002343  1  A9 52        		lda	#'R'
002345  1  8D 02 03     		sta	DCOMND
002348  1  A9 F6        		lda	#<BUFFER
00234A  1  8D 04 03     		sta	DBUFLO
00234D  1  A9 29        		lda	#>BUFFER
00234F  1  8D 05 03     		sta	DBUFHI
002352  1               
002352  1  A9 40        		lda	#CREAD
002354  1  8D 03 03     		sta	DSTATS
002357  1  A9 80        		lda	#128				;standard 128 bytes/sec
002359  1  8D 08 03     		sta	DBYTLO
00235C  1  A9 00        		lda	#0
00235E  1  8D 09 03     		sta	DBYTHI
002361  1               
002361  1  AD 0B 03     		lda	DAUX2				;yes, check if DAUX2 > 0
002364  1  D0 07        		bne	TESTSEC2			;yes, switch to 256 bytes/sec
002366  1  AD 0A 03     		lda	DAUX1				;no, check if sector 1-3
002369  1  C9 04        		cmp	#4
00236B  1  90 0C        		bcc	TESTSEC4			;yes, just read 128 bytes
00236D  1               
00236D  1  AE AC 27     TESTSEC2:	ldx	PERBYT
002370  1  0E 08 03     TESTSEC5:	asl	DBYTLO
002373  1  2E 09 03     		rol	DBYTHI
002376  1  CA           		dex
002377  1  D0 F7        		bne	TESTSEC5
002379  1               
002379  1  AD 0B 03     TESTSEC4:	lda	DAUX2
00237C  1  20 FA 26     		jsr	puthex
00237F  1  AD 0A 03     		lda	DAUX1
002382  1  20 FA 26     		jsr	puthex
002385  1  AD 09 03     		lda	DBYTHI
002388  1  20 FA 26     		jsr	puthex
00238B  1  AD 08 03     		lda	DBYTLO
00238E  1  20 FA 26     		jsr	puthex
002391  1               
002391  1  20 4F 24     		jsr	CALLSIO
002394  1  30 19        		bmi	TESTSEC3			;if error, quit read loop
002396  1               
002396  1  AD F7 29     		lda	BUFFER+1
002399  1  20 FA 26     		jsr	puthex
00239C  1  AD F6 29     		lda	BUFFER
00239F  1  20 FA 26     		jsr	puthex
0023A2  1  20 1A 27     		jsr	NEWLINE
0023A5  1  EE 0A 03     		inc	DAUX1				;increment DAUX1/2
0023A8  1  D0 94        		bne	TESTSEC1
0023AA  1  EE 0B 03     		inc	DAUX2
0023AD  1  D0 8F        		bne	TESTSEC1
0023AF  1               
0023AF  1  20 3B 27     TESTSEC3:	jsr	GETKEY
0023B2  1  4C 00 20     		jmp	START
0023B5  1               
0023B5  1               ;
0023B5  1               ;
0023B5  1               ;
0023B5  1  A9 31        NACK:		lda	#'1'
0023B7  1  8D 00 03     		sta	DDEVIC
0023BA  1  A9 58        		lda	#'X'
0023BC  1  8D 02 03     		sta	DCOMND
0023BF  1  A9 00        		lda	#0
0023C1  1  8D 03 03     		sta	DSTATS
0023C4  1  8D 08 03     		sta	DBYTLO
0023C7  1  8D 09 03     		sta	DBYTHI
0023CA  1  20 4F 24     		jsr	CALLSIO
0023CD  1  4C 00 20     		jmp	START
0023D0  1               
0023D0  1  A9 31        FORMAT:		lda	#'1'
0023D2  1  8D 00 03     		sta	DDEVIC
0023D5  1  A9 21        		lda	#'!'
0023D7  1  8D 02 03     		sta	DCOMND
0023DA  1  A9 40        		lda	#CREAD
0023DC  1  8D 03 03     		sta	DSTATS
0023DF  1  A9 F6        		lda	#<BUFFER
0023E1  1  8D 04 03     		sta	DBUFLO
0023E4  1  A9 29        		lda	#>BUFFER
0023E6  1  8D 05 03     		sta	DBUFHI
0023E9  1  AD 06 03     		lda	DTIMLO
0023EC  1  48           		pha
0023ED  1  A9 FF        		lda	#$ff
0023EF  1  8D 06 03     		sta	DTIMLO
0023F2  1  A9 80        		lda	#128
0023F4  1  8D 08 03     		sta	DBYTLO
0023F7  1  A9 00        		lda	#0
0023F9  1  8D 09 03     		sta	DBYTHI
0023FC  1  AD AB 27     		lda	PERDEN
0023FF  1  29 04        		and	#4
002401  1  F0 06        		beq	FORMAT1
002403  1  0E 08 03     		asl	DBYTLO
002406  1  2E 09 03     		rol	DBYTHI
002409  1  20 4F 24     FORMAT1:	jsr	CALLSIO
00240C  1  68           		pla
00240D  1  8D 06 03     		sta	DTIMLO
002410  1  4C 00 20     		jmp	START
002413  1               
002413  1  A9 31        GETSTAT:	lda	#'1'
002415  1  8D 00 03     		sta	DDEVIC
002418  1  A9 53        		lda	#'S'
00241A  1  8D 02 03     		sta	DCOMND
00241D  1  A9 40        		lda	#CREAD
00241F  1  8D 03 03     		sta	DSTATS
002422  1  A9 EA        		lda	#<DVSTAT
002424  1  8D 04 03     		sta	DBUFLO
002427  1  A9 02        		lda	#>DVSTAT
002429  1  8D 05 03     		sta	DBUFHI
00242C  1  A9 04        		lda	#4
00242E  1  8D 08 03     		sta	DBYTLO
002431  1  A9 00        		lda	#0
002433  1  8D 09 03     		sta	DBYTHI
002436  1  20 4F 24     		jsr	CALLSIO
002439  1               
002439  1  A2 00        		ldx	#0
00243B  1  BD EA 02     GETSTAT1:	lda	DVSTAT,x
00243E  1  20 FA 26     		jsr	puthex
002441  1  20 16 27     		jsr	SPACE
002444  1  E8           		inx
002445  1  E0 04        		cpx	#4
002447  1  D0 F2        		bne	GETSTAT1
002449  1  20 3B 27     		jsr	GETKEY
00244C  1  4C 00 20     		jmp	START
00244F  1               
00244F  1  20 59 E4     CALLSIO:	jsr	SIOV
002452  1  10 09        		bpl	CALLSIO1
002454  1  98           		tya
002455  1  20 FA 26     		jsr	puthex
002458  1  20 16 27     		jsr	SPACE
00245B  1  A0 80        		ldy	#128
00245D  1  60           CALLSIO1:	rts
00245E  1               
00245E  1  A9 00        VERSION:	lda	#0
002460  1  8D EF 29     		sta	SALLYADR
002463  1  8D F0 29     		sta	SALLYADR+1
002466  1  20 40 22     		jsr	GETRAM
002469  1               
002469  1  38           		sec
00246A  1  AD 25 2A     		lda	BUFFER+$2f
00246D  1  E9 1F        		sbc	#$1f
00246F  1  8D EF 29     		sta	SALLYADR
002472  1  AD 26 2A     		lda	BUFFER+$30
002475  1  E9 00        		sbc	#0
002477  1  8D F0 29     		sta	SALLYADR+1
00247A  1  20 40 22     		jsr	GETRAM
00247D  1               
00247D  1  A2 00        		ldx	#0
00247F  1  BD F6 29     VERSION1:	lda	BUFFER,x
002482  1  20 1C 27     		jsr	PRINT
002485  1  E8           		inx
002486  1  E0 10        		cpx	#16
002488  1  D0 F5        		bne	VERSION1
00248A  1  20 1A 27     		jsr	NEWLINE
00248D  1  20 3B 27     		jsr	GETKEY
002490  1  4C 00 20     		jmp	START
002493  1               
002493  1               ;
002493  1               ; uploads sally2.com to $2000 using a 256 buffer @ BUFFER
002493  1               ;
002493  1  20 14 25     UPLOAD:		jsr	openfile
002496  1               
002496  1  A9 00        		lda	#0
002498  1  8D EF 29     		sta	SALLYADR
00249B  1  A9 80        		lda	#$80
00249D  1  8D F0 29     		sta	SALLYADR+1
0024A0  1               
0024A0  1  20 3C 25     upload1:	jsr	readfile			;read a page from file
0024A3  1  BD 49 03     		lda	ICBLH,x
0024A6  1  20 FA 26     		jsr	puthex
0024A9  1  BD 48 03     		lda	ICBLL,x
0024AC  1  20 FA 26     		jsr	puthex
0024AF  1  20 16 27     		jsr	SPACE
0024B2  1               
0024B2  1  20 31 22     		jsr	PUTRAM				;put to Sally RAM
0024B5  1  98           		tya
0024B6  1  20 FA 26     		jsr	puthex
0024B9  1  A8           		tay
0024BA  1  30 45        		bmi	uploadex
0024BC  1               
0024BC  1  20 16 27     		jsr	SPACE
0024BF  1               
0024BF  1  AD F0 29     		lda	SALLYADR+1
0024C2  1  20 FA 26     		jsr	puthex
0024C5  1  AD EF 29     		lda	SALLYADR
0024C8  1  20 FA 26     		jsr	puthex
0024CB  1               
0024CB  1  20 1A 27     		jsr	NEWLINE
0024CE  1               
0024CE  1  EE F0 29     		inc	SALLYADR+1
0024D1  1  A2 10        		ldx	#$10
0024D3  1  BD 49 03     		lda	ICBLH,x				;check if 256 were loaded
0024D6  1  D0 C8        		bne	upload1				;loop if yes
0024D8  1               
0024D8  1  20 64 25     		jsr	closefile
0024DB  1               
0024DB  1  A9 00        		lda	#0
0024DD  1  8D EF 29     		sta	SALLYADR
0024E0  1  A9 80        		lda	#$80
0024E2  1  8D F0 29     		sta	SALLYADR+1
0024E5  1  20 40 22     		jsr	GETRAM
0024E8  1               
0024E8  1  38           		sec
0024E9  1  AD 25 2A     		lda	BUFFER+$2f
0024EC  1  E9 0F        		sbc	#$0f
0024EE  1  8D EF 29     		sta	SALLYADR
0024F1  1  AD 26 2A     		lda	BUFFER+$30
0024F4  1  E9 00        		sbc	#0
0024F6  1  69 7F        		adc	#$80-1
0024F8  1  8D F0 29     		sta	SALLYADR+1
0024FB  1               
0024FB  1  20 3B 27     		jsr	GETKEY
0024FE  1  20 6A 22     		jsr	GOTOADR
002501  1               
002501  1  4C 00 20     uploadex:	jmp	START
002504  1               
002504  1  A9 00        RESET:		lda	#0
002506  1  8D EF 29     		sta	SALLYADR
002509  1  A9 00        		lda	#0
00250B  1  8D F0 29     		sta	SALLYADR+1
00250E  1  20 6A 22     		jsr	GOTOADR
002511  1  4C 00 20     		jmp	START
002514  1               
002514  1               ;
002514  1               ;
002514  1               ;
002514  1  A2 10        openfile:	ldx	#$10
002516  1  A9 03        		lda	#CCOPEN
002518  1  9D 42 03     		sta	ICCOM,x
00251B  1  A9 D7        		lda	#<sallycom
00251D  1  9D 44 03     		sta	ICBAL,x
002520  1  A9 29        		lda	#>sallycom
002522  1  9D 45 03     		sta	ICBAH,x
002525  1  A9 00        		lda	#0
002527  1  9D 48 03     		sta	ICBLL,x
00252A  1  A9 01        		lda	#1
00252C  1  9D 49 03     		sta	ICBLH,x
00252F  1  A9 04        		lda	#4
002531  1  9D 4A 03     		sta	ICAX1,x
002534  1  A9 00        		lda	#0
002536  1  9D 4B 03     		sta	ICAX2,x
002539  1  4C 56 E4     		jmp	CIOV
00253C  1               
00253C  1  A2 10        readfile:	ldx	#$10
00253E  1  A9 07        		lda	#CGETB
002540  1  9D 42 03     		sta	ICCOM,x
002543  1  A9 F6        		lda	#<BUFFER
002545  1  9D 44 03     		sta	ICBAL,x
002548  1  A9 29        		lda	#>BUFFER
00254A  1  9D 45 03     		sta	ICBAH,x
00254D  1  A9 00        		lda	#$00
00254F  1  9D 48 03     		sta	ICBLL,x
002552  1  A9 01        		lda	#$01
002554  1  9D 49 03     		sta	ICBLH,x
002557  1  A9 04        		lda	#4
002559  1  9D 4A 03     		sta	ICAX1,x
00255C  1  A9 00        		lda	#0
00255E  1  9D 4B 03     		sta	ICAX2,x
002561  1  4C 56 E4     		jmp	CIOV
002564  1               
002564  1  A2 10        closefile:	ldx	#$10
002566  1  A9 0C        		lda	#CCLOSE
002568  1  9D 42 03     		sta	ICCOM,x
00256B  1  4C 56 E4     		jmp	CIOV
00256E  1               
00256E  1               ;
00256E  1               ;
00256E  1               ;
00256E  1  A2 00        dumpbuf:	ldx	#0
002570  1  A0 08        		ldy	#8
002572  1  A9 10        		lda	#16
002574  1  8D B2 27     		sta	WORD
002577  1               
002577  1  AD EF 29     		lda	SALLYADR
00257A  1  8D F3 29     		sta	DUMPADR
00257D  1  AD F0 29     		lda	SALLYADR+1
002580  1  8D F4 29     		sta	DUMPADR+1
002583  1               
002583  1  20 C5 25     dumpbuf2:	jsr	dumpadr
002586  1  BD F6 29     dumpbuf1:	lda	BUFFER,x
002589  1  20 FA 26     		jsr	puthex
00258C  1  E8           		inx
00258D  1  20 16 27     		jsr	SPACE
002590  1  88           dumpbuf3:	dey
002591  1  D0 F3        		bne	dumpbuf1
002593  1               
002593  1  8A           		txa
002594  1  38           		sec
002595  1  E9 08        		sbc	#8
002597  1  AA           		tax
002598  1               
002598  1  A0 08        		ldy	#8
00259A  1  A9 7C        		lda	#'|'
00259C  1  20 1C 27     		jsr	PRINT
00259F  1               
00259F  1  BD F6 29     dumpbuf5:	lda	BUFFER,x
0025A2  1  29 7F        		and	#$7f
0025A4  1  C9 20        		cmp	#32
0025A6  1  90 04        		bcc	dumpbuf4
0025A8  1  C9 7D        		cmp	#$7d
0025AA  1  90 02        		bcc	dumpbuf6
0025AC  1  A9 2E        dumpbuf4:	lda	#'.'
0025AE  1  20 1C 27     dumpbuf6:	jsr	PRINT
0025B1  1  E8           		inx
0025B2  1  88           		dey
0025B3  1  D0 EA        		bne	dumpbuf5
0025B5  1               
0025B5  1  A9 7C        		lda	#'|'
0025B7  1  20 1C 27     		jsr	PRINT
0025BA  1  20 1A 27     		jsr	NEWLINE
0025BD  1               
0025BD  1  A0 08        		ldy	#8
0025BF  1  CE B2 27     		dec	WORD
0025C2  1  D0 BF        		bne	dumpbuf2
0025C4  1  60           		rts
0025C5  1               
0025C5  1  AD F4 29     dumpadr:	lda	DUMPADR+1
0025C8  1  20 FA 26     		jsr	puthex
0025CB  1  AD F3 29     		lda	DUMPADR
0025CE  1  20 FA 26     		jsr	puthex
0025D1  1  A9 3A        		lda	#':'
0025D3  1  20 1C 27     		jsr	PRINT
0025D6  1  18           		clc
0025D7  1  AD F3 29     		lda	DUMPADR
0025DA  1  69 08        		adc	#8
0025DC  1  8D F3 29     		sta	DUMPADR
0025DF  1  90 03        		bcc	dumpadr1
0025E1  1  EE F4 29     		inc	DUMPADR+1
0025E4  1  60           dumpadr1:	rts
0025E5  1               
0025E5  1  A0 00        PRTSTR:		ldy	#0
0025E7  1  B1 00        		lda	(PTR),Y
0025E9  1  F0 09        		beq	INCPTR
0025EB  1  20 1C 27     		jsr	PRINT
0025EE  1  20 F4 25     		jsr	INCPTR
0025F1  1  4C E5 25     		jmp	PRTSTR
0025F4  1               
0025F4  1  E6 00        INCPTR:		inc	PTR
0025F6  1  D0 02        		bne	INCPTR1
0025F8  1  E6 01        		inc	PTR+1
0025FA  1  60           INCPTR1:	rts
0025FB  1               
0025FB  1               ;
0025FB  1               ;
0025FB  1               ;
0025FB  1  A2 00        CLEARBUF:	ldx	#0
0025FD  1  9D F6 29     CLEARBUF1:	sta	BUFFER,x
002600  1  E8           		inx
002601  1  D0 FA        		bne	CLEARBUF1
002603  1  60           		rts
002604  1               ;
002604  1               ;
002604  1               ;
002604  1  20 3B 26     DUMP:		jsr	getadr
002607  1  C9 58        		cmp	#'X'
002609  1  D0 03        		bne	DUMP1
00260B  1  4C 00 20     		jmp	START
00260E  1  C9 9B        DUMP1:		cmp	#EOL
002610  1  D0 11        		bne	DUMP2
002612  1  18           		clc
002613  1  AD EF 29     		lda	SALLYADR
002616  1  69 80        		adc	#128
002618  1  8D EF 29     		sta	SALLYADR
00261B  1  90 03        		bcc	DUMP4
00261D  1  EE F0 29     		inc	SALLYADR+1
002620  1  4C 2F 26     DUMP4:		jmp	DUMP3
002623  1               
002623  1  AD B2 27     DUMP2:		lda	WORD
002626  1  8D EF 29     		sta	SALLYADR
002629  1  AD B3 27     		lda	WORD+1
00262C  1  8D F0 29     		sta	SALLYADR+1
00262F  1  20 1A 27     DUMP3:		jsr	NEWLINE
002632  1  20 40 22     		jsr	GETRAM
002635  1  20 6E 25     		jsr	dumpbuf
002638  1  4C 04 26     		jmp	DUMP
00263B  1               
00263B  1  A9 E4        getadr:		lda	#<msgadr
00263D  1  85 00        		sta	PTR
00263F  1  A9 29        		lda	#>msgadr
002641  1  85 01        		sta	PTR+1
002643  1  20 E5 25     		jsr	PRTSTR
002646  1               
002646  1  A9 00        		lda	#0
002648  1  8D B2 27     		sta	WORD
00264B  1  8D B3 27     		sta	WORD+1
00264E  1  A9 04        		lda	#4
002650  1  8D F5 29     		sta	CNT
002653  1               
002653  1  20 76 26     getadr2:	jsr	getnibble
002656  1  C9 10        		cmp	#16
002658  1  B0 1B        		bcs	getadr3
00265A  1  A2 03        		ldx	#3
00265C  1  0E B2 27     getadr4:	asl	WORD
00265F  1  2E B3 27     		rol	WORD+1
002662  1  CA           		dex
002663  1  10 F7        		bpl	getadr4
002665  1  6D B2 27     		adc	WORD
002668  1  8D B2 27     		sta	WORD
00266B  1  90 03        		bcc	getadr1
00266D  1  EE B3 27     		inc	WORD+1
002670  1  CE F5 29     getadr1:	dec	CNT
002673  1  D0 DE        		bne	getadr2
002675  1  60           getadr3:	rts
002676  1               
002676  1  20 3B 27     getnibble:	jsr	GETKEY
002679  1  C9 9B        		cmp	#EOL
00267B  1  F0 21        		beq	getnibex
00267D  1  C9 58        		cmp	#'X'
00267F  1  F0 1D        		beq	getnibex
002681  1  C9 30        		cmp	#'0'
002683  1  90 F1        		bcc	getnibble
002685  1  C9 3A        		cmp	#'9'+1
002687  1  90 0F        		bcc	getnib09
002689  1               
002689  1  C9 41        		cmp	#'A'
00268B  1  90 E9        		bcc	getnibble
00268D  1  C9 47        		cmp	#'F'+1
00268F  1  B0 E5        		bcs	getnibble
002691  1  20 1C 27     		jsr	PRINT
002694  1  38           		sec
002695  1  E9 37        		sbc	#'A'-10
002697  1  60           		rts
002698  1  20 1C 27     getnib09:	jsr	PRINT
00269B  1  38           		sec
00269C  1  E9 30        		sbc	#'0'
00269E  1  60           getnibex:	rts
00269F  1               
00269F  1               ;
00269F  1               ; reads a byte value given in decimal
00269F  1               ;
00269F  1  A2 03        getbyte:	ldx	#3
0026A1  1  8E B4 27     		stx	PACKDEC
0026A4  1  A9 00        		lda	#0
0026A6  1  8D B2 27     		sta	WORD
0026A9  1  8D B3 27     		sta	WORD+1
0026AC  1  20 E3 26     getbyte1:	jsr	getnum
0026AF  1  30 2E        		bmi	getbyteex
0026B1  1  AD B2 27     		lda	WORD
0026B4  1  0A           		asl
0026B5  1  2E B3 27     		rol	WORD+1
0026B8  1  0A           		asl
0026B9  1  2E B3 27     		rol	WORD+1
0026BC  1  6D B2 27     		adc	WORD
0026BF  1  8D B2 27     		sta	WORD
0026C2  1  90 03        		bcc	getbyte2
0026C4  1  EE B3 27     		inc	WORD+1
0026C7  1  0A           getbyte2:	asl
0026C8  1  8D B2 27     		sta	WORD
0026CB  1  2E B3 27     		rol	WORD+1
0026CE  1  98           		tya
0026CF  1  6D B2 27     		adc	WORD
0026D2  1  8D B2 27     		sta	WORD
0026D5  1  90 03        		bcc	getbyte3
0026D7  1  EE B3 27     		inc	WORD+1
0026DA  1  CE B4 27     getbyte3:	dec	PACKDEC
0026DD  1  D0 CD        		bne	getbyte1
0026DF  1  AD B2 27     getbyteex:	lda	WORD
0026E2  1  60           		rts
0026E3  1               
0026E3  1  20 3B 27     getnum:		jsr	GETKEY
0026E6  1  C9 9B        		cmp	#EOL
0026E8  1  F0 0E        		beq	getnumex
0026EA  1  C9 30        		cmp	#'0'
0026EC  1  90 F5        		bcc	getnum
0026EE  1  C9 3A        		cmp	#'9'+1
0026F0  1  B0 F1        		bcs	getnum
0026F2  1  20 1C 27     		jsr	PRINT
0026F5  1  38           		sec
0026F6  1  E9 30        		sbc	#'0'
0026F8  1  A8           getnumex:	tay
0026F9  1  60           		rts
0026FA  1               
0026FA  1               ;
0026FA  1  48           puthex:		pha
0026FB  1  48           		pha
0026FC  1  4A           		lsr
0026FD  1  4A           		lsr
0026FE  1  4A           		lsr
0026FF  1  4A           		lsr
002700  1  20 0B 27     		jsr	putnib
002703  1  68           		pla
002704  1  29 0F        		and	#$0f
002706  1  20 0B 27     		jsr	putnib
002709  1  68           		pla
00270A  1  60           		rts
00270B  1               
00270B  1  C9 0A        putnib:		cmp	#10
00270D  1  90 02        		bcc	putnib1
00270F  1  69 06        		adc	#6
002711  1  69 30        putnib1:	adc	#'0'
002713  1  4C 1C 27     		jmp	PRINT
002716  1               
002716  1  A9 20        SPACE:		lda	#32
002718  1  D0 02        		bne	PRINT
00271A  1  A9 9B        NEWLINE:	lda	#EOL
00271C  1  48           PRINT:		pha
00271D  1  8A           		txa
00271E  1  48           		pha
00271F  1  98           		tya
002720  1  48           		pha
002721  1  A2 0B        		ldx	#CPUTB
002723  1  8E 42 03     		stx	ICCOM
002726  1  BA           		tsx
002727  1  BD 03 01     		lda	$103,X
00272A  1  A2 00        		ldx	#0
00272C  1  8E 48 03     		stx	ICBLL
00272F  1  8E 49 03     		stx	ICBLH
002732  1  20 56 E4     		jsr	CIOV
002735  1  68           		pla
002736  1  A8           		tay
002737  1  68           		pla
002738  1  AA           		tax
002739  1  68           		pla
00273A  1  60           		rts
00273B  1               
00273B  1  AD 25 E4     GETKEY:		lda	$E425
00273E  1  48           		pha
00273F  1  AD 24 E4     		lda	$E424
002742  1  48           		pha
002743  1  60           		rts
002744  1               ;
002744  1  20 7A 27     PRTWORD:	jsr	WORD2D
002747  1  A2 00        		ldx	#0
002749  1  A0 00        		ldy	#0
00274B  1  B9 B4 27     PRTWRD1:	lda	PACKDEC,Y
00274E  1  4A           		lsr
00274F  1  4A           		lsr
002750  1  4A           		lsr
002751  1  4A           		lsr
002752  1  20 6C 27     		jsr	PRTNIB
002755  1  C0 02        		cpy	#2
002757  1  D0 01        		bne	PRTWRD2
002759  1  E8           		inx
00275A  1  B9 B4 27     PRTWRD2:	lda	PACKDEC,Y
00275D  1  29 0F        		and	#15
00275F  1  20 6C 27     		jsr	PRTNIB
002762  1  C8           		iny
002763  1  C0 03        		cpy	#3
002765  1  D0 E4        		bne	PRTWRD1
002767  1  A2 00        		ldx	#0
002769  1  4C 1A 27     		jmp	NEWLINE
00276C  1               
00276C  1  D0 05        PRTNIB:		bne	PRTNIB1
00276E  1  E0 00        		cpx	#0
002770  1  D0 01        		bne	PRTNIB1
002772  1  60           		rts
002773  1               
002773  1  E8           PRTNIB1:	inx
002774  1  18           		clc
002775  1  69 30        		adc	#'0'
002777  1  4C 1C 27     		jmp	PRINT
00277A  1               
00277A  1               
00277A  1  8E B3 27     WORD2D:		stx	WORD+1
00277D  1  8D B2 27     		sta	WORD
002780  1               
002780  1  A2 02        		ldx	#2
002782  1  A9 00        		lda	#0
002784  1  9D B4 27     WORD2D1:	sta	PACKDEC,X
002787  1  CA           		dex
002788  1  10 FA        		bpl	WORD2D1
00278A  1               
00278A  1  F8           		sed
00278B  1  A2 10        		ldx	#16
00278D  1               
00278D  1  0E B2 27     WORD2D3:	asl	WORD
002790  1  2E B3 27     		rol	WORD+1
002793  1               
002793  1  A0 02        		ldy	#2
002795  1  B9 B4 27     WORD2D2:	lda	PACKDEC,Y
002798  1  79 B4 27     		adc	PACKDEC,Y
00279B  1  99 B4 27     		sta	PACKDEC,Y
00279E  1  88           		dey
00279F  1  10 F4        		bpl	WORD2D2
0027A1  1               
0027A1  1  CA           		dex
0027A2  1  D0 E9        		bne	WORD2D3
0027A4  1               
0027A4  1  D8           		cld
0027A5  1  60           		rts
0027A6  1               
0027A6  1               ;
0027A6  1               ;
0027A6  1               ;
0027A6  1               
0027A6  1               ;
0027A6  1               ; VAR + CONST
0027A6  1               ;
0027A6  1               
0027A6  1               PERCOM:
0027A6  1  00           PERTRK:		.byte	0
0027A7  1  00           PERSTP:		.byte	0
0027A8  1  00 00        PERSEC:		.word	0
0027AA  1  00           PERHEA:		.byte	0
0027AB  1  00           PERDEN:		.byte	0
0027AC  1  00 00        PERBYT:		.word	0
0027AE  1  00           PERSTA:		.byte	0
0027AF  1  00           PERRAT:		.byte	0
0027B0  1  00           PERX01:		.byte	0
0027B1  1  00           PERX02:		.byte	0
0027B2  1               
0027B2  1  00 00        WORD:		.word	0
0027B4  1  00 00 00     PACKDEC:	.byte	0,0,0
0027B7  1               
0027B7  1  7D           SALLYMSG:	.byte	CLS
0027B8  1  2A 2A 2A 2A  		.byte	"******************", EOL
0027BC  1  2A 2A 2A 2A  
0027C0  1  2A 2A 2A 2A  
0027CB  1  2A 20 53 61  		.byte	"* Sally 2 tools  *", EOL
0027CF  1  6C 6C 79 20  
0027D3  1  32 20 74 6F  
0027DE  1  2A 2A 2A 2A  		.byte	"******************", EOL
0027E2  1  2A 2A 2A 2A  
0027E6  1  2A 2A 2A 2A  
0027F1  1  9B           		.byte	EOL
0027F2  1  3F 20 2D 20  		.byte	"? - Get speedbyte", EOL
0027F6  1  47 65 74 20  
0027FA  1  73 70 65 65  
002804  1  44 20 2D 20  		.byte	"D - Dump memory", EOL
002808  1  44 75 6D 70  
00280C  1  20 6D 65 6D  
002814  1  47 20 2D 20  		.byte	"G - Goto address", EOL
002818  1  47 6F 74 6F  
00281C  1  20 61 64 64  
002825  1  46 20 2D 20  		.byte	"F - Format", EOL
002829  1  46 6F 72 6D  
00282D  1  61 74 9B     
002830  1  4E 20 2D 20  		.byte	"N - Test NACK (Cmd 'X')", EOL
002834  1  54 65 73 74  
002838  1  20 4E 41 43  
002848  1  50 20 2D 20  		.byte	"P - Percom Block Config", EOL
00284C  1  50 65 72 63  
002850  1  6F 6D 20 42  
002860  1  52 20 2D 20  		.byte	"R - Read Sector", EOL
002864  1  52 65 61 64  
002868  1  20 53 65 63  
002870  1  53 20 2D 20  		.byte	"S - Get Status", EOL
002874  1  47 65 74 20  
002878  1  53 74 61 74  
00287F  1  54 20 2D 20  		.byte	"T - Test (read) all sectors", EOL
002883  1  54 65 73 74  
002887  1  20 28 72 65  
00289B  1  55 20 2D 20  		.byte	"U - upload sally2.com", EOL
00289F  1  75 70 6C 6F  
0028A3  1  61 64 20 73  
0028B1  1  56 20 2D 20  		.byte	"V - Show Sally 2 version", EOL
0028B5  1  53 68 6F 77  
0028B9  1  20 53 61 6C  
0028CA  1  58 20 2D 20  		.byte	"X - EXIT", EOL
0028CE  1  45 58 49 54  
0028D2  1  9B           
0028D3  1  00           		.byte	0
0028D4  1               
0028D4  1  9B           PERTXT0:	.byte	EOL
0028D5  1  44 69 73 70  		.byte	"Display PERCOM for"
0028D9  1  6C 61 79 20  
0028DD  1  50 45 52 43  
0028E7  1  20 55 6E 69  		.byte	" Unit (1-8 / x)?"
0028EB  1  74 20 28 31  
0028EF  1  2D 38 20 2F  
0028F7  1  00           		.byte	0
0028F8  1               
0028F8  1  9B           PERTXT1:	.byte	EOL
0028F9  1  2A 2A 2A 2A  		.byte	"****************"
0028FD  1  2A 2A 2A 2A  
002901  1  2A 2A 2A 2A  
002909  1  9B           		.byte	EOL
00290A  1  2A 20 50 45  		.byte	"* PERCOM BLOCK *"
00290E  1  52 43 4F 4D  
002912  1  20 42 4C 4F  
00291A  1  9B           		.byte	EOL
00291B  1  2A 2A 2A 2A  		.byte	"****************"
00291F  1  2A 2A 2A 2A  
002923  1  2A 2A 2A 2A  
00292B  1  9B           		.byte	EOL
00292C  1  55 6E 69 74  MSGDUNIT:	.byte	"Unit       : "
002930  1  20 20 20 20  
002934  1  20 20 20 3A  
002939  1  00           		.byte	0
00293A  1               
00293A  1  54 72 61 63  MSGTRK:		.byte	"Tracks     : "
00293E  1  6B 73 20 20  
002942  1  20 20 20 3A  
002947  1  00           		.byte	0
002948  1  53 74 65 70  		.byte	"Step       : "
00294C  1  20 20 20 20  
002950  1  20 20 20 3A  
002955  1  00           		.byte	0
002956  1  53 65 63 2F  MSGSEC:		.byte	"Sec/Trk    : "
00295A  1  54 72 6B 20  
00295E  1  20 20 20 3A  
002963  1  00           		.byte	0
002964  1  48 65 61 64  MSGHEA:		.byte	"Heads (0-1): "
002968  1  73 20 28 30  
00296C  1  2D 31 29 3A  
002971  1  00           		.byte	0
002972  1  44 65 6E 73  MSGDEN:		.byte	"Density    : "
002976  1  69 74 79 20  
00297A  1  20 20 20 3A  
00297F  1  00           		.byte	0
002980  1  42 79 74 2F  MSGBYT:		.byte	"Byt/Sec    : "
002984  1  53 65 63 20  
002988  1  20 20 20 3A  
00298D  1  00           		.byte	0
00298E  1  53 65 6C 65  		.byte	"Select     : "
002992  1  63 74 20 20  
002996  1  20 20 20 3A  
00299B  1  00           		.byte	0
00299C  1  53 65 72 52  		.byte	"SerRate    : "
0029A0  1  61 74 65 20  
0029A4  1  20 20 20 3A  
0029A9  1  00           		.byte	0
0029AA  1  D4 72 61 63  		.byte	'T'+128, "racks ", 'S'+128, "ecs ", 'H'+128, "eads ", 'D'+128, "ensity ", 'B'+128, "ytes", EOL
0029AE  1  6B 73 20 D3  
0029B2  1  65 63 73 20  
0029CA  1  D7 72 69 74  		.byte	'W'+128, "rite  ", 'E', 'x'+128, "it", EOL
0029CE  1  65 20 20 45  
0029D2  1  F8 69 74 9B  
0029D6  1  00           		.byte	0
0029D7  1               
0029D7  1  44 3A 53 41  sallycom:	.byte	"D:SALLY2.COM",EOL
0029DB  1  4C 4C 59 32  
0029DF  1  2E 43 4F 4D  
0029E4  1  61 64 64 72  msgadr:		.byte	"address:",0
0029E8  1  65 73 73 3A  
0029EC  1  00           
0029ED  1  00 00        ATADR:		.word	0
0029EF  1  00 00        SALLYADR:	.word	0
0029F1  1  00 00        SALLYLEN:	.word	0
0029F3  1  00 00        DUMPADR:	.word	0
0029F5  1  00           CNT:		.byte	0
0029F6  1  00           BUFFER:		.byte	0
0029F6  1               
