   1:     -	0030          	LATCH		equ	30h
   2:     -	0040          	CMDREG		equ	40h
   3:     -	0040          	STSREG		equ	40h
   4:     -	0041          	TRKREG		equ	41h
   5:     -	0042          	SECREG		equ	42h
   6:     -	0043          	DATREG		equ	43h
   7:				
   8:     -	0088          	READSEC		equ	88h
   9:     -	00D0          	FORCEINT	equ	0d0h
  10:     -	0001          	RESTORE		equ	01h
  11:     -	004B          	STEPIN		equ	04bh
  12:				
  13:     -	0000          	NULL		equ	000h
  14:     -	000D          	CR			equ	00dh
  15:     -	000A          	LF			equ	00ah
  16:				
  17:				
  18:     -	0100          	     		ORG	00100h
  19:				;
  20:				; Disassembly of the file "C:\github\Sally-1\ATR8000-CPM\ddinit.com"
  21:				; 
  22:				; CPU Type: Z80
  23:				; 
  24:				; Created with dZ80 2.0
  25:				; 
  26:				; on Saturday, 24 of August 2024 at 11:42 AM
  27:				; 
  28:    0+10	0100  31690C  	     		ld	sp,0c69h
  29:   10+10	0103  011800  	     		ld	bc,0018h			;c = 24
  30:   20+11	0106  C5      	l0106:		push	bc
  31:   31+17	0107  CD1507  	     		call	printstr
  32:     -	010A  0D0A00  			db	CR, LF,NULL
  33:   48+10	010D  C1      	     		pop	bc
  34:   58+19	010E  E3      	l010e:		ex	(sp),hl
  35:   77+19	010F  E3      	     		ex	(sp),hl
  36:   96+19	0110  E3      	     		ex	(sp),hl
  37:  115+19	0111  E3      	     		ex	(sp),hl
  38:  134+8+5	0112  10FA    	     		djnz	l010e				;waste some time		
  39:  142+4	0114  0D      	     		dec	c
  40:  146+7+5	0115  20EF    	     		jr	nz,l0106			;24 x newline
  41:						
  42:  153+17	0117  CD1507  	     		call	printstr
  43:     -	011A  2E2E2E2E			db	".... ATR8000 Disk Formatter  2.1 ....",CR, LF,LF,NULL
	              20415452
	              38303030
	              20446973
	              6B20466F
	              726D6174
	              74657220
	              20322E31
	              202E2E2E
	              2E0D0A0A
	              00
  44:						
  45:  170+13	0143  3A1802  	      		ld	a,(0218h)			;first time called?
  46:  183+4	0146  B7      	     		or	a
  47:  187+10	0147  C21902  	     		jp	nz,0219h
  48:  197+7	014A  3E01    	     		ld	a,01h
  49:  204+13	014C  321802  	     		ld	(0218h),a
  50:						
  51:  217+17	014F  CD1507  	     		call	printstr
  52:     -	0152  54686973			db	"This program erases all recorded data",CR, LF
	              2070726F
	              6772616D
	              20657261
	              73657320
	              616C6C20
	              7265636F
	              72646564
	              20646174
	              610D0A
  53:     -	0179  696E2074			db	"in the process of formatting. Please",CR, LF
	              68652070
	              726F6365
	              7373206F
	              6620666F
	              726D6174
	              74696E67
	              2E20506C
	              65617365
	              0D0A
  54:     -	019F  72656D6F			db	"remove any valuable diskettes before",CR, LF
	              76652061
	              6E792076
	              616C7561
	              626C6520
	              6469736B
	              65747465
	              73206265
	              666F7265
	              0D0A
  55:     -	01C5  70726F63			db	"proceeding ... ", NULL
	              65656469
	              6E67202E
	              2E2E2000
  56:						
  57:  234+10	01D5  210000  	l01d5:		ld	hl,0000h
  58:  244+11	01D8  E5      	l01d8:		push	hl
  59:  255+17	01D9  CDB506  	     		call	const
  60:  272+10	01DC  E1      	     		pop	hl
  61:  282+7+5	01DD  2007    	l01dd:		jr	nz,l01e6		; (+07h)
  62:  289+6	01DF  2B      	     		dec	hl
  63:  295+4	01E0  7C      	     		ld	a,h
  64:  299+4	01E1  B5      	     		or	l
  65:  303+7+5	01E2  20F4    	     		jr	nz,l01d8		; (-0ch)
  66:  310+12	01E4  1803    	     		jr	l01e9		; (+03h)
  67:						
  68:  322+17	01E6  CD9E06  	l01e6:		call	getupper
  69:  339+11	01E9  F5      	l01e9:		push	af
  70:  350+17	01EA  CD1507  	     		call	printstr
  71:     -	01ED  0D0A00  			db	CR, LF, NULL
  72:  367+10	01F0  F1      	     		pop	af
  73:  377+7	01F1  FE03    	l01f1:		cp	03h
  74:  384+7+5	01F3  2024    	     		jr	nz,l0219		; (+24h)
  75:  391+17	01F5  CD1507  	     		call	printstr
  76:     -	01F8  0D0A0A72			db	CR, LF, LF, "returning to CP/M ... ", CR, LF, LF, NULL
	              65747572
	              6E696E67
	              20746F20
	              43502F4D
	              202E2E2E
	              200D0A0A
	              00
  77:  408+10	0215  C30000  	     		jp	0000h
  78:						
  79:  418+4	0218  00      	l0218:		nop
  80:  422+17	0219  CD1507  	l0219:		call	printstr
  81:     -	021C  0D0A    			db	CR, LF
  82:     -	021E  2D2D2D20			db	"--- Disk Format Menu ---", CR, LF, LF
	              4469736B
	              20466F72
	              6D617420
	              4D656E75
	              202D2D2D
	              0D0A0A
  83:     -	0239  20202064			db	"   density   sector size",CR, LF
	              656E7369
	              74792020
	              20736563
	              746F7220
	              73697A65
	              0D0A
  84:     -	0253  2020202D			db	"   -------   -----------",CR, LF
	              2D2D2D2D
	              2D2D2020
	              202D2D2D
	              2D2D2D2D
	              2D2D2D2D
	              0D0A
  85:     -	026D  31292073			db	"1) single     128 bytes",CR, LF
	              696E676C
	              65202020
	              20203132
	              38206279
	              7465730D
	              0A
  86:     -	0286  32292064			db	"2) double     256 bytes",CR, LF
	              6F75626C
	              65202020
	              20203235
	              36206279
	              7465730D
	              0A
  87:     -	029F  33292064			db	"3) double     512 bytes",CR, LF
	              6F75626C
	              65202020
	              20203531
	              32206279
	              7465730D
	              0A
  88:     -	02B8  34292064			db	"4) double    1024 bytes", CR, LF, LF
	              6F75626C
	              65202020
	              20313032
	              34206279
	              7465730D
	              0A0A
  89:     -	02D2  656E7465			db	"enter number of format (1 thru 4) ... ", NULL
	              72206E75
	              6D626572
	              206F6620
	              666F726D
	              61742028
	              31207468
	              72752034
	              29202E2E
	              2E2000
  90:				
  91:  439+17	02F9  CDC706  	l02f9:		call	06c7h
  92:  456+7	02FC  FE31    	     		cp	31h
  93:  463+7+5	02FE  38F9    	     		jr	c,l02f9
  94:  470+7	0300  FE35    	     		cp	35h
  95:  477+7+5	0302  30F5    	     		jr	nc,l02f9
  96:  484+7	0304  D631    	     		sub	31h
  97:  491+13	0306  327B06  	     		ld	(067bh),a			;sector size 
  98:						
  99:  504+17	0309  CD1507  			call	printstr
 100:     -	030C  0D0A656E			db	CR, LF, "enter drive name (A,B,C or D) ....... ", NULL
	              74657220
	              64726976
	              65206E61
	              6D652028
	              412C422C
	              43206F72
	              20442920
	              2E2E2E2E
	              2E2E2E20
	              00
 101:  521+17	0335  CDC706  	l0335:		call	06c7h
 102:  538+7	0338  FE41    	     		cp	41h
 103:  545+7+5	033A  38F9    	     		jr	c,l0335
 104:  552+7	033C  FE45    	     		cp	45h
 105:  559+7+5	033E  30F5    	     		jr	nc,l0335
 106:  566+7	0340  D641    	     		sub	41h
 107:  573+13	0342  328206  	     		ld	(0682h),a			;drive no
 108:  586+4	0345  AF      	     		xor	a
 109:  590+13	0346  328006  	     		ld	(0680h),a			;bits 7: single / double = 1
 110:  603+17	0349  CD1507  	l0349:		call	printstr
 111:     -	034C  0D0A7369			db	CR, LF, "single or double sided (S or D) ..... ", NULL
	              6E676C65
	              206F7220
	              646F7562
	              6C652073
	              69646564
	              20285320
	              6F722044
	              29202E2E
	              2E2E2E20
	              00
 112:						
 113:  620+17	0375  CDC706  	l0375:		call	06c7h
 114:  637+7	0378  FE53    	     		cp	53h
 115:  644+7+5	037A  2809    	     		jr	z,l0385
 116:  651+7	037C  FE44    	     		cp	44h
 117:  658+7+5	037E  20F5    	     		jr	nz,l0375
 118:  665+10	0380  218006  	     		ld	hl,0680h
 119:  675+15	0383  CBFE    	     		set	7,(hl)
 120:  690+17	0385  CD1507  	l0385:		call	printstr
 121:     -	0388  0D0A00  			db	CR, LF, NULL
 122:  707+13	038B  3A8206  			ld      a,(0682h)
 123:  720+7	038E  C641    			add     a,41h
 124:  727+13	0390  32BC03  			ld      (03bch),a
 125:						
 126:						
 127:  740+17	0393  CD1507  			call	printstr
 128:     -	0396  0D0A7072			db	CR, LF, "press <Y> when ready to format disk A",CR, LF
	              65737320
	              3C593E20
	              7768656E
	              20726561
	              64792074
	              6F20666F
	              726D6174
	              20646973
	              6B20410D
	              0A
 129:     -	03BF  6F72203C			db	"or <CTL-C> to exit to CP/M ... ", NULL
	              43544C2D
	              433E2074
	              6F206578
	              69742074
	              6F204350
	              2F4D202E
	              2E2E2000
 130:						
 131:  757+17	03DF  CD0B07  	l03df:		call	070bh
 132:  774+17	03E2  CD9E06  	     		call	getupper
 133:  791+7	03E5  FE03    	     		cp	03h
 134:  798+10	03E7  CAF501  	     		jp	z,01f5h
 135:  808+7	03EA  FE59    	     		cp	59h		;'Y'
 136:  815+7+5	03EC  2806    	     		jr	z,l03f4		; (+06h)
 137:  822+17	03EE  CD8A06  	     		call	conout
 138:  839+10	03F1  C30001  	     		jp	0100h
 139:						
 140:  849+17	03F4  CD1507  	l03f4:		call	printstr
 141:     -	03F7  0D0A0A00			db	CR, LF, LF, NULL
 142:						
 143:  866+14	03FB  DD218106	     		ld	ix,0681h			;select drive 
 144:  880+17	03FF  CD0FF0  	l03ff:		call	0f00fh
 145:  897+13	0402  3A8906  	     		ld	a,(0689h)
 146:  910+8	0405  CB7F    	     		bit	7,a
 147:  918+7+5	0407  2845    	     		jr	z,l044e		; (+45h)
 148:  925+17	0409  CD1507  	l0409:		call	printstr
 149:     -	040C  2A2A2A20			db	"*** DRIVE NOT READY ***",CR, LF
	              44524956
	              45204E4F
	              54205245
	              41445920
	              2A2A2A0D
	              0A
 150:     -	0425  28647269			db	"(drive door open?  disk in wrong?)",CR, LF, 7, NULL
	              76652064
	              6F6F7220
	              6F70656E
	              3F202064
	              69736B20
	              696E2077
	              726F6E67
	              3F290D0A
	              0700
 151:  942+10	044B  C38B03  	l044b:		jp	038bh
 152:				
 153:  952+8	044E  CB77    	l044e:		bit	6,a
 154:  960+7+5	0450  283B    	     		jr	z,l048d		; (+3bh)
 155:  967+17	0452  CD1507  	     		call	printstr
 156:     -	0455  2A2A2A20			db	"*** WRITE PROTECTED ***",CR, LF
	              57524954
	              45205052
	              4F544543
	              54454420
	              2A2A2A0D
	              0A
 157:     -	046E  28636865			db	"(check write protect tab)",CR, LF, NULL
	              636B2077
	              72697465
	              2070726F
	              74656374
	              20746162
	              290D0A00
 158:  984+10	048A  C38B03  	     		jp	038bh
 159:						
 160:  994+17	048D  CD1507  	l048d:		call	printstr
 161:     -	0490  0D0A00  			db	CR, LF, NULL
 162:						
 163: 1011+10	0493  210000  	     		ld	hl,0000h
 164: 1021+16	0496  223606  	     		ld	(0636h),hl
 165: 1037+16	0499  223806  	     		ld	(0638h),hl
 166: 1053+13	049C  3A7B06  	     		ld	a,(067bh)			;sector size lo
 167: 1066+4	049F  B7      	     		or	a
 168: 1070+13	04A0  3A8706  	     		ld	a,(0687h)
 169: 1083+7+5	04A3  2804    	     		jr	z,l04a9		; (+04h)
 170: 1090+8	04A5  CBBF    	     		res	7,a
 171: 1098+12	04A7  1802    	l04a7:		jr	l04ab		; (+02h)
 172: 1110+8	04A9  CBFF    	l04a9:		set	7,a				;if sec size lo = 0, set bit 7 in 687h
 173: 1118+13	04AB  328706  	l04ab:		ld	(0687h),a
 174: 1131+10	04AE  213B06  	     		ld	hl,063bh
 175: 1141+8	04B1  CB77    	l04b1:		bit	6,a
 176: 1149+7+5	04B3  2803    	     		jr	z,l04b8		; (+03h)
 177: 1156+10	04B5  215706  	     		ld	hl,0657h
 178: 1166+10	04B8  117306  	l04b8:		ld	de,0673h
 179: 1176+10	04BB  010700  	     		ld	bc,0007h
 180: 1186+13	04BE  3A7B06  	     		ld	a,(067bh)
 181: 1199+7	04C1  E603    	     		and	03h
 182: 1206+7+5	04C3  2804    	     		jr	z,l04c9		; (+04h)
 183: 1213+11	04C5  09      	l04c5:		add	hl,bc
 184: 1224+4	04C6  3D      	     		dec	a
 185: 1228+7+5	04C7  20FC    	     		jr	nz,l04c5		; (-04h)
 186: 1235+16+5	04C9  EDB0    	l04c9:		ldir
 187:				
 188: 1251+13	04CB  3A7706  	     		ld	a,(0677h)
 189: 1264+4	04CE  67      	     		ld	h,a
 190: 1268+13	04CF  3A7506  	     		ld	a,(0675h)
 191: 1281+4	04D2  6F      	     		ld	l,a
 192: 1285+17	04D3  CDA109  	l04d3:		call	09a1h
 193: 1302+16	04D6  2A0100  	     		ld	hl,(0001h)
 194: 1318+10	04D9  011800  	     		ld	bc,0018h
 195: 1328+11	04DC  09      	     		add	hl,bc
 196: 1339+13	04DD  3A8206  	     		ld	a,(0682h)
 197: 1352+4	04E0  4F      	     		ld	c,a
 198: 1356+7	04E1  0600    	     		ld	b,00h
 199: 1363+10	04E3  11FFFF  	     		ld	de,0ffffh
 200: 1373+17	04E6  CDC205  	     		call	05c2h
 201: 1390+10	04E9  012300  	     		ld	bc,0023h
 202: 1400+11	04EC  09      	l04ec:		add	hl,bc
 203: 1411+7	04ED  7E      	l04ed:		ld	a,(hl)
 204: 1418+4	04EE  B7      	     		or	a
 205: 1422+7+5	04EF  2803    	     		jr	z,l04f4		 
 206: 1429+13	04F1  327606  	     		ld	(0676h),a
 207: 1442+13	04F4  3A8000  	l04f4:		ld	a,(0080h)
 208: 1455+7	04F7  FE03    	     		cp	03h
 209: 1462+7+5	04F9  2037    	     		jr	nz,l0532		
 210: 1469+16	04FB  2A8100  	     		ld	hl,(0081h)
 211: 1485+10	04FE  01202F  	     		ld	bc,2f20h
 212: 1495+4	0501  B7      	     		or	a
 213: 1499+15	0502  ED42    	     		sbc	hl,bc
 214: 1514+7+5	0504  202C    	     		jr	nz,l0532		
 215: 1521+13	0506  3A8300  	     		ld	a,(0083h)
 216: 1534+7	0509  FE30    	     		cp	30h
 217: 1541+7+5	050B  200D    	     		jr	nz,l051a		
 218: 1548+10	050D  21D609  	     		ld	hl,09d6h
 219: 1558+13	0510  3A7706  	     		ld	a,(0677h)
 220: 1571+11	0513  35      	l0513:		dec	(hl)
 221: 1582+6	0514  23      	     		inc	hl
 222: 1588+4	0515  3D      	     		dec	a
 223: 1592+7+5	0516  20FB    	     		jr	nz,l0513		 
 224: 1599+12	0518  1818    	     		jr	l0532		 
 225: 1611+7	051A  3E50    	l051a:		ld	a,50h			;80 tracks
 226: 1618+13	051C  327606  	     		ld	(0676h),a
 227: 1631+4	051F  AF      	     		xor	a
 228: 1635+13	0520  327F06  	     		ld	(067fh),a
 229: 1648+13	0523  3A8300  	     		ld	a,(0083h)
 230: 1661+7	0526  FE44    	     		cp	44h
 231: 1668+7+5	0528  2008    	     		jr	nz,l0532
 232: 1675+7	052A  3E28    	     		ld	a,28h			;40 tracks
 233: 1682+13	052C  327F06  	     		ld	(067fh),a
 234: 1695+13	052F  327606  	     		ld	(0676h),a
 235: 1708+4	0532  F3      	l0532:		di
 236: 1712+7	0533  3E03    	     		ld	a,03h
 237: 1719+11	0535  D383    	     		out	(83h),a
 238: 1730+4	0537  FB      	     		ei
 239: 1734+17	0538  CD7707  	     		call	l0777
 240: 1751+11	053B  DB41    	     		in	a,(TRKREG)
 241: 1762+11	053D  D343    	     		out	(DATREG),a
 242: 1773+7	053F  3E10    	     		ld	a,10h			;FDC seek
 243: 1780+11	0541  D340    	     		out	(CMDREG),a
 244: 1791+4	0543  AF      	     		xor	a
 245: 1795+11	0544  D330    	     		out	(LATCH),a
 246: 1806+17	0546  CD1507  	     		call	printstr
 247:     -	0549  0D0A0A00			db	CR, LF, LF, NULL
 248: 1823+10	054D  217606  	     		ld	hl,0676h
 249: 1833+13	0550  3A7A06  	     		ld	a,(067ah)
 250: 1846+4	0553  3C      	     		inc	a
 251: 1850+7	0554  BE      	     		cp	(hl)
 252: 1857+7+5	0555  3012    	     		jr	nc,l0569		; (+12h)
 253: 1864+17	0557  CD1507  	     		call	printstr
 254:     -	055A  61626F72			db	"aborted ... ", NULL
	              74656420
	              2E2E2E20
	              00
 255: 1881+12	0567  180D    	l0567:		jr	l0576		; (+0dh)
 256:				
 257: 1893+17	0569  CD1507  	l0569:		call	printstr
 258:     -	056C  646F6E65			db	"done ... ", NULL
	              202E2E2E
	              2000
 259:						
 260: 1910+16	0576  2A3606  	l0576:		ld	hl,(0636h)
 261: 1926+4	0579  7C      	     		ld	a,h
 262: 1930+4	057A  B5      	     		or	l
 263: 1934+7+5	057B  201D    	     		jr	nz,l059a		; (+1dh)
 264: 1941+17	057D  CD1507  	     		call	printstr
 265:     -	0580  6E6F2062			db	"no bad sectors detected", NULL
	              61642073
	              6563746F
	              72732064
	              65746563
	              74656400
 266: 1958+12	0598  181F    	     		jr	l05b9		; (+1fh)
 267: 1970+16	059A  2A3606  	l059a:		ld	hl,(0636h)
 268: 1986+17	059D  CD2B07  	     		call	072bh
 269: 2003+17	05A0  CD1507  	l05a0:		call	printstr
 270:     -	05A3  20626164			db	" bad sectors detected", NULL
	              20736563
	              746F7273
	              20646574
	              65637465
	              6400
 271:						
 272: 2020+17	05B9  CD1507  	l05b9:		call	printstr
 273:     -	05BC  0D0A00  			db	CR, LF, NULL
 274: 2037+10	05BF  C38B03  	     		jp	038bh
 275:						
 276: 2047+4	05C2  E9      	     		jp	(hl)
 277:						
 278: 2051+17	05C3  CD1507  	prttrack:     	call	printstr
 279:     -	05C6  0D545241			db	CR, "TRACK ", NULL
	              434B2000
 280:						
 281: 2068+13	05CE  3A7F06  	l05ce:		ld	a,(067fh)
 282: 2081+4	05D1  B7      	     		or	a
 283: 2085+13	05D2  3A7A06  	     		ld	a,(067ah)
 284: 2098+7+5	05D5  2801    	     		jr	z,l05d8		; (+01h)
 285: 2105+4	05D7  87      	     		add	a,a
 286: 2109+7	05D8  2600    	l05d8:		ld	h,00h
 287: 2116+4	05DA  6F      	     		ld	l,a
 288: 2120+17	05DB  CD2B07  	     		call	072bh
 289: 2137+13	05DE  3A8006  	     		ld	a,(0680h)
 290: 2150+8	05E1  CB7F    	     		bit	7,a
 291: 2158+7+5	05E3  2815    	     		jr	z,l05fa		; (+15h)
 292: 2165+17	05E5  CD1507  	     		call	printstr
 293:     -	05E8  20205349			db	"  SIDE ", NULL
	              44452000
 294:						
 295: 2182+13	05F0  3A3A06  	l05f0:		ld	a,(063ah)
 296: 2195+7	05F3  E601    	     		and	01h
 297: 2202+7	05F5  C630    	     		add	a,30h
 298: 2209+17	05F7  CD8A06  	     		call	conout
 299: 2226+16	05FA  2A3606  	l05fa:		ld	hl,(0636h)
 300: 2242+20	05FD  ED5B3806	     		ld	de,(0638h)
 301: 2262+4	0601  B7      	     		or	a
 302: 2266+15	0602  ED52    	     		sbc	hl,de
 303: 2281+7+5	0604  282C    	     		jr	z,l0632		; (+2ch)
 304: 2288+17	0606  CD1507  	     		call	printstr
 305:     -	0609  0720202A	     		db	07, "  *** ", NULL
	              2A2A2000
 306: 2305+17	0611  CD2B07  	l0611:		call	072bh
 307: 2322+17	0614  CD1507  	     		call	printstr
 308:     -	0617  20626164			db	" bad sector(s) ***",CR, LF, NULL
	              20736563
	              746F7228
	              7329202A
	              2A2A0D0A
	              00
 309: 2339+16	062C  2A3606  	l062c:		ld	hl,(0636h)
 310: 2355+16	062F  223806  	     		ld	(0638h),hl
 311: 2371+17	0632  CDF906  	l0632:		call	06f9h
 312: 2388+10	0635  C9      	     		ret
 313:				
 314: 2398+4	0636  00      	     		nop
 315: 2402+4	0637  00      	     		nop
 316: 2406+4	0638  00      	     		nop
 317: 2410+4	0639  00      	     		nop
 318: 2414+4	063A  00      	     		nop
 319: 2418+7	063B  D60A    	     		sub	0ah
 320: 2425+10	063D  014D1A  	     		ld	bc,1a4dh
 321: 2435+4	0640  58      	     		ld	e,b
 322: 2439+4	0641  14      	     		inc	d
 323: 2443+4	0642  FB      	     		ei
 324: 2447+7	0643  0A      	     		ld	a,(bc)
 325: 2454+6	0644  03      	     		inc	bc
 326: 2460+4	0645  4D      	     		ld	c,l
 327: 2464+7	0646  1A      	     		ld	a,(de)
 328: 2471+4	0647  B0      	     		or	b
 329: 2475+7+5	0648  2824    	     		jr	z,l066e		; (+24h)
 330: 2482+6	064A  0B      	     		dec	bc
 331: 2488+6	064B  03      	     		inc	bc
 332: 2494+4	064C  4D      	     		ld	c,l
 333:				;     		djnz	l05ff		; (-50h)
 334:     -	064D  10B0    			db 	10h, 0b0h
 335: 2498+7+5	064F  2845    	     		jr	z,l0696		; (+45h)
 336: 2505+6	0651  0B      	l0651:		dec	bc
 337: 2511+6	0652  03      	     		inc	bc
 338: 2517+4	0653  4D      	     		ld	c,l
 339: 2521+11	0654  09      	     		add	hl,bc
 340: 2532+4	0655  B0      	     		or	b
 341: 2536+7+5	0656  2866    	     		jr	z,l06be		; (+66h)
 342: 2543+6	0658  0B      	     		dec	bc
 343: 2549+10	0659  012812  	     		ld	bc,1228h
 344: 2559+11	065C  35      	     		dec	(hl)
 345: 2570+4	065D  0C      	     		inc	c
 346: 2574+4	065E  85      	     		add	a,l
 347: 2578+6	065F  0B      			dec	bc
 348: 2584+6	0660  03      	     		inc	bc
 349: 2590+7+5	0661  2812    	     		jr	z,l0675		; (+12h)
 350: 2597+4	0663  6A      	     		ld	l,d
 351:				;     		jr	l060c		; (-5ah)
 352:     -	0664  18A6    			db	18h, 0a6h
 353: 2601+6	0666  0B      	     		dec	bc
 354: 2607+6	0667  03      			inc	bc
 355: 2613+7+5	0668  280A    	     		jr	z,l0674		; (+0ah)
 356: 2620+4	066A  6A      	     		ld	l,d
 357:     -	066B          	l060c:     	;jr	l05ff;		l0634		; (-39h)
 358:     -	066B  18C7    			db	18h, 0c7h
 359: 2624+6	066D  0B      	     		dec	bc
 360: 2630+6	066E  03      	l066e:		inc	bc
 361: 2636+7+5	066F  2805    	     		jr	z,l0676		; (+05h)
 362: 2643+4	0671  6A      	     		ld	l,d
 363: 2647+12	0672  1800    	     		jr	l0674		; (+00h)
 364: 2659+4	0674  00      	l0674:		nop
 365: 2663+4	0675  00      	l0675:		nop
 366: 2667+4	0676  00      	l0676:		nop
 367: 2671+4	0677  00      	     		nop
 368: 2675+4	0678  00      	     		nop
 369: 2679+4	0679  00      	     		nop
 370: 2683+4	067A  00      	     		nop
 371: 2687+4	067B  00      	l067b:		nop
 372: 2691+4	067C  00      	     		nop
 373: 2695+4	067D  00      	     		nop
 374: 2699+4	067E  00      	     		nop
 375: 2703+4	067F  00      	     		nop
 376: 2707+4	0680  00      	     		nop
 377: 2711+4	0681  00      	     		nop
 378: 2715+4	0682  00      	     		nop
 379: 2719+4	0683  00      	     		nop
 380: 2723+4	0684  00      	     		nop
 381: 2727+4	0685  00      	     		nop
 382: 2731+4	0686  00      	     		nop
 383: 2735+4	0687  00      	     		nop
 384: 2739+4	0688  00      	     		nop
 385: 2743+4	0689  00      	     		nop
 386:						
 387: 2747+11	068A  F5      	conout:     	push	af
 388: 2758+11	068B  C5      	     		push	bc
 389: 2769+11	068C  D5      	     		push	de
 390: 2780+11	068D  E5      	     		push	hl
 391: 2791+4	068E  4F      	     		ld	c,a
 392: 2795+16	068F  2A0100  	     		ld	hl,(0001h)			;BIOS
 393: 2811+10	0692  110900  	     		ld	de,0009h			;conout
 394: 2821+11	0695  19      	     		add	hl,de
 395: 2832+17	0696  CDC606  	l0696:		call	callhl
 396: 2849+10	0699  E1      	     		pop	hl
 397: 2859+10	069A  D1      	     		pop	de
 398: 2869+10	069B  C1      	     		pop	bc
 399: 2879+10	069C  F1      	     		pop	af
 400: 2889+10	069D  C9      	     		ret
 401:				
 402: 2899+11	069E  E5      	getupper:     	push	hl
 403: 2910+11	069F  D5      	     		push	de
 404: 2921+11	06A0  C5      	     		push	bc
 405: 2932+16	06A1  2A0100  	     		ld	hl,(0001h)
 406: 2948+10	06A4  110600  	     		ld	de,0006h			;conin
 407: 2958+11	06A7  19      	     		add	hl,de
 408: 2969+17	06A8  CDC606  	     		call	callhl
 409: 2986+7	06AB  FE60    	     		cp	60h
 410: 2993+7+5	06AD  3802    	     		jr	c,l06b1		; (+02h)
 411: 3000+7	06AF  D620    	     		sub	20h
 412: 3007+10	06B1  C1      	l06b1:		pop	bc
 413: 3017+10	06B2  D1      	     		pop	de
 414: 3027+10	06B3  E1      	     		pop	hl
 415: 3037+10	06B4  C9      	     		ret
 416:				
 417: 3047+11	06B5  E5      	const:     	push	hl
 418: 3058+11	06B6  D5      	     		push	de
 419: 3069+11	06B7  C5      	     		push	bc
 420: 3080+16	06B8  2A0100  	     		ld	hl,(0001h)
 421: 3096+10	06BB  110300  	     		ld	de,0003h			;const
 422: 3106+11	06BE  19      	l06be:		add	hl,de
 423: 3117+17	06BF  CDC606  	     		call	callhl
 424: 3134+10	06C2  C1      	     		pop	bc
 425: 3144+10	06C3  D1      	     		pop	de
 426: 3154+10	06C4  E1      	     		pop	hl
 427: 3164+10	06C5  C9      	     		ret
 428:				
 429: 3174+4	06C6  E9      	callhl:    	jp	(hl)
 430:						
 431: 3178+17	06C7  CD1507  	l06c7:		call	printstr
 432:     -	06CA  200800  			db	32, 8, 0
 433: 3195+17	06CD  CD9E06  	l06cd:		call	getupper
 434: 3212+7	06D0  FE03    	     		cp	03h
 435: 3219+10	06D2  CAF501  	     		jp	z,01f5h
 436: 3229+7	06D5  FE20    	     		cp	20h
 437: 3236+7+5	06D7  38F4    	     		jr	c,l06cd		; (-0ch)
 438: 3243+4	06D9  4F      	     		ld	c,a
 439: 3247+17	06DA  CD8A06  	     		call	conout
 440: 3264+17	06DD  CD9E06  	l06dd:		call	getupper
 441: 3281+7	06E0  FE08    	     		cp	08h
 442: 3288+7+5	06E2  2005    	     		jr	nz,l06e9		; (+05h)
 443: 3295+17	06E4  CD8A06  	     		call	conout
 444: 3312+12	06E7  18DE    	     		jr	l06c7		; (-22h)
 445: 3324+7	06E9  FE03    	l06e9:		cp	03h
 446: 3331+10	06EB  CAF501  	     		jp	z,01f5h
 447: 3341+7	06EE  FE0D    	     		cp	0dh
 448: 3348+7+5	06F0  20EB    	     		jr	nz,l06dd		; (-15h)
 449: 3355+17	06F2  CD1507  	     		call	printstr
 450: 3372+4	06F5  08      	     		ex	af,af'
 451: 3376+4	06F6  00      	     		nop
 452: 3380+4	06F7  79      	     		ld	a,c
 453: 3384+10	06F8  C9      	     		ret
 454:				
 455: 3394+13	06F9  3AE80B  	     		ld	a,(0be8h)
 456: 3407+4	06FC  B7      	     		or	a
 457: 3411+5+6	06FD  C0      	     		ret	nz
 458:				
 459: 3416+17	06FE  CDB506  	     		call	const
 460: 3433+4	0701  B7      	     		or	a
 461: 3437+5+6	0702  C8      	     		ret	z
 462:				
 463: 3442+17	0703  CD9E06  	     		call	getupper
 464: 3459+13	0706  32E80B  	     		ld	(0be8h),a
 465: 3472+4	0709  B7      	     		or	a
 466: 3476+10	070A  C9      	     		ret
 467:				
 468: 3486+4	070B  AF      	l070b:		xor	a
 469: 3490+13	070C  32E80B  	     		ld	(0be8h),a
 470: 3503+17	070F  CDF906  	     		call	06f9h
 471: 3520+7+5	0712  20F7    	     		jr	nz,l070b		; (-09h)
 472: 3527+10	0714  C9      	     		ret
 473:				
 474: 3537+19	0715  E3      	printstr:     	ex	(sp),hl
 475: 3556+17	0716  CD1B07  	     		call	printhl
 476: 3573+19	0719  E3      	     		ex	(sp),hl
 477: 3592+10	071A  C9      	     		ret
 478:				
 479: 3602+7	071B  7E      	printhl:	ld	a,(hl)
 480: 3609+6	071C  23      	     		inc	hl
 481: 3615+7	071D  FE00    	     		cp	00h
 482: 3622+5+6	071F  C8      	     		ret	z
 483:				
 484: 3627+17	0720  CD8A06  	     		call	conout
 485: 3644+12	0723  18F6    	     		jr	printhl		; (-0ah)
 486:						
 487:						
 488: 3656+7	0725  3E20    	     		ld	a,20h
 489: 3663+17	0727  CD3107  	     		call	0731h
 490: 3680+10	072A  C9      	     		ret
 491:				
 492: 3690+7	072B  3E00    	     		ld	a,00h
 493: 3697+17	072D  CD3107  	     		call	0731h
 494: 3714+10	0730  C9      	     		ret
 495:				
 496: 3724+11	0731  D5      	     		push	de
 497: 3735+11	0732  C5      	     		push	bc
 498: 3746+4	0733  4F      	     		ld	c,a
 499: 3750+14	0734  FD216D07	     		ld	iy,076dh
 500: 3764+8	0738  CB80    	     		res	0,b
 501: 3772+19	073A  FD5E00  	l073a:		ld	e,(iy+00h)
 502: 3791+10	073D  FD23    	     		inc	iy
 503: 3801+19	073F  FD5600  	     		ld	d,(iy+00h)
 504: 3820+10	0742  FD23    	     		inc	iy
 505: 3830+4	0744  1D      	     		dec	e
 506: 3834+7+5	0745  281D    	     		jr	z,l0764		
 507: 3841+4	0747  AF      	     		xor	a
 508: 3845+15	0748  ED52    	l0748:		sbc	hl,de
 509: 3860+7+5	074A  3803    	     		jr	c,l074f		
 510: 3867+4	074C  3C      	     		inc	a
 511: 3871+12	074D  18F9    	     		jr	l0748		
 512: 3883+11	074F  19      	l074f:		add	hl,de
 513: 3894+7	0750  C630    	     		add	a,30h
 514: 3901+7	0752  FE30    	     		cp	30h
 515: 3908+7+5	0754  2007    	     		jr	nz,l075d	
 516: 3915+8	0756  CB40    	     		bit	0,b
 517: 3923+7+5	0758  2005    	     		jr	nz,l075f	
 518: 3930+4	075A  79      	     		ld	a,c
 519: 3934+12	075B  1802    	     		jr	l075f		
 520: 3946+8	075D  CBC0    	l075d:		set	0,b
 521: 3954+17	075F  CD8A06  	l075f:		call	conout
 522: 3971+12	0762  18D6    	     		jr	l073a		
 523: 3983+4	0764  7D      	l0764:		ld	a,l
 524: 3987+7	0765  C630    	     		add	a,30h
 525: 3994+17	0767  CD8A06  	     		call	conout
 526: 4011+10	076A  C1      	     		pop	bc
 527: 4021+10	076B  D1      	     		pop	de
 528: 4031+10	076C  C9      	     		ret
 529:				
 530: 4041+10	076D  1127E9  	     		ld	de,0e927h
 531: 4051+6	0770  03      	     		inc	bc
 532: 4057+4	0771  65      	     		ld	h,l
 533: 4061+4	0772  00      	     		nop
 534: 4065+6	0773  0B      	     		dec	bc
 535: 4071+4	0774  00      	     		nop
 536:				;     		ld	bc,0af00h
 537:     -	0775  0100    			db	1, 0
 538:						
 539: 4075+4	0777  AF      	l0777:		xor	a
 540: 4079+13	0778  327A06  	     		ld	(067ah),a
 541:				;     		ld	a,0bh				;restore with 3ms no spinup
 542: 4092+7	077B  3E01    	     		ld	a, RESTORE				;restore with 12ms spinup
 543: 4099+17	077D  CD7509  	     		call	cmdtout				;execute cmd
 544: 4116+7	0780  EE04    	     		xor	04h
 545:				;     		and	84h
 546: 4123+7	0782  E604    			and	04h
 547: 4130+10	0784  C2E008  	     		jp	nz,08e0h
 548: 4140+10	0787  21000D  	     		ld	hl,0d00h			;build format code at 00d00h
 549: 4150+13	078A  3A7906  	     		ld	a,(0679h)
 550: 4163+4	078D  3C      	     		inc	a
 551: 4167+4	078E  47      	     		ld	b,a
 552: 4171+10	078F  3676    	l078f:		ld	(hl),76h
 553: 4181+6	0791  23      	     		inc	hl
 554: 4187+10	0792  36ED    	     		ld	(hl),0edh
 555: 4197+6	0794  23      	     		inc	hl
 556: 4203+10	0795  36A3    	     		ld	(hl),0a3h
 557: 4213+6	0797  23      	     		inc	hl
 558: 4219+10	0798  3620    	     		ld	(hl),20h
 559: 4229+6	079A  23      	     		inc	hl
 560: 4235+10	079B  36FB    	     		ld	(hl),0fbh
 561: 4245+6	079D  23      	     		inc	hl
 562: 4251+8+5	079E  10EF    	     		djnz	l078f		; (-11h)
 563:						
 564: 4259+7	07A0  3EC9    	     		ld	a,0c9h
 565: 4266+7	07A2  77      	     		ld	(hl),a
 566: 4273+13	07A3  326600  	     		ld	(0066h),a
 567: 4286+6	07A6  23      	     		inc	hl
 568: 4292+16	07A7  227C06  	     		ld	(067ch),hl
 569: 4308+4	07AA  AF      	     		xor	a
 570: 4312+13	07AB  323A06  	     		ld	(063ah),a
 571: 4325+13	07AE  327A06  	     		ld	(067ah),a
 572: 4338+4	07B1  B7      	     		or	a
 573: 4342+7+5	07B2  280E    	     		jr	z,l07c2		; (+0eh)
 574: 4349+7	07B4  3E4B    	     		ld	a,STEPIN
 575: 4356+17	07B6  CD7509  	     		call	cmdtout				;step-in, no-spinup, 3ms
 576: 4373+13	07B9  3A7F06  	     		ld	a,(067fh)
 577: 4386+4	07BC  B7      	     		or	a
 578: 4390+7	07BD  3E4B    	     		ld	a,STEPIN			;step-in, no-spinup, 3ms
 579: 4397+10+7	07BF  C47509  	     		call	nz,cmdtout
 580: 4407+13	07C2  3A8706  	l07c2:		ld	a,(0687h)
 581: 4420+10	07C5  213A06  	     		ld	hl,063ah
 582: 4430+12	07C8  CB46    	     		bit	0,(hl)
 583: 4442+7+5	07CA  2804    	     		jr	z,l07d0		; (+04h)
 584: 4449+8	07CC  CBEF    	     		set	5,a
 585: 4457+12	07CE  1802    	     		jr	l07d2		; (+02h)
 586: 4469+8	07D0  CBAF    	l07d0:		res	5,a
 587: 4477+11	07D2  D330    	l07d2:		out	(LATCH),a
 588: 4488+20	07D4  DD2A7306	     		ld	ix,(0673h)
 589: 4508+14	07D8  FD21D609	     		ld	iy,09d6h
 590: 4522+17	07DC  CDEE08  	     		call	08eeh
 591: 4539+13	07DF  3A7A06  	     		ld	a,(067ah)
 592: 4552+11	07E2  D341    	     		out	(TRKREG),a
 593: 4563+4	07E4  AF      	     		xor	a
 594: 4567+11	07E5  D356    	     		out	(56h),a
 595: 4578+4	07E7  3C      	     		inc	a
 596: 4582+11	07E8  D354    	     		out	(54h),a
 597: 4593+16	07EA  2A7C06  	     		ld	hl,(067ch)
 598: 4609+4	07ED  F3      	     		di
 599: 4613+13	07EE  3A3A06  	     		ld	a,(063ah)
 600: 4626+8	07F1  CB47    	     		bit	0,a
 601: 4634+7	07F3  3EF4    	     		ld	a,0f4h				;write track with settle time
 602: 4641+7+5	07F5  2802    	     		jr	z,l07f9		; (+02h)
 603: 4648+8	07F7  CBCF    	     		set	1,a
 604: 4656+17	07F9  CD9109  	l07f9:		call	cmdout
 605: 4673+13	07FC  3A7806  	     		ld	a,(0678h)
 606: 4686+4	07FF  47      	     		ld	b,a
 607: 4690+7	0800  0E43    	     		ld	c,43h
 608: 4697+17	0802  CD000D  	     		call	0d00h
 609: 4714+4	0805  FB      	     		ei
 610: 4718+17	0806  CD7809  	     		call	waittout
 611: 4735+13	0809  3A7706  	     		ld	a,(0677h)
 612: 4748+4	080C  47      	     		ld	b,a
 613: 4752+14	080D  DD21D609	     		ld	ix,09d6h
 614: 4766+17	0811  CD6509  	l0811:		call	readsector
 615: 4783+8	0814  CB7F    	     		bit	7,a
 616:				;     		jp	nz,08e0h
 617: 4791+4	0816  00      			nop
 618: 4795+4	0817  00      			nop
 619: 4799+4	0818  00      			nop
 620: 4803+7	0819  E618    	     		and	18h
 621: 4810+7+5	081B  2816    	     		jr	z,l0833		; (+16h)
 622: 4817+17	081D  CD9909  	     		call	force
 623: 4834+17	0820  CD6509  	     		call	readsector
 624: 4851+8	0823  CB7F    	     		bit	7,a
 625:				;     		jp	nz,08e0h
 626: 4859+4	0825  00      			nop
 627: 4863+4	0826  00      			nop
 628: 4867+4	0827  00      			nop
 629: 4871+7	0828  E618    	     		and	18h
 630: 4878+7+5	082A  2807    	     		jr	z,l0833		; (+07h)
 631: 4885+16	082C  2A3606  	     		ld	hl,(0636h)
 632: 4901+6	082F  23      	     		inc	hl
 633: 4907+16	0830  223606  	     		ld	(0636h),hl
 634: 4923+10	0833  DD23    	l0833:		inc	ix
 635: 4933+8+5	0835  10DA    	     		djnz	l0811		; (-26h)
 636: 4941+17	0837  CD9909  	     		call	force
 637: 4958+7	083A  1620    	     		ld	d,20h
 638: 4965+13	083C  3A7E06  	     		ld	a,(067eh)
 639: 4978+7	083F  E603    	     		and	03h
 640: 4985+7+5	0841  2805    	     		jr	z,l0848		; (+05h)
 641: 4992+8	0843  CB22    	l0843:		sla	d
 642: 5000+4	0845  3D      	     		dec	a
 643: 5004+7+5	0846  20FB    	     		jr	nz,l0843		; (-05h)
 644: 5011+13	0848  3A7706  	l0848:		ld	a,(0677h)
 645: 5024+8	084B  CB3F    	     		srl	a
 646: 5032+7	084D  CE00    	     		adc	a,00h
 647: 5039+4	084F  4F      	     		ld	c,a
 648: 5043+10	0850  21D609  	     		ld	hl,09d6h
 649: 5053+4	0853  F3      	l0853:		di
 650: 5057+4	0854  42      	     		ld	b,d
 651: 5061+7	0855  7E      	     		ld	a,(hl)
 652: 5068+6	0856  23      	     		inc	hl
 653: 5074+6	0857  23      	     		inc	hl
 654: 5080+11	0858  D342    	     		out	(SECREG),a
 655: 5091+13	085A  3A3A06  	     		ld	a,(063ah)
 656: 5104+8	085D  CB47    	     		bit	0,a
 657: 5112+7	085F  3EA8    	     		ld	a,0a8h
 658: 5119+7+5	0861  2802    	     		jr	z,l0865		; (+02h)
 659: 5126+8	0863  CBCF    	     		set	1,a
 660: 5134+17	0865  CD9109  	l0865:		call	cmdout
 661: 5151+7	0868  3EE5    	     		ld	a,0e5h
 662: 5158+4	086A  76      	l086a:		halt
 663: 5162+11	086B  D343    	     		out	(DATREG),a
 664: 5173+4	086D  76      	     		halt
 665: 5177+11	086E  D343    	     		out	(DATREG),a
 666: 5188+4	0870  76      	     		halt
 667: 5192+11	0871  D343    	     		out	(DATREG),a
 668: 5203+4	0873  76      	     		halt
 669: 5207+11	0874  D343    	     		out	(DATREG),a
 670: 5218+8+5	0876  10F2    	     		djnz	l086a		; (-0eh)
 671: 5226+4	0878  FB      	     		ei
 672: 5230+17	0879  CD7809  	     		call	waittout
 673: 5247+4	087C  0D      	     		dec	c
 674: 5251+7+5	087D  20D4    	     		jr	nz,l0853		; (-2ch)
 675: 5258+13	087F  3A7706  	     		ld	a,(0677h)
 676: 5271+8	0882  CB3F    	     		srl	a
 677: 5279+4	0884  4F      	     		ld	c,a
 678: 5283+10	0885  21D709  	     		ld	hl,09d7h
 679: 5293+4	0888  F3      	l0888:		di
 680: 5297+4	0889  42      	     		ld	b,d
 681: 5301+7	088A  7E      	     		ld	a,(hl)
 682: 5308+6	088B  23      	     		inc	hl
 683: 5314+6	088C  23      	     		inc	hl
 684: 5320+11	088D  D342    	     		out	(SECREG),a
 685: 5331+13	088F  3A3A06  	     		ld	a,(063ah)
 686: 5344+8	0892  CB47    	     		bit	0,a
 687: 5352+7	0894  3EA8    	     		ld	a,0a8h
 688: 5359+7+5	0896  2802    	     		jr	z,l089a		; (+02h)
 689: 5366+8	0898  CBCF    	     		set	1,a
 690: 5374+17	089A  CD9109  	l089a:		call	cmdout
 691: 5391+7	089D  3EE5    	     		ld	a,0e5h
 692: 5398+4	089F  76      	l089f:		halt
 693: 5402+11	08A0  D343    	     		out	(DATREG),a
 694: 5413+4	08A2  76      	     		halt
 695: 5417+11	08A3  D343    	     		out	(DATREG),a
 696: 5428+4	08A5  76      	     		halt
 697: 5432+11	08A6  D343    	     		out	(DATREG),a
 698: 5443+4	08A8  76      	     		halt
 699: 5447+11	08A9  D343    	     		out	(DATREG),a
 700: 5458+8+5	08AB  10F2    	     		djnz	l089f		; (-0eh)
 701: 5466+4	08AD  FB      	     		ei
 702: 5470+17	08AE  CD7809  	     		call	waittout
 703: 5487+4	08B1  0D      	     		dec	c
 704: 5491+7+5	08B2  20D4    	     		jr	nz,l0888		; (-2ch)
 705: 5498+4	08B4  AF      	     		xor	a
 706: 5502+11	08B5  D354    	     		out	(54h),a
 707: 5513+4	08B7  3C      	     		inc	a
 708: 5517+11	08B8  D356    	     		out	(56h),a
 709: 5528+17	08BA  CD9909  	     		call	force
 710: 5545+17	08BD  CDC305  	     		call	prttrack
 711: 5562+7+5	08C0  201E    	     		jr	nz,l08e0		; (+1eh)
 712: 5569+13	08C2  3A8006  	     		ld	a,(0680h)
 713: 5582+8	08C5  CB7F    	     		bit	7,a
 714: 5590+7+5	08C7  280B    	     		jr	z,l08d4		; (+0bh)
 715: 5597+13	08C9  3A3A06  	     		ld	a,(063ah)
 716: 5610+7	08CC  EE01    	     		xor	01h
 717: 5617+13	08CE  323A06  	     		ld	(063ah),a
 718: 5630+10	08D1  C2C207  	     		jp	nz,07c2h
 719: 5640+13	08D4  3A7A06  	l08d4:		ld	a,(067ah)
 720: 5653+4	08D7  3C      	     		inc	a
 721: 5657+10	08D8  217606  	     		ld	hl,0676h
 722: 5667+7	08DB  BE      	     		cp	(hl)
 723: 5674+10	08DC  DAAE07  	     		jp	c,07aeh
 724: 5684+4	08DF  AF      	     		xor	a
 725: 5688+11	08E0  F5      	l08e0:		push	af
 726: 5699+13	08E1  3A7A06  	     		ld	a,(067ah)
 727: 5712+11	08E4  D341    	     		out	(TRKREG),a
 728: 5723+11	08E6  D343    	     		out	(DATREG),a
 729: 5734+7	08E8  3E10    	     		ld	a,10h				;FDC seek
 730: 5741+11	08EA  D340    	     		out	(CMDREG),a
 731: 5752+10	08EC  F1      	     		pop	af
 732: 5762+10	08ED  C9      	     		ret
 733:				
 734: 5772+13	08EE  3A7706  	     		ld	a,(0677h)
 735: 5785+4	08F1  4F      	     		ld	c,a
 736: 5789+15	08F2  DDE5    	     		push	ix
 737: 5804+10	08F4  E1      	     		pop	hl
 738: 5814+7	08F5  46      	     		ld	b,(hl)
 739: 5821+6	08F6  23      	     		inc	hl
 740: 5827+20	08F7  ED5B7C06	     		ld	de,(067ch)
 741: 5847+17	08FB  CD5A09  	l08fb:		call	095ah
 742: 5864+8+5	08FE  10FB    	     		djnz	l08fb		; (-05h)
 743: 5872+7	0900  46      	     		ld	b,(hl)
 744: 5879+6	0901  23      	     		inc	hl
 745: 5885+11	0902  E5      	     		push	hl
 746: 5896+14	0903  DDE1    	     		pop	ix
 747: 5910+13	0905  3A7A06  	l0905:		ld	a,(067ah)
 748: 5923+19	0908  DD7707  	     		ld	(ix+07h),a
 749: 5942+13	090B  3A3A06  	     		ld	a,(063ah)
 750: 5955+7	090E  E601    	     		and	01h
 751: 5962+19	0910  DD7709  	     		ld	(ix+09h),a
 752: 5981+19	0913  FD7E00  	     		ld	a,(iy+00h)
 753: 6000+10	0916  FD23    	     		inc	iy
 754: 6010+19	0918  DD770B  	     		ld	(ix+0bh),a
 755: 6029+15	091B  DDE5    	     		push	ix
 756: 6044+10	091D  E1      	     		pop	hl
 757: 6054+11	091E  C5      	     		push	bc
 758: 6065+17	091F  CD5A09  	l091f:		call	095ah
 759: 6082+8+5	0922  10FB    	     		djnz	l091f		; (-05h)
 760: 6090+10	0924  014000  	     		ld	bc,0040h
 761: 6100+19	0927  DD7E0D  	     		ld	a,(ix+0dh)
 762: 6119+13	092A  327E06  	     		ld	(067eh),a
 763: 6132+7	092D  E603    	     		and	03h
 764: 6139+7+5	092F  2807    	     		jr	z,l0938		; (+07h)
 765: 6146+8	0931  CB21    	l0931:		sla	c
 766: 6154+8	0933  CB10    	     		rl	b
 767: 6162+4	0935  3D      	     		dec	a
 768: 6166+7+5	0936  20F9    	     		jr	nz,l0931		; (-07h)
 769: 6173+7	0938  3E6D    	l0938:		ld	a,6dh
 770: 6180+7	093A  12      	     		ld	(de),a
 771: 6187+6	093B  13      	     		inc	de
 772: 6193+7	093C  3EB6    	     		ld	a,0b6h
 773: 6200+7	093E  12      	     		ld	(de),a
 774: 6207+6	093F  13      	     		inc	de
 775: 6213+6	0940  0B      	     		dec	bc
 776: 6219+4	0941  78      	     		ld	a,b
 777: 6223+4	0942  B1      	     		or	c
 778: 6227+7+5	0943  20F3    	     		jr	nz,l0938		; (-0dh)
 779: 6234+7	0945  46      	     		ld	b,(hl)
 780: 6241+6	0946  23      	     		inc	hl
 781: 6247+17	0947  CD5A09  	l0947:		call	095ah
 782: 6264+8+5	094A  10FB    	     		djnz	l0947		; (-05h)
 783: 6272+10	094C  C1      	     		pop	bc
 784: 6282+4	094D  0D      	     		dec	c
 785: 6286+7+5	094E  20B5    	     		jr	nz,l0905		; (-4bh)
 786: 6293+4	0950  62      	     		ld	h,d
 787: 6297+4	0951  6B      	     		ld	l,e
 788: 6301+6	0952  13      	     		inc	de
 789: 6307+10	0953  01E803  	     		ld	bc,03e8h
 790: 6317+7	0956  77      	     		ld	(hl),a
 791: 6324+16+5	0957  EDB0    	     		ldir
 792: 6340+10	0959  C9      	     		ret
 793:				
 794: 6350+11	095A  C5      	     		push	bc
 795: 6361+7	095B  46      	     		ld	b,(hl)
 796: 6368+6	095C  23      	     		inc	hl
 797: 6374+7	095D  7E      	     		ld	a,(hl)
 798: 6381+6	095E  23      	     		inc	hl
 799: 6387+7	095F  12      	l095f:		ld	(de),a
 800: 6394+6	0960  13      	     		inc	de
 801: 6400+8+5	0961  10FC    	     		djnz	l095f		; (-04h)
 802: 6408+10	0963  C1      	     		pop	bc
 803: 6418+10	0964  C9      	     		ret
 804:				
 805: 6428+19	0965  DD7E00  	readsector:     ld	a,(ix+00h)
 806: 6447+11	0968  D342    	     		out	(SECREG),a
 807: 6458+13	096A  3A3A06  	     		ld	a,(063ah)
 808: 6471+8	096D  CB47    	     		bit	0,a
 809: 6479+7	096F  3E88    	     		ld	a,READSEC			;read sector
 810: 6486+7+5	0971  2802    	     		jr	z,cmdtout	
 811: 6493+8	0973  CBCF    	     		set	1,a
 812: 6501+17	0975  CD9109  	cmdtout:	call	cmdout
 813: 6518+11	0978  C5      	waittout:     	push	bc
 814: 6529+10	0979  010000  	     		ld	bc,0000h
 815: 6539+7	097C  3E05    	l097c:		ld	a,05h
 816: 6546+17	097E  CD9509  	     		call	cmdwait
 817: 6563+11	0981  DB40    	     		in	a,(STSREG)
 818: 6574+8	0983  CB47    	     		bit	0,a
 819: 6582+7+5	0985  2808    	     		jr	z,l098f	
 820: 6589+4	0987  0D      	     		dec	c
 821: 6593+7+5	0988  20F2    	     		jr	nz,l097c
 822: 6600+8+5	098A  10F0    	     		djnz	l097c	
 823: 6608+7	098C  3E80    	     		ld	a,80h
 824: 6615+4	098E  B7      	     		or	a
 825: 6619+10	098F  C1      	l098f:		pop	bc
 826: 6629+10	0990  C9      	     		ret
 827:				
 828: 6639+11	0991  D340    	cmdout:     	out	(CMDREG),a
 829: 6650+7	0993  3E0E    	     		ld	a,0eh
 830: 6657+4	0995  3D      	cmdwait:	dec	a
 831: 6661+7+5	0996  20FD    	     		jr	nz,cmdwait		; (-03h)
 832: 6668+10	0998  C9      	     		ret
 833:				
 834: 6678+7	0999  3ED0    	force:     	ld	a,FORCEINT			;force int!
 835: 6685+17	099B  CD9109  	     		call	cmdout
 836: 6702+11	099E  DB40    	     		in	a,(STSREG)
 837: 6713+10	09A0  C9      	     		ret
 838:				
 839: 6723+10	09A1  11D609  	     		ld	de,09d6h
 840: 6733+4	09A4  44      	     		ld	b,h
 841: 6737+4	09A5  AF      	     		xor	a
 842: 6741+7	09A6  12      	l09a6:		ld	(de),a
 843: 6748+6	09A7  13      	     		inc	de
 844: 6754+8+5	09A8  10FC    	     		djnz	l09a6		; (-04h)
 845: 6762+10	09AA  110000  	     		ld	de,0000h
 846: 6772+7	09AD  0E01    	     		ld	c,01h
 847: 6779+14	09AF  DD21D609	l09af:		ld	ix,09d6h
 848: 6793+15	09B3  DD19    	     		add	ix,de
 849: 6808+19	09B5  DD7E00  	     		ld	a,(ix+00h)
 850: 6827+4	09B8  B7      	     		or	a
 851: 6831+7+5	09B9  2805    	     		jr	z,l09c0		; (+05h)
 852: 6838+17	09BB  CDCF09  	     		call	09cfh
 853: 6855+12	09BE  18EF    	     		jr	l09af		; (-11h)
 854: 6867+19	09C0  DD7100  	l09c0:		ld	(ix+00h),c
 855: 6886+4	09C3  45      	     		ld	b,l
 856: 6890+17	09C4  CDCF09  	l09c4:		call	09cfh
 857: 6907+8+5	09C7  10FB    	     		djnz	l09c4		; (-05h)
 858: 6915+4	09C9  0C      	     		inc	c
 859: 6919+4	09CA  7C      	     		ld	a,h
 860: 6923+4	09CB  B9      	     		cp	c
 861: 6927+7+5	09CC  30E1    	     		jr	nc,l09af		; (-1fh)
 862: 6934+10	09CE  C9      	     		ret
 863:				
 864: 6944+4	09CF  1C      	     		inc	e
 865: 6948+4	09D0  7B      	     		ld	a,e
 866: 6952+4	09D1  BC      	     		cp	h
 867: 6956+5+6	09D2  D8      	     		ret	c
 868:				
 869: 6961+7	09D3  1E00    	     		ld	e,00h
 870: 6968+10	09D5  C9      	     		ret
 871:				
 872: 6978+7	09D6  2600    	     		ld	h,00h
 873: 6985+4	09D8  00      	     		nop
 874: 6989+4	09D9  00      	     		nop
 875: 6993+4	09DA  00      	     		nop
 876: 6997+4	09DB  00      	     		nop
 877: 7001+4	09DC  00      	     		nop
 878: 7005+4	09DD  00      	     		nop
 879: 7009+4	09DE  00      	     		nop
 880: 7013+4	09DF  00      	     		nop
 881: 7017+4	09E0  00      	     		nop
 882: 7021+4	09E1  00      	     		nop
 883: 7025+4	09E2  00      	     		nop
 884: 7029+4	09E3  00      	     		nop
 885: 7033+4	09E4  00      	     		nop
 886: 7037+4	09E5  00      	     		nop
 887: 7041+4	09E6  00      	     		nop
 888: 7045+4	09E7  00      	     		nop
 889: 7049+4	09E8  00      	     		nop
 890: 7053+4	09E9  00      	     		nop
 891: 7057+4	09EA  00      	     		nop
 892: 7061+4	09EB  00      	     		nop
 893: 7065+4	09EC  00      	     		nop
 894: 7069+4	09ED  00      	     		nop
 895: 7073+4	09EE  00      	     		nop
 896: 7077+4	09EF  00      	     		nop
 897: 7081+4	09F0  00      	     		nop
 898: 7085+4	09F1  00      	     		nop
 899: 7089+4	09F2  00      	     		nop
 900: 7093+4	09F3  00      	     		nop
 901: 7097+4	09F4  00      	     		nop
 902: 7101+4	09F5  00      	     		nop
 903: 7105+4	09F6  00      	     		nop
 904: 7109+4	09F7  00      	     		nop
 905: 7113+4	09F8  00      	     		nop
 906: 7117+4	09F9  00      	     		nop
 907: 7121+4	09FA  00      	     		nop
 908: 7125+4	09FB  00      	     		nop
 909: 7129+4	09FC  00      	     		nop
 910: 7133+4	09FD  00      	     		nop
 911: 7137+4	09FE  00      	     		nop
 912: 7141+4	09FF  00      	     		nop
 913: 7145+4	0A00  00      	     		nop
 914: 7149+4	0A01  00      	     		nop
 915: 7153+4	0A02  00      	     		nop
 916: 7157+4	0A03  00      	     		nop
 917: 7161+4	0A04  00      	     		nop
 918: 7165+4	0A05  00      	     		nop
 919: 7169+4	0A06  00      	     		nop
 920: 7173+4	0A07  00      	     		nop
 921: 7177+4	0A08  00      	     		nop
 922: 7181+4	0A09  00      	     		nop
 923: 7185+4	0A0A  00      	     		nop
 924: 7189+4	0A0B  00      	     		nop
 925: 7193+4	0A0C  00      	     		nop
 926: 7197+4	0A0D  00      	     		nop
 927: 7201+4	0A0E  00      	     		nop
 928: 7205+4	0A0F  00      	     		nop
 929: 7209+4	0A10  00      	     		nop
 930: 7213+4	0A11  00      	     		nop
 931: 7217+4	0A12  00      	     		nop
 932: 7221+4	0A13  00      	     		nop
 933: 7225+4	0A14  00      	     		nop
 934: 7229+4	0A15  00      	     		nop
 935: 7233+4	0A16  00      	     		nop
 936: 7237+4	0A17  00      	     		nop
 937: 7241+4	0A18  00      	     		nop
 938: 7245+4	0A19  00      	     		nop
 939: 7249+4	0A1A  00      	     		nop
 940: 7253+4	0A1B  00      	     		nop
 941: 7257+4	0A1C  00      	     		nop
 942: 7261+4	0A1D  00      	     		nop
 943: 7265+4	0A1E  00      	     		nop
 944: 7269+4	0A1F  00      	     		nop
 945: 7273+4	0A20  00      	     		nop
 946: 7277+4	0A21  00      	     		nop
 947: 7281+4	0A22  00      	     		nop
 948: 7285+4	0A23  00      	     		nop
 949: 7289+4	0A24  00      	     		nop
 950: 7293+4	0A25  00      	     		nop
 951: 7297+4	0A26  00      	     		nop
 952: 7301+4	0A27  00      	     		nop
 953: 7305+4	0A28  00      	     		nop
 954: 7309+4	0A29  00      	     		nop
 955: 7313+4	0A2A  00      	     		nop
 956: 7317+4	0A2B  00      	     		nop
 957: 7321+4	0A2C  00      	     		nop
 958: 7325+4	0A2D  00      	     		nop
 959: 7329+4	0A2E  00      	     		nop
 960: 7333+4	0A2F  00      	     		nop
 961: 7337+4	0A30  00      	     		nop
 962: 7341+4	0A31  00      	     		nop
 963: 7345+4	0A32  00      	     		nop
 964: 7349+4	0A33  00      	     		nop
 965: 7353+4	0A34  00      	     		nop
 966: 7357+4	0A35  00      	     		nop
 967: 7361+4	0A36  00      	     		nop
 968: 7365+4	0A37  00      	     		nop
 969: 7369+4	0A38  00      	     		nop
 970: 7373+4	0A39  00      	     		nop
 971: 7377+4	0A3A  00      	     		nop
 972: 7381+4	0A3B  00      	     		nop
 973: 7385+4	0A3C  00      	     		nop
 974: 7389+4	0A3D  00      	     		nop
 975: 7393+4	0A3E  00      	     		nop
 976: 7397+4	0A3F  00      	     		nop
 977: 7401+4	0A40  00      	     		nop
 978: 7405+4	0A41  00      	     		nop
 979: 7409+4	0A42  00      	     		nop
 980: 7413+4	0A43  00      	     		nop
 981: 7417+4	0A44  00      	     		nop
 982: 7421+4	0A45  00      	     		nop
 983: 7425+4	0A46  00      	     		nop
 984: 7429+4	0A47  00      	     		nop
 985: 7433+4	0A48  00      	     		nop
 986: 7437+4	0A49  00      	     		nop
 987: 7441+4	0A4A  00      	     		nop
 988: 7445+4	0A4B  00      	     		nop
 989: 7449+4	0A4C  00      	     		nop
 990: 7453+4	0A4D  00      	     		nop
 991: 7457+4	0A4E  00      	     		nop
 992: 7461+4	0A4F  00      	     		nop
 993: 7465+4	0A50  00      	     		nop
 994: 7469+4	0A51  00      	     		nop
 995: 7473+4	0A52  00      	     		nop
 996: 7477+4	0A53  00      	     		nop
 997: 7481+4	0A54  00      	     		nop
 998: 7485+4	0A55  00      	     		nop
 999: 7489+4	0A56  00      	     		nop
1000: 7493+4	0A57  00      	     		nop
1001: 7497+4	0A58  00      	     		nop
1002: 7501+4	0A59  00      	     		nop
1003: 7505+4	0A5A  00      	     		nop
1004: 7509+4	0A5B  00      	     		nop
1005: 7513+4	0A5C  00      	     		nop
1006: 7517+4	0A5D  00      	     		nop
1007: 7521+4	0A5E  00      	     		nop
1008: 7525+4	0A5F  00      	     		nop
1009: 7529+4	0A60  00      	     		nop
1010: 7533+4	0A61  00      	     		nop
1011: 7537+4	0A62  00      	     		nop
1012: 7541+4	0A63  00      	     		nop
1013: 7545+4	0A64  00      	     		nop
1014: 7549+4	0A65  00      	     		nop
1015: 7553+4	0A66  00      	     		nop
1016: 7557+4	0A67  00      	     		nop
1017: 7561+4	0A68  00      	     		nop
1018: 7565+4	0A69  00      	     		nop
1019: 7569+4	0A6A  00      	     		nop
1020: 7573+4	0A6B  00      	     		nop
1021: 7577+4	0A6C  00      	     		nop
1022: 7581+4	0A6D  00      	     		nop
1023: 7585+4	0A6E  00      	     		nop
1024: 7589+4	0A6F  00      	     		nop
1025: 7593+4	0A70  00      	     		nop
1026: 7597+4	0A71  00      	     		nop
1027: 7601+4	0A72  00      	     		nop
1028: 7605+4	0A73  00      	     		nop
1029: 7609+4	0A74  00      	     		nop
1030: 7613+4	0A75  00      	     		nop
1031: 7617+4	0A76  00      	     		nop
1032: 7621+4	0A77  00      	     		nop
1033: 7625+4	0A78  00      	     		nop
1034: 7629+4	0A79  00      	     		nop
1035: 7633+4	0A7A  00      	     		nop
1036: 7637+4	0A7B  00      	     		nop
1037: 7641+4	0A7C  00      	     		nop
1038: 7645+4	0A7D  00      	     		nop
1039: 7649+4	0A7E  00      	     		nop
1040: 7653+4	0A7F  00      	     		nop
1041: 7657+4	0A80  00      	     		nop
1042: 7661+4	0A81  00      	     		nop
1043: 7665+4	0A82  00      	     		nop
1044: 7669+4	0A83  00      	     		nop
1045: 7673+4	0A84  00      	     		nop
1046: 7677+4	0A85  00      	     		nop
1047: 7681+4	0A86  00      	     		nop
1048: 7685+4	0A87  00      	     		nop
1049: 7689+4	0A88  00      	     		nop
1050: 7693+4	0A89  00      	     		nop
1051: 7697+4	0A8A  00      	     		nop
1052: 7701+4	0A8B  00      	     		nop
1053: 7705+4	0A8C  00      	     		nop
1054: 7709+4	0A8D  00      	     		nop
1055: 7713+4	0A8E  00      	     		nop
1056: 7717+4	0A8F  00      	     		nop
1057: 7721+4	0A90  00      	     		nop
1058: 7725+4	0A91  00      	     		nop
1059: 7729+4	0A92  00      	     		nop
1060: 7733+4	0A93  00      	     		nop
1061: 7737+4	0A94  00      	     		nop
1062: 7741+4	0A95  00      	     		nop
1063: 7745+4	0A96  00      	     		nop
1064: 7749+4	0A97  00      	     		nop
1065: 7753+4	0A98  00      	     		nop
1066: 7757+4	0A99  00      	     		nop
1067: 7761+4	0A9A  00      	     		nop
1068: 7765+4	0A9B  00      	     		nop
1069: 7769+4	0A9C  00      	     		nop
1070: 7773+4	0A9D  00      	     		nop
1071: 7777+4	0A9E  00      	     		nop
1072: 7781+4	0A9F  00      	     		nop
1073: 7785+4	0AA0  00      	     		nop
1074: 7789+4	0AA1  00      	     		nop
1075: 7793+4	0AA2  00      	     		nop
1076: 7797+4	0AA3  00      	     		nop
1077: 7801+4	0AA4  00      	     		nop
1078: 7805+4	0AA5  00      	     		nop
1079: 7809+4	0AA6  00      	     		nop
1080: 7813+4	0AA7  00      	     		nop
1081: 7817+4	0AA8  00      	     		nop
1082: 7821+4	0AA9  00      	     		nop
1083: 7825+4	0AAA  00      	     		nop
1084: 7829+4	0AAB  00      	     		nop
1085: 7833+4	0AAC  00      	     		nop
1086: 7837+4	0AAD  00      	     		nop
1087: 7841+4	0AAE  00      	     		nop
1088: 7845+4	0AAF  00      	     		nop
1089: 7849+4	0AB0  00      	     		nop
1090: 7853+4	0AB1  00      	     		nop
1091: 7857+4	0AB2  00      	     		nop
1092: 7861+4	0AB3  00      	     		nop
1093: 7865+4	0AB4  00      	     		nop
1094: 7869+4	0AB5  00      	     		nop
1095: 7873+4	0AB6  00      	     		nop
1096: 7877+4	0AB7  00      	     		nop
1097: 7881+4	0AB8  00      	     		nop
1098: 7885+4	0AB9  00      	     		nop
1099: 7889+4	0ABA  00      	     		nop
1100: 7893+4	0ABB  00      	     		nop
1101: 7897+4	0ABC  00      	     		nop
1102: 7901+4	0ABD  00      	     		nop
1103: 7905+4	0ABE  00      	     		nop
1104: 7909+4	0ABF  00      	     		nop
1105: 7913+4	0AC0  00      	     		nop
1106: 7917+4	0AC1  00      	     		nop
1107: 7921+4	0AC2  00      	     		nop
1108: 7925+4	0AC3  00      	     		nop
1109: 7929+4	0AC4  00      	     		nop
1110: 7933+4	0AC5  00      	     		nop
1111: 7937+4	0AC6  00      	     		nop
1112: 7941+4	0AC7  00      	     		nop
1113: 7945+4	0AC8  00      	     		nop
1114: 7949+4	0AC9  00      	     		nop
1115: 7953+4	0ACA  00      	     		nop
1116: 7957+4	0ACB  00      	     		nop
1117: 7961+4	0ACC  00      	     		nop
1118: 7965+4	0ACD  00      	     		nop
1119: 7969+4	0ACE  00      	     		nop
1120: 7973+4	0ACF  00      	     		nop
1121: 7977+4	0AD0  00      	     		nop
1122: 7981+4	0AD1  00      	     		nop
1123: 7985+4	0AD2  00      	     		nop
1124: 7989+4	0AD3  00      	     		nop
1125: 7993+4	0AD4  00      	     		nop
1126: 7997+4	0AD5  00      	     		nop
1127: 8001+4	0AD6  04      	     		inc	b
1128:				;     		jr	z,l0ad8		; (-01h)
1129:     -	0AD7  28FF    			db	28h, 0ffh
1130: 8005+7	0AD9  0600    	     		ld	b,00h
1131: 8012+10	0ADB  01FC1A  	     		ld	bc,1afch
1132: 8022+11	0ADE  FF      	     		rst	38h
1133: 8033+6	0ADF  0B      	     		dec	bc
1134: 8039+6	0AE0  03      	     		inc	bc
1135: 8045+4	0AE1  00      	     		nop
1136: 8049+6	0AE2  03      	     		inc	bc
1137: 8055+4	0AE3  00      	     		nop
1138: 8059+10	0AE4  01FE01  	     		ld	bc,01feh
1139: 8069+4	0AE7  00      	     		nop
1140: 8073+10	0AE8  010001  	     		ld	bc,0100h
1141: 8083+4	0AEB  00      	     		nop
1142: 8087+10	0AEC  010001  	     		ld	bc,0100h
1143: 8097+11	0AEF  F7      	     		rst	30h
1144: 8108+6	0AF0  0B      	     		dec	bc
1145: 8114+11	0AF1  FF      	     		rst	38h
1146: 8125+7	0AF2  0600    	     		ld	b,00h
1147: 8132+10	0AF4  01FB02  	     		ld	bc,02fbh
1148: 8142+10	0AF7  01F71B  	     		ld	bc,1bf7h
1149: 8152+11	0AFA  FF      	     		rst	38h
1150: 8163+4	0AFB  05      	     		dec	b
1151: 8167+4	0AFC  50      	     		ld	d,b
1152: 8171+7	0AFD  4E      	     		ld	c,(hl)
1153: 8178+4	0AFE  0C      	     		inc	c
1154: 8182+4	0AFF  00      	     		nop
1155: 8186+6	0B00  03      	     		inc	bc
1156: 8192+7	0B01  F601    	     		or	01h
1157: 8199+10+7	0B03  FC324E  	     		call	m,4e32h
1158: 8209+4	0B06  0C      	     		inc	c
1159: 8213+4	0B07  0C      	     		inc	c
1160: 8217+4	0B08  00      	     		nop
1161: 8221+6	0B09  03      	     		inc	bc
1162: 8227+11	0B0A  F5      	     		push	af
1163: 8238+10	0B0B  01FE01  	     		ld	bc,01feh
1164: 8248+4	0B0E  00      	     		nop
1165: 8252+10	0B0F  010001  	     		ld	bc,0100h
1166: 8262+4	0B12  00      	     		nop
1167: 8266+10	0B13  010101  	     		ld	bc,0101h
1168: 8276+11	0B16  F7      	     		rst	30h
1169: 8287+7	0B17  164E    	     		ld	d,4eh
1170: 8294+4	0B19  0C      	     		inc	c
1171: 8298+4	0B1A  00      	     		nop
1172: 8302+6	0B1B  03      	     		inc	bc
1173: 8308+11	0B1C  F5      	     		push	af
1174: 8319+10	0B1D  01FB02  	     		ld	bc,02fbh
1175: 8329+10	0B20  01F735  	     		ld	bc,35f7h
1176: 8339+7	0B23  4E      	     		ld	c,(hl)
1177: 8346+10	0B24  01324E  	     		ld	bc,4e32h
1178: 8356+4	0B27  0C      	     		inc	c
1179: 8360+4	0B28  0C      	     		inc	c
1180: 8364+4	0B29  00      	     		nop
1181: 8368+6	0B2A  03      	     		inc	bc
1182: 8374+11	0B2B  F5      	     		push	af
1183: 8385+10	0B2C  01FE01  	     		ld	bc,01feh
1184: 8395+4	0B2F  00      	     		nop
1185: 8399+10	0B30  010001  	     		ld	bc,0100h
1186: 8409+4	0B33  00      	     		nop
1187: 8413+10	0B34  010201  	     		ld	bc,0102h
1188: 8423+11	0B37  F7      	     		rst	30h
1189: 8434+7	0B38  164E    	     		ld	d,4eh
1190: 8441+4	0B3A  0C      	     		inc	c
1191: 8445+4	0B3B  00      	     		nop
1192: 8449+6	0B3C  03      	     		inc	bc
1193: 8455+11	0B3D  F5      	     		push	af
1194: 8466+10	0B3E  01FB02  	     		ld	bc,02fbh
1195: 8476+10	0B41  01F735  	     		ld	bc,35f7h
1196: 8486+7	0B44  4E      	     		ld	c,(hl)
1197: 8493+10	0B45  01324E  	     		ld	bc,4e32h
1198: 8503+4	0B48  0C      	     		inc	c
1199: 8507+4	0B49  0C      	     		inc	c
1200: 8511+4	0B4A  00      	     		nop
1201: 8515+6	0B4B  03      	     		inc	bc
1202: 8521+11	0B4C  F5      	     		push	af
1203: 8532+10	0B4D  01FE01  	     		ld	bc,01feh
1204: 8542+4	0B50  00      	     		nop
1205: 8546+10	0B51  010001  	     		ld	bc,0100h
1206: 8556+4	0B54  00      	     		nop
1207: 8560+10	0B55  010301  	     		ld	bc,0103h
1208: 8570+11	0B58  F7      	     		rst	30h
1209: 8581+7	0B59  164E    	     		ld	d,4eh
1210: 8588+4	0B5B  0C      	     		inc	c
1211: 8592+4	0B5C  00      	     		nop
1212: 8596+6	0B5D  03      	     		inc	bc
1213: 8602+11	0B5E  F5      	     		push	af
1214: 8613+10	0B5F  01FB02  	     		ld	bc,02fbh
1215: 8623+10	0B62  01F728  	     		ld	bc,28f7h
1216: 8633+7	0B65  4E      	     		ld	c,(hl)
1217: 8640+10	0B66  0110FF  	     		ld	bc,0ff10h
1218: 8650+6	0B69  0B      	     		dec	bc
1219: 8656+6	0B6A  03      	     		inc	bc
1220: 8662+4	0B6B  00      	     		nop
1221: 8666+6	0B6C  03      	     		inc	bc
1222: 8672+4	0B6D  00      	     		nop
1223: 8676+10	0B6E  01FE01  	     		ld	bc,01feh
1224: 8686+4	0B71  00      	     		nop
1225: 8690+10	0B72  010001  	     		ld	bc,0100h
1226: 8700+4	0B75  00      	     		nop
1227: 8704+10	0B76  010001  	     		ld	bc,0100h
1228: 8714+11	0B79  F7      	     		rst	30h
1229: 8725+6	0B7A  0B      	     		dec	bc
1230: 8731+11	0B7B  FF      	     		rst	38h
1231: 8742+7	0B7C  0600    	     		ld	b,00h
1232: 8749+10	0B7E  01FB02  	     		ld	bc,02fbh
1233: 8759+10	0B81  01F708  	     		ld	bc,08f7h
1234: 8769+11	0B84  FF      	     		rst	38h
1235: 8780+10	0B85  01204E  	     		ld	bc,4e20h
1236: 8790+4	0B88  0C      	     		inc	c
1237: 8794+4	0B89  0C      	     		inc	c
1238: 8798+4	0B8A  00      	     		nop
1239: 8802+6	0B8B  03      	     		inc	bc
1240: 8808+11	0B8C  F5      	     		push	af
1241: 8819+10	0B8D  01FE01  	     		ld	bc,01feh
1242: 8829+4	0B90  00      	     		nop
1243: 8833+10	0B91  010001  	     		ld	bc,0100h
1244: 8843+4	0B94  00      	     		nop
1245: 8847+10	0B95  010101  	     		ld	bc,0101h
1246: 8857+11	0B98  F7      	     		rst	30h
1247: 8868+7	0B99  164E    	     		ld	d,4eh
1248: 8875+4	0B9B  0C      	     		inc	c
1249: 8879+4	0B9C  00      	     		nop
1250: 8883+6	0B9D  03      	     		inc	bc
1251: 8889+11	0B9E  F5      	     		push	af
1252: 8900+10	0B9F  01FB02  	     		ld	bc,02fbh
1253: 8910+10	0BA2  01F710  	     		ld	bc,10f7h
1254: 8920+7	0BA5  4E      	     		ld	c,(hl)
1255: 8927+10	0BA6  01204E  	     		ld	bc,4e20h
1256: 8937+4	0BA9  0C      	     		inc	c
1257: 8941+4	0BAA  0C      	     		inc	c
1258: 8945+4	0BAB  00      	     		nop
1259: 8949+6	0BAC  03      	     		inc	bc
1260: 8955+11	0BAD  F5      	     		push	af
1261: 8966+10	0BAE  01FE01  	     		ld	bc,01feh
1262: 8976+4	0BB1  00      	     		nop
1263: 8980+10	0BB2  010001  	     		ld	bc,0100h
1264: 8990+4	0BB5  00      	     		nop
1265: 8994+10	0BB6  010201  	     		ld	bc,0102h
1266: 9004+11	0BB9  F7      	     		rst	30h
1267: 9015+7	0BBA  164E    	     		ld	d,4eh
1268: 9022+4	0BBC  0C      	     		inc	c
1269: 9026+4	0BBD  00      	     		nop
1270: 9030+6	0BBE  03      	     		inc	bc
1271: 9036+11	0BBF  F5      	     		push	af
1272: 9047+10	0BC0  01FB02  	     		ld	bc,02fbh
1273: 9057+10	0BC3  01F718  	     		ld	bc,18f7h
1274: 9067+7	0BC6  4E      	     		ld	c,(hl)
1275: 9074+10	0BC7  01204E  	     		ld	bc,4e20h
1276: 9084+4	0BCA  0C      	     		inc	c
1277: 9088+4	0BCB  0C      	     		inc	c
1278: 9092+4	0BCC  00      	     		nop
1279: 9096+6	0BCD  03      	     		inc	bc
1280: 9102+11	0BCE  F5      	     		push	af
1281: 9113+10	0BCF  01FE01  	     		ld	bc,01feh
1282: 9123+4	0BD2  00      	     		nop
1283: 9127+10	0BD3  010001  	     		ld	bc,0100h
1284: 9137+4	0BD6  00      	     		nop
1285: 9141+10	0BD7  010301  	     		ld	bc,0103h
1286: 9151+11	0BDA  F7      	     		rst	30h
1287: 9162+7	0BDB  164E    	     		ld	d,4eh
1288: 9169+4	0BDD  0C      	     		inc	c
1289: 9173+4	0BDE  00      	     		nop
1290: 9177+6	0BDF  03      	     		inc	bc
1291: 9183+11	0BE0  F5      	     		push	af
1292: 9194+10	0BE1  01FB02  	     		ld	bc,02fbh
1293: 9204+10	0BE4  01F750  	     		ld	bc,50f7h
1294: 9214+7	0BE7  4E      	     		ld	c,(hl)
1295: 9221+4	0BE8  00      	     		nop
1296: 9225+4	0BE9  00      	     		nop
1297: 9229+4	0BEA  00      	     		nop
1298: 9233+4	0BEB  00      	     		nop
1299: 9237+4	0BEC  00      	     		nop
1300: 9241+4	0BED  00      	     		nop
1301: 9245+4	0BEE  00      	     		nop
1302: 9249+4	0BEF  00      	     		nop
1303: 9253+4	0BF0  00      	     		nop
1304: 9257+4	0BF1  00      	     		nop
1305: 9261+4	0BF2  00      	     		nop
1306: 9265+4	0BF3  00      	     		nop
1307: 9269+4	0BF4  00      	     		nop
1308: 9273+4	0BF5  00      	     		nop
1309: 9277+4	0BF6  00      	     		nop
1310: 9281+4	0BF7  00      	     		nop
1311: 9285+4	0BF8  00      	     		nop
1312: 9289+4	0BF9  00      	     		nop
1313: 9293+4	0BFA  00      	     		nop
1314: 9297+4	0BFB  00      	     		nop
1315: 9301+4	0BFC  00      	     		nop
1316: 9305+4	0BFD  00      	     		nop
1317: 9309+4	0BFE  00      	     		nop
1318: 9313+4	0BFF  00      	     		nop
1319: 9317+4	0C00  00      	     		nop
1320: 9321+4	0C01  00      	     		nop
1321: 9325+4	0C02  00      	     		nop
1322: 9329+4	0C03  00      	     		nop
1323: 9333+4	0C04  00      	     		nop
1324: 9337+4	0C05  00      	     		nop
1325: 9341+4	0C06  00      	     		nop
1326: 9345+4	0C07  00      	     		nop
1327: 9349+4	0C08  00      	     		nop
1328: 9353+4	0C09  00      	     		nop
1329: 9357+4	0C0A  00      	     		nop
1330: 9361+4	0C0B  00      	     		nop
1331: 9365+4	0C0C  00      	     		nop
1332: 9369+4	0C0D  00      	     		nop
1333: 9373+4	0C0E  00      	     		nop
1334: 9377+4	0C0F  00      	     		nop
1335: 9381+4	0C10  00      	     		nop
1336: 9385+4	0C11  00      	     		nop
1337: 9389+4	0C12  00      	     		nop
1338: 9393+4	0C13  00      	     		nop
1339: 9397+4	0C14  00      	     		nop
1340: 9401+4	0C15  00      	     		nop
1341: 9405+4	0C16  00      	     		nop
1342: 9409+4	0C17  00      	     		nop
1343: 9413+4	0C18  00      	     		nop
1344: 9417+4	0C19  00      	     		nop
1345: 9421+4	0C1A  00      	     		nop
1346: 9425+4	0C1B  00      	     		nop
1347: 9429+4	0C1C  00      	     		nop
1348: 9433+4	0C1D  00      	     		nop
1349: 9437+4	0C1E  00      	     		nop
1350: 9441+4	0C1F  00      	     		nop
1351: 9445+4	0C20  00      	     		nop
1352: 9449+4	0C21  00      	     		nop
1353: 9453+4	0C22  00      	     		nop
1354: 9457+4	0C23  00      	     		nop
1355: 9461+4	0C24  00      	     		nop
1356: 9465+4	0C25  00      	     		nop
1357: 9469+4	0C26  00      	     		nop
1358: 9473+4	0C27  00      	     		nop
1359: 9477+4	0C28  00      	     		nop
1360: 9481+4	0C29  00      	     		nop
1361: 9485+4	0C2A  00      	     		nop
1362: 9489+4	0C2B  00      	     		nop
1363: 9493+4	0C2C  00      	     		nop
1364: 9497+4	0C2D  00      	     		nop
1365: 9501+4	0C2E  00      	     		nop
1366: 9505+4	0C2F  00      	     		nop
1367: 9509+4	0C30  00      	     		nop
1368: 9513+4	0C31  00      	     		nop
1369: 9517+4	0C32  00      	     		nop
1370: 9521+4	0C33  00      	     		nop
1371: 9525+4	0C34  00      	     		nop
1372: 9529+4	0C35  00      	     		nop
1373: 9533+4	0C36  00      	     		nop
1374: 9537+4	0C37  00      	     		nop
1375: 9541+4	0C38  00      	     		nop
1376: 9545+4	0C39  00      	     		nop
1377: 9549+4	0C3A  00      	     		nop
1378: 9553+4	0C3B  00      	     		nop
1379: 9557+4	0C3C  00      	     		nop
1380: 9561+4	0C3D  00      	     		nop
1381: 9565+4	0C3E  00      	     		nop
1382: 9569+4	0C3F  00      	     		nop
1383: 9573+4	0C40  00      	     		nop
1384: 9577+4	0C41  00      	     		nop
1385: 9581+4	0C42  00      	     		nop
1386: 9585+4	0C43  00      	     		nop
1387: 9589+4	0C44  00      	     		nop
1388: 9593+4	0C45  00      	     		nop
1389: 9597+4	0C46  00      	     		nop
1390: 9601+4	0C47  00      	     		nop
1391: 9605+4	0C48  00      	     		nop
1392: 9609+4	0C49  00      	     		nop
1393: 9613+4	0C4A  00      	     		nop
1394: 9617+4	0C4B  00      	     		nop
1395: 9621+4	0C4C  00      	     		nop
1396: 9625+4	0C4D  00      	     		nop
1397: 9629+4	0C4E  00      	     		nop
1398: 9633+4	0C4F  00      	     		nop
1399: 9637+4	0C50  00      	     		nop
1400: 9641+4	0C51  00      	     		nop
1401: 9645+4	0C52  00      	     		nop
1402: 9649+4	0C53  00      	     		nop
1403: 9653+4	0C54  00      	     		nop
1404: 9657+4	0C55  00      	     		nop
1405: 9661+4	0C56  00      	     		nop
1406: 9665+4	0C57  00      	     		nop
1407: 9669+4	0C58  00      	     		nop
1408: 9673+4	0C59  00      	     		nop
1409: 9677+4	0C5A  00      	     		nop
1410: 9681+4	0C5B  00      	     		nop
1411: 9685+4	0C5C  00      	     		nop
1412: 9689+4	0C5D  00      	     		nop
1413: 9693+4	0C5E  00      	     		nop
1414: 9697+4	0C5F  00      	     		nop
1415: 9701+4	0C60  00      	     		nop
1416: 9705+4	0C61  00      	     		nop
1417: 9709+4	0C62  00      	     		nop
1418: 9713+4	0C63  00      	     		nop
1419: 9717+4	0C64  00      	     		nop
1420: 9721+4	0C65  00      	     		nop
1421: 9725+4	0C66  00      	     		nop
1422: 9729+4	0C67  00      	     		nop
1423: 9733+4	0C68  00      	     		nop
1424: 9737+4	0C69  00      	     		nop
1425: 9741+4	0C6A  00      	     		nop
1426: 9745+4	0C6B  00      	     		nop
1427: 9749+4	0C6C  00      	     		nop
1428: 9753+4	0C6D  00      	     		nop
1429: 9757+4	0C6E  00      	     		nop
1430: 9761+4	0C6F  00      	     		nop
1431: 9765+4	0C70  00      	     		nop
1432: 9769+4	0C71  00      	     		nop
1433: 9773+4	0C72  00      	     		nop
1434: 9777+4	0C73  00      	     		nop
1435: 9781+4	0C74  00      	     		nop
1436: 9785+4	0C75  00      	     		nop
1437: 9789+4	0C76  00      	     		nop
1438: 9793+4	0C77  00      	     		nop
1439: 9797+4	0C78  00      	     		nop
1440: 9801+4	0C79  00      	     		nop
1441: 9805+4	0C7A  00      	     		nop
1442: 9809+4	0C7B  00      	     		nop
1443: 9813+4	0C7C  00      	     		nop
1444: 9817+4	0C7D  00      	     		nop
1445: 9821+4	0C7E  00      	     		nop
1446: 9825+4	0C7F  00      	     		nop
1447: 9829+4	0C80  00      	     		nop
1448: 9833+4	0C81  00      	     		nop
1449: 9837+4	0C82  00      	     		nop
1450: 9841+4	0C83  00      	     		nop
1451: 9845+4	0C84  00      	     		nop
1452: 9849+4	0C85  00      	     		nop
1453: 9853+4	0C86  00      	     		nop
1454: 9857+4	0C87  00      	     		nop
1455: 9861+4	0C88  00      	     		nop
1456: 9865+4	0C89  00      	     		nop
1457: 9869+4	0C8A  00      	     		nop
1458: 9873+4	0C8B  00      	     		nop
1459: 9877+4	0C8C  00      	     		nop
1460: 9881+4	0C8D  00      	     		nop
1461: 9885+4	0C8E  00      	     		nop
1462: 9889+4	0C8F  00      	     		nop
1463: 9893+4	0C90  00      	     		nop
1464: 9897+4	0C91  00      	     		nop
1465: 9901+4	0C92  00      	     		nop
1466: 9905+4	0C93  00      	     		nop
1467: 9909+4	0C94  00      	     		nop
1468: 9913+4	0C95  00      	     		nop
1469: 9917+4	0C96  00      	     		nop
1470: 9921+4	0C97  00      	     		nop
1471: 9925+4	0C98  00      	     		nop
1472: 9929+4	0C99  00      	     		nop
1473: 9933+4	0C9A  00      	     		nop
1474: 9937+4	0C9B  00      	     		nop
1475: 9941+4	0C9C  00      	     		nop
1476: 9945+4	0C9D  00      	     		nop
1477: 9949+4	0C9E  00      	     		nop
1478: 9953+4	0C9F  00      	     		nop
1479: 9957+4	0CA0  00      	     		nop
1480: 9961+4	0CA1  00      	     		nop
1481: 9965+4	0CA2  00      	     		nop
1482: 9969+4	0CA3  00      	     		nop
1483: 9973+4	0CA4  00      	     		nop
1484: 9977+4	0CA5  00      	     		nop
1485: 9981+4	0CA6  00      	     		nop
1486: 9985+4	0CA7  00      	     		nop
1487: 9989+4	0CA8  00      	     		nop
1488: 9993+4	0CA9  00      	     		nop
1489: 9997+4	0CAA  00      	     		nop
1490:10001+4	0CAB  00      	     		nop
1491:10005+4	0CAC  00      	     		nop
1492:10009+4	0CAD  00      	     		nop
1493:10013+4	0CAE  00      	     		nop
1494:10017+4	0CAF  00      	     		nop
1495:10021+4	0CB0  00      	     		nop
1496:10025+4	0CB1  00      	     		nop
1497:10029+4	0CB2  00      	     		nop
1498:10033+4	0CB3  00      	     		nop
1499:10037+4	0CB4  00      	     		nop
1500:10041+4	0CB5  00      	     		nop
1501:10045+4	0CB6  00      	     		nop
1502:10049+4	0CB7  00      	     		nop
1503:10053+4	0CB8  00      	     		nop
1504:10057+4	0CB9  00      	     		nop
1505:10061+4	0CBA  00      	     		nop
1506:10065+4	0CBB  00      	     		nop
1507:10069+4	0CBC  00      	     		nop
1508:10073+4	0CBD  00      	     		nop
1509:10077+4	0CBE  00      	     		nop
1510:10081+4	0CBF  00      	     		nop
1511:10085+4	0CC0  00      	     		nop
1512:10089+4	0CC1  00      	     		nop
1513:10093+4	0CC2  00      	     		nop
1514:10097+4	0CC3  00      	     		nop
1515:10101+4	0CC4  00      	     		nop
1516:10105+4	0CC5  00      	     		nop
1517:10109+4	0CC6  00      	     		nop
1518:10113+4	0CC7  00      	     		nop
1519:10117+4	0CC8  00      	     		nop
1520:10121+4	0CC9  00      	     		nop
1521:10125+4	0CCA  00      	     		nop
1522:10129+4	0CCB  00      	     		nop
1523:10133+4	0CCC  00      	     		nop
1524:10137+4	0CCD  00      	     		nop
1525:10141+4	0CCE  00      	     		nop
1526:10145+4	0CCF  00      	     		nop
1527:10149+4	0CD0  00      	     		nop
1528:10153+4	0CD1  00      	     		nop
1529:10157+4	0CD2  00      	     		nop
1530:10161+4	0CD3  00      	     		nop
1531:10165+4	0CD4  00      	     		nop
1532:10169+4	0CD5  00      	     		nop
1533:10173+4	0CD6  00      	     		nop
1534:10177+4	0CD7  00      	     		nop
1535:10181+4	0CD8  00      	     		nop
1536:10185+4	0CD9  00      	     		nop
1537:10189+4	0CDA  00      	     		nop
1538:10193+4	0CDB  00      	     		nop
1539:10197+4	0CDC  00      	     		nop
1540:10201+4	0CDD  00      	     		nop
1541:10205+4	0CDE  00      	     		nop
1542:10209+4	0CDF  00      	     		nop
1543:10213+4	0CE0  00      	     		nop
1544:10217+4	0CE1  00      	     		nop
1545:10221+4	0CE2  00      	     		nop
1546:10225+4	0CE3  00      	     		nop
1547:10229+4	0CE4  00      	     		nop
1548:10233+4	0CE5  00      	     		nop
1549:10237+4	0CE6  00      	     		nop
1550:10241+4	0CE7  00      	     		nop
1551:10245+4	0CE8  00      	     		nop
1552:10249+4	0CE9  00      	     		nop
1553:10253+4	0CEA  00      	     		nop
1554:10257+4	0CEB  00      	     		nop
1555:10261+4	0CEC  00      	     		nop
1556:10265+4	0CED  00      	     		nop
1557:10269+4	0CEE  00      	     		nop
1558:10273+4	0CEF  00      	     		nop
1559:10277+4	0CF0  00      	     		nop
1560:10281+4	0CF1  00      	     		nop
1561:10285+4	0CF2  00      	     		nop
1562:10289+4	0CF3  00      	     		nop
1563:10293+4	0CF4  00      	     		nop
1564:10297+4	0CF5  00      	     		nop
1565:10301+4	0CF6  00      	     		nop
1566:10305+4	0CF7  00      	     		nop
1567:10309+4	0CF8  00      	     		nop
1568:10313+4	0CF9  00      	     		nop
1569:10317+4	0CFA  00      	     		nop
1570:10321+4	0CFB  00      	     		nop
1571:10325+4	0CFC  00      	     		nop
1572:10329+4	0CFD  00      	     		nop
1573:10333+4	0CFE  00      	     		nop
1574:10337+4	0CFF  00      	     		nop



Statistics:

     4	passes
     0	jr promotions
   127	symbols
  3072	bytes



Symbol Table:

CMDREG         =40        64
CR             =0D        13
DATREG         =43        67
FORCEINT       =D0        208
LATCH          =30        48
LF             =0A        10
NULL           =00        0
READSEC        =88        136
RESTORE        =01        1
SECREG         =42        66
STEPIN         =4B        75
STSREG         =40        64
TRKREG         =41        65
callhl           6C6      1734
cmdout           991      2449
cmdtout          975      2421
cmdwait          995      2453
conout           68A      1674
const            6B5      1717
force            999      2457
getupper         69E      1694
l0106            106      262
l010e            10E      270
l01d5            1D5      469
l01d8            1D8      472
l01dd            1DD      477
l01e6            1E6      486
l01e9            1E9      489
l01f1            1F1      497
l0218            218      536
l0219            219      537
l02f9            2F9      761
l0335            335      821
l0349            349      841
l0375            375      885
l0385            385      901
l03df            3DF      991
l03f4            3F4      1012
l03ff            3FF      1023
l0409            409      1033
l044b            44B      1099
l044e            44E      1102
l048d            48D      1165
l04a7            4A7      1191
l04a9            4A9      1193
l04ab            4AB      1195
l04b1            4B1      1201
l04b8            4B8      1208
l04c5            4C5      1221
l04c9            4C9      1225
l04d3            4D3      1235
l04ec            4EC      1260
l04ed            4ED      1261
l04f4            4F4      1268
l0513            513      1299
l051a            51A      1306
l0532            532      1330
l0567            567      1383
l0569            569      1385
l0576            576      1398
l059a            59A      1434
l05a0            5A0      1440
l05b9            5B9      1465
l05ce            5CE      1486
l05d8            5D8      1496
l05f0            5F0      1520
l05fa            5FA      1530
l060c            66B      1643
l0611            611      1553
l062c            62C      1580
l0632            632      1586
l0651            651      1617
l066e            66E      1646
l0674            674      1652
l0675            675      1653
l0676            676      1654
l067b            67B      1659
l0696            696      1686
l06b1            6B1      1713
l06be            6BE      1726
l06c7            6C7      1735
l06cd            6CD      1741
l06dd            6DD      1757
l06e9            6E9      1769
l070b            70B      1803
l073a            73A      1850
l0748            748      1864
l074f            74F      1871
l075d            75D      1885
l075f            75F      1887
l0764            764      1892
l0777            777      1911
l078f            78F      1935
l07c2            7C2      1986
l07d0            7D0      2000
l07d2            7D2      2002
l07f9            7F9      2041
l0811            811      2065
l0833            833      2099
l0843            843      2115
l0848            848      2120
l0853            853      2131
l0865            865      2149
l086a            86A      2154
l0888            888      2184
l089a            89A      2202
l089f            89F      2207
l08d4            8D4      2260
l08e0            8E0      2272
l08fb            8FB      2299
l0905            905      2309
l091f            91F      2335
l0931            931      2353
l0938            938      2360
l0947            947      2375
l095f            95F      2399
l097c            97C      2428
l098f            98F      2447
l09a6            9A6      2470
l09af            9AF      2479
l09c0            9C0      2496
l09c4            9C4      2500
printhl          71B      1819
printstr         715      1813
prttrack         5C3      1475
readsector       965      2405
waittout         978      2424
