sally2-0000.asm:
     1                          NOHIGHSPEEDSIO	equ	0
     2                          
     3                          RIDCMD		equ	11000000B	;READ ID COMMAND
     4                          RDCMD		equ	10000000B	;READ COMMAND
     5                          WRTCMD		equ	10100000B	;WRITE COMMAND
     6                          FINCMD		equ	11010000B	;FORCE INTERRUPT COMMAND
     7                          SKCMD		equ	00010000B	;SEEK COMMAND
     8                          RSTCMD		equ	00000000B	;RESTORE COMMAND
     9                          STEPOUT		equ	01100000B	;STEP OUT COMMAND
    10                          STEPIN		equ	01000000B	;STEP IN COMMAND
    11                          HLOAD		equ	00000000B	;HEAD LOAD BIT FOR TYPE 1 COMMANDS
    12                          
    13                          ;
    14                          ;	... DATA STRUCTURE FOR DISK I/O CONTROL BLOCK ...
    15                          ;
    16                          DSKOP		equ	0		;DISK OPERATION CODE
    17                          DSKDRV		equ	1		;DRIVE# (WITH SIDE# IN BIT 7)
    18                          DSKTRK		equ	2		;TRACK#
    19                          DSKSEC		equ	3		;SECTOR#
    20                          DSKPTR		equ	4		;READ/WRITE POINTER
    21                          DSKAUX		equ	6		;AUXILLIARY PARAMETERS (2 BYTES)
    22                          DSKSTS		equ	8		;OPERATION COMPLETION STATUS
    23                          
    24                          TSTRDY		equ	0				;SELECT DRIVE AND TEST READY
    25                          GETSEC		equ	1				;READ SECTOR
    26                          PUTSEC		equ	2				;WRITE SECTOR
    27                          GETID		equ	3				;READ ID MARK
    28                          
    29                          DISKV		equ	0f00fh
    30                          
    31                          CFRAME		equ	IOBUFF+LEN-5
    32                          IOBUFLENHI	equ	(IOBUFF+LEN) / 256
    33                          
    34                          
    35                          ;--------------------------------------------------
    36                          ; Atari ROM routines that shouldn't change their
    37                          ; addresses
    38                          ;--------------------------------------------------
    39                          DISKID		equ	0f82bh
    40                          DISKTAB		equ	0f83dh
    41                          DRVINDEX	equ	0fc28h
    42                          SENDBUFF	equ	0f66ch
    43                          SENDACK		equ	0fc4ah
    44                          HASPARMS	equ	0fbd3h
    45                          DISKREAD	equ	0f9d4h
    46                          DISKWRITE	equ	0f948h
    47                          XMITBUF		equ	0f684h
    48                          RXBLOCK		equ	0f6d9h
    49                          CMDWAIT		equ	0f7e2h
    50                          CMDL4		equ	0f7f3h
    51                          CMDL5		equ	0f809h
    52                          EMULATOR	equ	0f762h
    53                          LOGON		equ	0f77eh
    54                          STARTBIT	equ	0f715h
    55                          
    56                          SKEWSD		equ	0fe56h
    57                          SKEW13		equ	0fec8h
    58                          SKEWDD		equ	0fe68h
    59                          SKEW17		equ	0fee2h
    60                          
    61                          ;--------------------------------------------------
    62                          ; DISKIO ROM routines that may change their
    63                          ; addresses
    64                          ;--------------------------------------------------
    65                          ACTIVON		equ	0f03ch
    66                          SHUTDOWN	equ	0f068h
    67                          DISK3		equ	0f0bfh
    68                          SEL4		equ	0f157h
    69                          
    70                          ;--------------------------------------------------
    71                          ; Track-Buffer 26*256 bytes
    72                          ;--------------------------------------------------
    73                          TRKBUF		equ	00800h
    74                          
    75                          DEBUG		equ	0f9d4h
    76                          
    77                          SIONORMAL	equ	40
    78                          SIOFAST		equ	8
    79                          
    80                          		include "equs.mac"
equs.mac:
     1                          KEYBUF		equ	0ff00h		;16 byte keyboard input fifo
     2                          CTCVEC		equ	0ff10h		;8 word interrupt vector table
     3                          ;
     4                          ;
     5                          ;
     6                          PRINTER		equ	020h		;PRINTER OUTPUT/INPUTS
     7                          LATCH		equ	030h		;DRIVE CONTROL LATCH
     8                          WD179X		equ	040h		;WD TYPE DISK CONTROLLER
     9                          ;
    10                          ;	EQUATES FOR DISK CONTROLLER PORTS AND COMMAND CODES
    11                          ;
    12                          STSREG		equ	WD179X+0	;STATUS REGISTER
    13                          CMDREG		equ	WD179X+0	;COMMAND REGISTER
    14                          TRKREG		equ	WD179X+1	;TRACK REGISTER
    15                          SECREG		equ	WD179X+2	;SECTOR REGISTER
    16                          DATREG		equ	WD179X+3	;DATA REGISTER;
    17                          
    18                          SERIN		equ	050h		;RS232 SERIAL INPUT
    19                          ;
    20                          ATROUT		equ	050h		;ATARI SERIAL OUTPUT
    21                          SEROUT		equ	051h		;RS232 SERIAL OUTPUT
    22                          BANKSW		equ	052h		;ROM BANKSWITCH BIT
    23                          STROBE		equ	053h		;PRINTER STROBE
    24                          INDXCLR		equ	054h		;INDEX CONTROL FLOP CLEAR
    25                          DTR		equ	055h		;DTR OUTPUT CONTROL
    26                          INDXSET		equ	056h		;INDEX CONTROL FLOP SET
    27                          CDMUX		equ	057h		;ATARI CMD/DATA MUX CONTROL
    28                          ;
    29                          ATARI		equ	070h		;ATARI INPUT BITS PORT
    30                          CTC0		equ	080h		;ZILOG COUNTER/TIMER
    31                          CTC1		equ	081h
    32                          CTC2		equ	082h
    33                          CTC3		equ	083h
    34                          ;
    35                          NULL		equ	000h
    36                          CR		equ	00dh
    37                          LF		equ	00ah
    38                          ;
    39                          
sally2-0000.asm:
    81                          		include "global.mac"
global.mac:
     1                          ;********************************************************
     2                          ;*							*
     3                          ;*	GLOBAL VARIABLES FOR ATARI Z80 ROM		*
     4                          ;*							*
     5                          ;********************************************************
     6                          ;
     7                          glbvars		equ	0ff20h
     8                          ;
     9                          ;	... GLOBAL VARIABLES FOR PHYSICAL DISK HANDLER ...
    10                          ;
    11                          ;DRVTAB:	DEFB	255,255,255,255	;HEAD POSITIONS FOR 4 DRIVES
    12                          ;		DEFB	0,0,0,0		;DENSITY/TYPE/SELECT BITS FOR 4 DRIVES
    13                          ;RATES:		DEFB	16,16,16,16	;SETTLING DELAYS / STEP RATES TABLE
    14                          ;UNIT:		DEFB	0		;CURRENTLY SELECTED DISK#
    15                          ;TRACK:		DEFB	255		;TRACK POSITION OF SELECTED DRIVE
    16                          ;DRVOFF:	DEFB	1		;DRIVES-OFF FLAG FROM DISK TIMER IRQ
    17                          ;OUTCPY:	DEFB	00000000B	;COPY OF DISK CONTROL LATCH
    18                          ;PERIOD:	DEFW	0		;DISK SPIN PERIOD
    19                          ;HLDTIM:	DEFB	50		;HEAD LOAD DELAY
    20                          ;RWMAX:		DEFB	10		;MAX NUMBER OF READ/WRITE RETRIES
    21                          ;		DEFB	0,0,0,0		;ROOM FOR EXPANSION
    22                          
    23                          DRVTAB:		equ	glbvars		;HEAD POSITIONS FOR 4 DRIVES
    24                          					;DENSITY/TYPE/SELECT BITS FOR 4 DRIVES
    25                          RATES:		equ	DRVTAB+8	;SETTLING DELAYS / STEP RATES TABLE
    26                          UNIT:		equ	RATES+4		;CURRENTLY SELECTED DISK#
    27                          TRACK:		equ	UNIT+1		;TRACK POSITION OF SELECTED DRIVE
    28                          DRVOFF:		equ	TRACK+1		;DRIVES-OFF FLAG FROM DISK TIMER IRQ
    29                          OUTCPY:		equ 	DRVOFF+1	;COPY OF DISK CONTROL LATCH
    30                          PERIOD:		equ	OUTCPY+1	;DISK SPIN PERIOD
    31                          HLDTIM:		equ	PERIOD+2	;HEAD LOAD DELAY
    32                          RWMAX:		equ	HLDTIM+1	;MAX NUMBER OF READ/WRITE RETRIES
    33                          EXPANSION	equ	RWMAX+1		;ROOM FOR EXPANSION
    34                          ;
    35                          ;
    36                          ;	... GLOBAL VARIABLES FOR ATARI HANDLER ...
    37                          ;
    38                          ;IDPTR:		DEFW	IDTAB		;POINTER TO DEVICE ID TABLE
    39                          ;FSMVEC:	DEFW	PWRWAIT		;POINTER FOR ATARI TASK STATE MACHINE
    40                          ;EXTVEC:	DEFW	DUMMY		;POINTER FOR EXTRA TASK PROCESSOR
    41                          ;NEWLIN:	DEFB	2,CR,LF,0,0	;PRINTER NEWLINE CHARACTERS
    42                          ;PSMSG:		DEFB	0,0,60,0	;PRINTER STATUS FRAME
    43                          ;PMASKS:	DEFB	10000000B	;MASK ALL BITS BUT 'BUSY'
    44                          ;		DEFB	00000000B	;COMPARE TO ZERO FOR READY
    45                          ;FMTPTR:	DEFW	FMTS		;POINTER TO STANDARD FORMAT TABLES
    46                          ;PBASE:		DEFW	IOBUFF+(2*LEN)	;PUT PRINT BUFFER AFTER HERE
    47                          ;PSIZE:		DEFW	4095		;MAX BUFFER INDEX OFFSET
    48                          ;
    49                          ;glbsize	equ	$-glbvars		;length of initialized variables
    50                          ;        DEFB    73h			; **** Exists in original ROM? ****
    51                          IDPTR:		equ	EXPANSION+4	;POINTER TO DEVICE ID TABLE
    52                          FSMVEC:		equ 	IDPTR+2		;POINTER FOR ATARI TASK STATE MACHINE
    53                          EXTVEC:		equ	FSMVEC+2	;POINTER FOR EXTRA TASK PROCESSOR
    54                          NEWLIN:		equ	EXTVEC+2	;PRINTER NEWLINE CHARACTERS
    55                          PSMSG:		equ	NEWLIN+5	;PRINTER STATUS FRAME
    56                          PMASKS:		equ	PSMSG+4		;MASK ALL BITS BUT 'BUSY'
    57                          					;COMPARE TO ZERO FOR READY
    58                          FMTPTR:		equ	PMASKS+2	;POINTER TO STANDARD FORMAT TABLES
    59                          PBASE:		equ	FMTPTR+2	;PUT PRINT BUFFER AFTER HERE
    60                          PSIZE:		equ	PBASE+2		;MAX BUFFER INDEX OFFSET
    61                          
    62                          glbsize		equ	$-glbvars	;length of initialized variables
    63                          ;
    64                          ;
    65                          ;	*** UNINITIALIZED SCRATCH VARIABLES COME AFTER HERE ***
    66                          ;
    67                          PCOUNT:		EQU 	PSIZE+2		;BYTECOUNT FOR BUFFER
    68                          PINP:		EQU 	PCOUNT+2	;INPUT OFFSET
    69                          POUT:		EQU 	PINP+2		;OUTPUT OFFSET
    70                          CMDFLG:		EQU 	POUT+2		;COMMAND FRAME READY FLAG FROM IRQ
    71                          DMATRIX:	EQU 	CMDFLG+1    	;DRIVE POOP TABLES
    72                          OLDPTR:		EQU 	DMATRIX+64	;POINTER TO FIRST DRIVE ACCESSED
    73                          DKIOCB:		EQU 	OLDPTR+2	;DISK I/O COMMAND BLOCK
    74                          DRWCMD:		EQU 	DKIOCB+16	;R/W COMMAND FROM ATARI TO 'DISKIO'
    75                          LOGSIZ:		EQU 	DRWCMD+1	;LOGICAL SECTOR LENGTH FOR XFER
    76                          IDBUF:		EQU	LOGSIZ+2	;BUFFER FOR ID MARK READS
    77                          IOPTR:		EQU 	IDBUF+8		;ATARI BLOCK INPUT POINTER
    78                          VFLAG:		EQU 	IOPTR+2		;VERIFY FLAG FOR DISK WRITES
    79                          
    80                          ;
    81                          ;
    82                          ;	... VARIABLES FOR DISK FORMAT FUNCTION ...
    83                          ;
    84                          FMTSTUFF	EQU	VFLAG+1
    85                          FRMPTR:		EQU 	VFLAG+1			;POINTER TO FORMAT DATA TABLE
    86                          SKWPTR:		EQU 	FRMPTR+2		;POINTER TO SKEW TABLE
    87                          NSECTS:		EQU 	SKWPTR+2		;NUMBER OF SECTORS
    88                          TRKSIZ:		EQU 	NSECTS+1		;TRACK LENGTH IN BYTES
    89                          FMTLEN		EQU	(TRKSIZ+2)-FMTSTUFF
    90                          
    91                          sides:		EQU 	TRKSIZ+2		;copy of 'nsides' for drive#
    92                          tracks:		EQU 	sides+1			;copy of 'ntrks' for drive#
    93                          SEQNUM:		EQU 	tracks+1		;TEMP SECTOR SEQUENCE NUMBER
    94                          SEQPTR:		EQU 	SEQNUM+2		;TEMP ERROR LOG TABLE POINTER
    95                          TRKPTR:		EQU 	SEQPTR+2		;POINTER TO START OF TRACK IMAGE
    96                          
    97                          ;
    98                          ;	... LOCAL VARIABLES FOR DISK HANDLER ...
    99                          ;
   100                          CMDBYT:		EQU 	TRKPTR+2		;COMMAND BYTE FOR READS/WRITES
   101                          RWTRY:		EQU	CMDBYT+1		;READ/WRITE RETRY COUNT
   102                          TICKS:		EQU	RWTRY+1			;FREE RUNNING MILISECOND COUNTER
   103                          DRVTMR:		EQU	TICKS+2			;DISK ACTIVITY TIMER
   104                          ;
   105                          ;
   106                          ;
   107                          ;
   108                          IOBUFF		EQU	0C100H			;ATARI I/O BUFFER
   109                          LEN		EQU	512
   110                          ;
   111                          ;TRKBUF		EQU	IOBUFF+LEN		;TRACK BUFFER FOR READS
   112                          ;
   113                          
   114                          ;
   115                          ;
   116                          ;	... DATA STRUCTURE FOR DRIVE PARAMETER BLOCKS ...
   117                          ;
   118                          NTRKS	EQU	0		;NUMBER OF TRACKS
   119                          STEPRT	EQU	1		;STEP RATE
   120                          NSECS	EQU	2		;SECTORS PER TRACK (HI/LOW)
   121                          NSIDES	EQU	4		;NUMBER OF SIDES
   122                          MEDIA	EQU	5		;MEDIA SIZE AND FORMAT BITS
   123                          SECLEN	EQU	6		;SECTOR LENGTH (HI/LOW)
   124                          DSKBITS	EQU	8		;MISC NAUGHTY BITS
   125                          SPARE0	EQU	9
   126                          SPARE1	EQU	10
   127                          SPARE2	EQU	11
   128                          
   129                          CMDSTS	EQU	12		;COMMAND STATUS
   130                          HDWSTS	EQU	13		;HARDWARE STATUS
   131                          
   132                          FLAGS	EQU	14		;FLAGS BYTE FOR DISK OPERATION
   133                          SPARE3	EQU	15
   134                          ;
   135                          ;
   136                          ;	EQUATES FOR BITS IN 'MEDIA' BYTE
   137                          ;
   138                          SIZE	EQU	1		;DISK SIZE (1=EIGHT, 0=FIVE)
   139                          DENSTY	EQU	2		;DENSITY (1=DOUBLE, 0=SINGLE)
   140                          ;
   141                          ;
   142                          ;	EQUATES FOR BITS IN 'DSKBITS' BYTE
   143                          ;
   144                          PRESENT	EQU	6		;DRIVE PRESENT (1=PRESENT)
   145                          ;
   146                          ;
   147                          ;	EQUATES FOR BITS IN 'CMDSTS' BYTE
   148                          ;
   149                          BADCMD	EQU	0		;BAD COMMAND FRAME BIT
   150                          BADDAT	EQU	1		;BAD DATA FRAME BIT
   151                          BADRW	EQU	2		;BAD READ/WRITE OPERATION BIT
   152                          WRPROT	EQU	3		;WRITE PROTECTED BIT
   153                          ACTIVE	EQU	4		;DRIVE READY INDICATOR BIT
   154                          SEC256	EQU	5		;LONG/SHORT SECTOR BIT
   155                          ;
   156                          ;
   157                          ;	EQUATES FOR BITS IN 'FLAGS' BYTE
   158                          ;
   159                          FIRST	EQU	0		;FIRST ACCESS FLAG (0=NOT ACCESSED)
   160                          CONFIG	EQU	1		;DRIVE CONFIGURED BIT (0=UNCONFIGED)
   161                          
sally2-0000.asm:
    82                          
    83                          ;--------------------------------------------------
    84                          ; Code executed after Reset
    85                          ;--------------------------------------------------
    86                          		ORG	00000h
    87                          ;
    88   000000 f3              reset:		di      				;disable interrupt
    89   000001 af              		xor     a				;set a to zero
    90   000002 3d              restime:	dec     a				;do 256 times nothing
    91   000003 20fd            		jr      nz, restime			;loop
    92                          
    93   000005 21d203          		ld      hl, portval			;init 11 ports with values at 0a3h
    94   000008 060b            		ld      b, 0bh
    95   00000a 4e              portinit:	ld      c, (hl)
    96   00000b 23              		inc     hl
    97   00000c eda3            		outi
    98   00000e 20fa            		jr      nz, portinit			; loop
    99                          
   100                          
   101   000010 2100f0          		ld      hl,0f000h          		;test ram @F000-FFFF
   102   000013 3e01            		ld      a, 01h             		;write 1,2,4,8,16,32,64,128
   103   000015 0610            testram2:	ld      b, 10h
   104   000017 77              testram:	ld      (hl),a
   105   000018 07              		rlca
   106   000019 2c              		inc     l
   107   00001a 20fb            		jr      nz, testram
   108   00001c 24              		inc     h
   109   00001d 10f8            		djnz    testram
   110                          
   111   00001f 0e10            		ld      c, 10h
   112   000021 2b              testram1:	dec     hl
   113   000022 0f              		rrca
   114   000023 be              		cp      (hl)
   115   000024 20fe            ramerr:		jr      nz, ramerr			;if error, loop forever
   116   000026 10f9            		djnz    testram1
   117   000028 0d              		dec     c
   118   000029 20f6            		jr      nz, testram1
   119   00002b 87              		add     a, a
   120   00002c 20e7            		jr      nz, testram2
   121                          
   122   00002e 212404          		ld      hl, sallycode			;copy BIOS 0f000h
   123   000031 1100f0          		ld      de, 0f000h			;length always 0f00h
   124   000034 01000f          		ld      bc, 00f00h
   125   000037 edb0            		ldir
   126   000039 212013          		ld      hl, sallycode+0efch		;copy initial values to 0ff20h
   127   00003c 1120ff          		ld      de, 0ff20h			;length $2F
   128   00003f 012f00          		ld      bc, 002fh
   129   000042 edb0            		ldir
   130                          
   131   000044 af              		xor     a				;fill up to $FFFF with zeros
   132   000045 12              ramfill:	ld      (de),a
   133   000046 1c              		inc     e
   134   000047 20fc            		jr      nz, ramfill
   135                          
   136   000049 3110ff          		ld      sp, 0ff10h			;stack-pointer to 0ff10h
   137                          
   138   00004c 3eff            		ld      a, 0ffh				;load interrupt-vector register
   139   00004e ed47            		ld      i, a				;with 0ffh
   140   000050 ed5e            		im      2				;enable interrupt mode 2 (vectored)
   141                          
   142                          ;--------------------------------------------------
   143                          ; step 5 times in and then out to trk00
   144                          ; set bit 6 for each online floppy in ff5eh
   145                          ; percom block (16 bytes, byte 8 bit 6)
   146                          ;--------------------------------------------------
   147   000052 3e4f            		ld      a, 4fh				;select drive 1-4, Motor off, side 0, B/S=1, DD
   148   000054 d330            		out     (LATCH),a
   149                          
   150   000056 57              		ld      d, a				;d = 4fh
   151   000057 0605            		ld      b, 5				;step 5 times
   152                          stepin:
   153   000059 3e49            		ld      a, 49h				;4b = 0100 1011 = step-in
   154   00005b cdc403          		call    CMDOUT				;write A to FDC command and wait
   155   00005e 10f9            		djnz    stepin
   156                          
   157   000060 0664            		ld      b, 64h				;seek track 00 for all 4 drives
   158   000062 7a              outloop1:	ld      a, d				;select all drives
   159   000063 d330            		out     (LATCH),a
   160   000065 e3              		ex      (sp),hl				;???
   161   000066 e3              		ex      (sp),hl				;???
   162   000067 3e69            		ld      a, 69h				;step out
   163   000069 cdc403          		call    CMDOUT				;write A to FDC command and wait
   164                          
   165   00006c 1e01            		ld      e, 01h
   166   00006e 7b              outloop:	ld      a, e
   167   00006f f640            		or      40h
   168   000071 d330            		out     (LATCH), a			;select one drive
   169   000073 e3              		ex      (sp), hl
   170   000074 e3              		ex      (sp), hl
   171                          ;		call    0f391h				;stop command, get status
   172   000075 db40            		in	a, (STSREG)
   173   000077 cb57            		bit     2, a
   174   000079 2804            		jr      z, excldrv			;bit not set, not at track 00
   175   00007b 7b              		ld      a, e				;drive at track 00
   176   00007c 2f              		cpl     				;exclude drive from seeking
   177   00007d a2              		and     d
   178   00007e 57              		ld      d, a
   179                          excldrv:
   180   00007f cb23            		sla     e
   181   000081 cb63            		bit     4, e
   182   000083 28e9            		jr      z, outloop			;status checked for all 4 drives?
   183   000085 10db            		djnz    outloop1			;step out again
   184                          
   185                          ;		call    0f068h				;deselect floppies and seek current track?
   186   000087 3e50            		ld	a, 50h				;reset FDC and deselct
   187   000089 d330            		out	(LATCH), a
   188   00008b 3e40            		ld	a, 40h				;reset FDC and deselct
   189   00008d d330            		out	(LATCH), a
   190                          
   191   00008f 215eff          		ld      hl, 0ff5eh			;set bit for each connected floppy?
   192   000092 011000          		ld      bc, 0010h
   193   000095 3e04            		ld      a, 04h
   194   000097 cb1a            nextdrv:	rr      d
   195   000099 3802            		jr      c, noset
   196   00009b cbf6            		set     6, (hl)
   197   00009d 09              noset:		add     hl, bc
   198   00009e 3d              		dec     a
   199   00009f 20f6            		jr      nz, nextdrv
   200                          
   201                          
   202   0000a1 210000          		ld	hl, 00000h			; source
   203   0000a4 110080          		ld	de, 08000h			; dest
   204   0000a7 010020          		ld	bc, 02000h
   205   0000aa edb0            		ldir
   206   0000ac 21b200          		ld	hl, code8000
   207   0000af cbfc            		set	7, h
   208   0000b1 e9              		jp	(hl)
   209   0000b2 3e01            code8000:	ld	a, 1
   210   0000b4 d352            		out	(BANKSW), a
   211   0000b6 210080          		ld	hl, 08000h
   212   0000b9 110000          		ld	de, 00000h
   213   0000bc 010020          		ld	bc, 02000h
   214   0000bf edb0            		ldir
   215   0000c1 c3c400          		jp	code0000
   216                          
   217                          code0000:
   218   0000c4 3100c1          		ld      sp, 0c100h			;set stack to 0c100h
   219                          
   220                          ;--------------------------------------------------
   221                          ; firmware patch
   222                          ;--------------------------------------------------
   223                          
   224   0000c7 21ffff          		ld	hl, 0ffffh			;reset drive / track buffer
   225   0000ca 220904          		ld	(drive), hl
   226                          
   227   0000cd 213ff8          		ld	hl, DISKTAB+2
   228   0000d0 11eb03          		ld	de, disktab+3
   229   0000d3 011500          		ld	bc, 3*7
   230   0000d6 edb0            		ldir
   231                          
   232   0000d8 210800          		ld	hl, 8
   233   0000db 22e803          		ld	(disktab),hl
   234   0000de 3e3f            		ld	a, '?'
   235   0000e0 32ea03          		ld	(disktab+2), a
   236   0000e3 eb              		ex	de, hl
   237                          
   238   0000e4 3e55            		ld	a, getspeed & 255
   239   0000e6 77              		ld	(hl), a
   240   0000e7 23              		inc	hl
   241   0000e8 3e02            		ld	a, getspeed / 256
   242   0000ea 77              		ld	(hl), a
   243                          
   244   0000eb 21e803          		ld	hl, disktab
   245   0000ee 222bf8          		ld	(DISKID), hl
   246   0000f1 222df8          		ld	(DISKID+2), hl
   247   0000f4 222ff8          		ld	(DISKID+4), hl
   248   0000f7 2231f8          		ld	(DISKID+6), hl
   249                          
   250   0000fa 3e28            		ld	a, SIONORMAL
   251   0000fc 320804          		ld	(pokeydiv), a
   252                          
   253   0000ff 3ec3            		ld	a, 0c3h				;'JP' instruction
   254   000101 3284f6          		ld	(XMITBUF), a
   255   000104 32d9f6          		ld	(RXBLOCK), a
   256   000107 32e2f7          		ld	(CMDWAIT), a
   257   00010a 327ef7          		ld	(LOGON), a
   258                          
   259   00010d 218002          		ld	hl, xmitbuf
   260   000110 2285f6          		ld	(XMITBUF+1), hl
   261   000113 21cb02          		ld	hl, rxblock
   262   000116 22daf6          		ld	(RXBLOCK+1), hl
   263   000119 216702          		ld	hl, cmdwait
   264   00011c 22e3f7          		ld	(CMDWAIT+1), hl
   265   00011f 21c301          		ld	hl, diskread
   266   000122 22d5f9          		ld	(DISKREAD+1), hl
   267   000125 21ab01          		ld	hl, diskwrite
   268   000128 2249f9          		ld	(DISKWRITE+1), hl
   269   00012b 213401          		ld	hl, logon
   270   00012e 227ff7          		ld	(LOGON+1), hl
   271                          
   272                          
   273   000131 c362f7          		jp	EMULATOR
   274                          
   275                          
   276   000134 3233ff          logon:		LD	(RWMAX),A			;DO LESS RETRIES IN ATARI MODE
   277                          
   278   000137 3ec3            		ld	a, 0c3h				;'JP' instruction
   279   000139 3257f1          		ld	(SEL4), a
   280   00013c 215701          		ld	hl, sel4
   281   00013f 2258f1          		ld	(SEL4+1), hl
   282   000142 214b01          		ld	hl, shutdown
   283   000145 2269f0          		ld	(SHUTDOWN+1), hl
   284   000148 c381f7          		jp	LOGON+3
   285                          
   286                          
   287   00014b cd28f2          shutdown:	call	0f228h
   288   00014e 3e07            		ld	a, 00000111B			;CTC1 4uS pulses (4Mhz / 1*16)
   289   000150 d381            		out	(CTC1), a
   290   000152 3e01            		ld	a, 1
   291   000154 d381            		out	(CTC1), a
   292   000156 c9              		ret
   293                          ;
   294                          ;
   295                          ;
   296   000157 cb70            sel4:		bit	6, b				;8" found?
   297   000159 284a            		jr	z, sel4ex			;yes, do nothing
   298                          
   299   00015b c5              		push	bc				;save registers
   300   00015c d5              		push	de
   301   00015d e5              		push	hl
   302   00015e dde5            		push	ix
   303                          
   304   000160 78              		ld	a, b				;switch HD on
   305   000161 cbb7            		res	6, a
   306   000163 d330            		out	(LATCH), a
   307                          
   308   000165 dde5            		push	ix				;load hl with ix
   309   000167 e1              		pop	hl
   310   000168 111504          		ld	de, dcb
   311   00016b 010900          		ld	bc, 9
   312   00016e edb0            		ldir					;copy dcb
   313                          
   314   000170 dd211504        		ld	ix, dcb
   315   000174 211e04          		ld	hl, id
   316   000177 221904          		ld	(dcb + DSKPTR), hl
   317   00017a 210600          		ld	hl, 6
   318   00017d 221b04          		ld	(dcb + DSKAUX), hl
   319   000180 3ec0            		ld	a, RIDCMD
   320                          ;		ld	(dcb + DSKOP), a
   321   000182 32c5ff          		ld	(CMDBYT), a
   322   000185 3e18            		ld	a, 018h				;substitute JR	Z,xx by JR xx
   323   000187 32f0f0          		ld	(DISK3 + 031h), a
   324   00018a cdbff0          		call	DISK3				;DISK3: READ 6 BYTE ID RECORD
   325   00018d cdbff0          		call	DISK3				;DISK3: READ 6 BYTE ID RECORD
   326   000190 cdbff0          		call	DISK3				;DISK3: READ 6 BYTE ID RECORD
   327   000193 3e28            		ld	a, 028h				;reset JR Z,xx
   328   000195 32f0f0          		ld	(DISK3 + 031h), a
   329                          
   330   000198 dde1            		pop	ix
   331   00019a e1              		pop	hl
   332   00019b d1              		pop	de
   333   00019c c1              		pop	bc
   334                          
   335   00019d 3a1d04          		ld	a, (dcb + DSKSTS)		;check disk status
   336   0001a0 b7              		or	a
   337   0001a1 2002            		jr	nz, sel4ex			;not zero, no HD
   338   0001a3 cbb0            		res	6, b				;
   339                          sel4ex:
   340   0001a5 78              		ld	a, b
   341   0001a6 1600            		ld	d, 0
   342   0001a8 c35af1          		jp	SEL4+3
   343                          
   344                          ;--------------------------------------------------
   345                          ; diskwrite: write through sector
   346                          ;--------------------------------------------------
   347                          diskwrite:
   348                          ;		ld	a, 'W'
   349                          ;		call	debug
   350                          
   351                          ;		jp	DISKV
   352                          
   353   0001ab cd4802          		call	checktrack
   354   0001ae 2010            		jr	nz, diskwrite1
   355                          
   356   0001b0 cd3302          		call	compbufadr
   357   0001b3 eb              		ex	de, hl
   358   0001b4 dd6605          		ld	h, (ix + DSKPTR+1)
   359   0001b7 dd6e04          		ld	l, (ix + DSKPTR)
   360   0001ba ed4ba9ff        		ld	bc, (LOGSIZ)
   361   0001be edb0            		ldir
   362                          
   363   0001c0 c30ff0          diskwrite1:	jp	DISKV
   364                          
   365                          
   366                          ;--------------------------------------------------
   367                          ; Debug routine
   368                          ;--------------------------------------------------
   369                          ;debug:		call	serout
   370                          ;		ld	a, (ix + DSKDRV)
   371                          ;		call	serhex
   372                          ;		ld	a, 't'
   373                          ;		call	serout
   374                          ;		ld	a, (ix + DSKTRK)
   375                          ;		call	serhex
   376                          ;		ld	a, 's'
   377                          ;		call	serout
   378                          ;		ld	a, (ix + DSKSEC)
   379                          ;		call	serhex
   380                          ;
   381                          ;		call	serspace
   382                          ;		ld	a, (CFRAME+3)
   383                          ;		call	serhex
   384                          ;		ld	a, (CFRAME+2)
   385                          ;		call	serhex
   386                          ;		call	serspace
   387                          ;		ld	a, (IY+NSECS+1)
   388                          ;		call	serhex
   389                          ;		ld	a, (iy+NTRKS)
   390                          ;		call	serhex
   391                          ;
   392                          ;		call	sercr
   393                          ;		ret
   394                          
   395                          ;--------------------------------------------------
   396                          ; diskread: cache a track
   397                          ;--------------------------------------------------
   398                          diskread:
   399                          ;		ld	a, 'R'
   400                          ;		call	debug
   401                          
   402   0001c3 cd4802          		call	checktrack
   403   0001c6 284c            		jr	z, match
   404                          
   405   0001c8 ed530904        		ld	(drive), de			;save new drive and track
   406   0001cc dde5            		push	ix				;save ix
   407                          
   408   0001ce dde5            		push	ix				;load hl with ix
   409   0001d0 e1              		pop	hl
   410   0001d1 111504          		ld	de, dcb
   411   0001d4 010900          		ld	bc, 9
   412   0001d7 edb0            		ldir					;copy dcb
   413                          
   414   0001d9 0600            		ld	b, 0				;compute skew-list from media type
   415   0001db fd4e05          		ld	c, (iy + MEDIA)
   416   0001de 210d04          		ld	hl, skewtab
   417   0001e1 09              		add	hl, bc
   418   0001e2 7e              		ld	a, (hl)
   419   0001e3 23              		inc	hl
   420   0001e4 66              		ld	h, (hl)
   421   0001e5 6f              		ld	l, a
   422   0001e6 220b04          		ld	(secptr), hl
   423                          
   424   0001e9 dd211504        		ld	ix, dcb				;load ix with new dcb
   425   0001ed fd4603          		ld	b, (iy + NSECS+1)
   426                          
   427   0001f0 2a0b04          readtrack:	ld	hl, (secptr)
   428   0001f3 7e              		ld	a, (hl)
   429   0001f4 321804          		ld	(dcb + DSKSEC), a
   430   0001f7 23              		inc	hl
   431   0001f8 220b04          		ld	(secptr), hl
   432                          
   433   0001fb c5              		push	bc
   434   0001fc cd3302          		call	compbufadr
   435   0001ff 221904          		ld	(dcb + DSKPTR), hl
   436                          
   437   000202 cd0ff0          		call	DISKV
   438                          
   439   000205 c1              		pop	bc
   440   000206 3a1d04          		ld	a, (dcb + DSKSTS)		;error occured?
   441   000209 b7              		or	a
   442   00020a 2804            		jr	z, readtrack6			;no
   443   00020c dde1            		pop	ix				;yes, store in original dcb
   444   00020e 1814            		jr	match2
   445   000210 10de            readtrack6:	djnz	readtrack
   446   000212 dde1            		pop	ix
   447                          
   448   000214 cd3302          match:		call	compbufadr
   449   000217 dd5605          		ld	d, (ix + DSKPTR+1)
   450   00021a dd5e04          		ld	e, (ix + DSKPTR)
   451   00021d ed4ba9ff        		ld	bc, (LOGSIZ)
   452   000221 edb0            		ldir
   453                          
   454   000223 af              		xor	a
   455   000224 dd7708          match2:		ld	(ix + DSKSTS), a
   456                          
   457   000227 db43            		in	a, (DATREG)				;keeps motor spinning
   458   000229 d341            		out	(TRKREG), a
   459   00022b 3e10            		ld	a, SKCMD
   460   00022d cdc403          		call	CMDOUT
   461                          
   462   000230 c33cf0          		jp	ACTIVON
   463                          
   464                          
   465                          
   466   000233 210008          compbufadr:	ld	hl, TRKBUF
   467   000236 dd4603          		ld	b, (ix + DSKSEC)
   468   000239 05              		dec	b
   469   00023a 0e00            		ld	c, 0
   470   00023c 3a1b04          		ld	a, (dcb + DSKAUX)
   471   00023f b7              		or	a
   472   000240 2804            		jr	z, compbufadr1
   473   000242 cb38            		srl	b
   474   000244 cb19            		rr	c
   475   000246 09              compbufadr1:	add	hl, bc
   476   000247 c9              		ret
   477                          
   478   000248 2a0904          checktrack:	ld	hl, (drive)
   479   00024b dd5602          		ld	d, (ix + DSKTRK)		;high
   480   00024e dd5e01          		ld	e, (ix + DSKDRV)		;low
   481   000251 b7              		or	a				;clear carry
   482   000252 ed52            		sbc	hl, de
   483   000254 c9              		ret
   484                          
   485                          ;--------------------------------------------------
   486                          ; get Pokeydivisor command '?'
   487                          ;--------------------------------------------------
   488                          getspeed:
   489                          ;		ld	a, '?'
   490                          ;		call	serout
   491                          
   492   000255 cd28fc          		call	DRVINDEX			;POINT IY TO DRIVE'S DATA AREA
   493   000258 d8              		ret	C				;EXIT IF NOT A DRIVE IN OUR BOX
   494                          
   495                          ;		call	HASPARMS
   496                          ;		ret	Z				;EXIT IF DISK PARAMS NOT KNOWN
   497                          
   498   000259 cd4afc          		call	SENDACK				;SEND 'ACK' FOR COMMAND FRAME
   499                          
   500   00025c 21ffc2          		ld	hl, IOBUFF+LEN-1
   501                          
   502                          		IF NOHIGHSPEEDSIO <> 1
   503   00025f 3608            		ld	(hl), SIOFAST
   504                          		ELSE
   505                          		ld	(hl), SIONORMAL
   506                          		ENDIF
   507                          
   508   000261 114300          		ld	de, 'C'
   509   000264 c36cf6          		jp	SENDBUFF			;SEND 'C' AND PARAMS DATA FRAME
   510                          
   511                          
   512                          ;--------------------------------------------------
   513                          ; cmdwait
   514                          ;--------------------------------------------------
   515   000267 3a55ff          cmdwait:	ld	a, (CMDFLG)
   516   00026a b7                              or	a				;SEE IF COMMAND FRAME HAS ARRIVED
   517   00026b c8                              ret	z				;EXIT IF NOTHING HAS HAPPENED
   518                          
   519                          ;		call	sercmd				;5-byte command frame
   520                          
   521   00026c 3a55ff          		ld	a, (CMDFLG)
   522   00026f fe01                            cp	1
   523                          
   524   000271 f3              		di					;ELSE RESET INTERRUPT AND START AGAIN
   525   000272 3e03                            ld	a, 00000011B
   526   000274 d380                            out	(CTC0),A
   527   000276 fb                              ei
   528                          
   529   000277 caf3f7                          jp	z, CMDL4			;good cmd-frame
   530                          
   531   00027a cde202          		call	togglebaud
   532   00027d c309f8          		jp	CMDL5
   533                          
   534                          
   535                          
   536                          ;--------------------------------------------------
   537                          ; xmitbuf
   538                          ;--------------------------------------------------
   539                          xmitbuf:
   540   000280 f3              		di
   541   000281 3a0804          		ld	a, (pokeydiv)			;is fast?
   542   000284 fe28            		cp	SIONORMAL
   543   000286 2006            		jr	nz, xmitfast			;yes, jump
   544   000288 0115f7          		ld	bc, STARTBIT
   545   00028b c388f6          		jp	XMITBUF+4
   546                          
   547                          xmitfast:
   548   00028e 3e07            		ld	a, 00000111B			;CTC1 4uS pulses (4Mhz / 1*16)
   549   000290 d381            		out	(CTC1), a
   550   000292 3e01            		ld	a, 1
   551   000294 d381            		out	(CTC1), a
   552                          
   553   000296 7e              xmitfast1:	ld	a, (hl)				;7
   554   000297 23              		inc	hl				;6
   555   000298 aa              		xor	d				;4
   556   000299 4f              		ld	c, a				;4
   557   00029a 83              		add	a, e				;4
   558   00029b ce00            		adc	0				;7
   559   00029d 5f              		ld	e, a				;4
   560   00029e cdac02          		call	fastsend			;17 send byte in c
   561   0002a1 7c              		ld	a, h				;4
   562   0002a2 fec3            		cp	IOBUFLENHI			;7
   563   0002a4 38f0            		jr	c, xmitfast1			;12/7 loop if buffer end not reached
   564                          
   565   0002a6 3e03            		ld	a, 00000011B
   566   0002a8 d381            		out	(CTC1), a
   567   0002aa fb              		ei
   568   0002ab c9              		ret
   569                          
   570   0002ac af              fastsend:	xor	a
   571   0002ad d350            		out	(ATROUT), a
   572                          
   573   0002af dde5            		push	ix				;15
   574   0002b1 dde1            		pop	ix				;14
   575   0002b3 79              		ld	a, c				;4
   576   0002b4 0608            		ld	b, 8				;7
   577   0002b6 03              		inc	bc				;6
   578   0002b7 00              		nop					;4
   579                          
   580   0002b8 00              fastsend1:	nop					;4
   581   0002b9 fe01            		cp	1				;7
   582   0002bb d350            		out	(ATROUT), a			;11
   583   0002bd 0f              		rrca					;4
   584   0002be dde5            		push	ix				;15
   585   0002c0 dde1            		pop	ix				;14
   586   0002c2 10f4            		djnz	fastsend1			;13 / 8
   587                          
   588   0002c4 ed5f            		ld	a, r				;9
   589   0002c6 3e01            		ld	a, 1				;7
   590   0002c8 d350            		out	(ATROUT), a			;11
   591   0002ca c9              		ret					;10
   592                          
   593                          ;--------------------------------------------------
   594                          ; rxblock
   595                          ;--------------------------------------------------
   596   0002cb 3a0804          rxblock:	ld	a, (pokeydiv)			;is fast?
   597   0002ce fe28            		cp	SIONORMAL
   598   0002d0 cadc02          		jp	z, rxblock1
   599                          
   600   0002d3 cdf602          		call	fastrecv			;yes, fast speed
   601   0002d6 3e03            		ld	a, 00000011B			;reset timer
   602   0002d8 d383            		out	(CTC3), a
   603   0002da 4a              		ld	c, d				;checksum in c
   604   0002db c9              		ret
   605                          
   606                          rxblock1:
   607   0002dc 010000          		ld	bc, 0				;no, normal speed
   608   0002df c3dcf6          		jp	RXBLOCK+3
   609                          
   610                          ;--------------------------------------------------
   611                          ; togglebaud
   612                          ;--------------------------------------------------
   613   0002e2 3a0804          togglebaud:	ld	a, (pokeydiv)
   614   0002e5 fe28            		cp	SIONORMAL
   615   0002e7 3e08            		ld	a, SIOFAST
   616   0002e9 2802            		jr	z, togglebaud1
   617   0002eb 3e28            		ld	a, SIONORMAL
   618   0002ed 320804          togglebaud1:	ld	(pokeydiv), a
   619   0002f0 c9              		ret
   620                          
   621                          ;--------------------------------------------------
   622                          ; set 4ms watchdog
   623                          ;--------------------------------------------------
   624   0002f1 f1              irq4ms:		pop	af				;pop irq-addr
   625   0002f2 b7              		or	a				;clear carry
   626   0002f3 fb              irq4ms1:	ei
   627   0002f4 ed4d            		reti
   628                          
   629                          ;--------------------------------------------------
   630                          ; SIO receive 57600 baud
   631                          ;--------------------------------------------------
   632                          fastrecv:
   633   0002f6 f3              		di
   634   0002f7 01f102          		ld	bc, irq4ms
   635   0002fa ed4316ff        		ld	(CTCVEC+6),bc			;SET VECTOR TO irq4ms ROUTINE
   636   0002fe 018300          		ld	bc, CTC3			;clear b, load c with CTC3
   637   000301 11a700          		ld	de, 10100111B			;clear d, load e with a7h
   638   000304 ed59            		out	(c), e				;12 PUT CTC3 IN TIMER MODE, PRESCALE 256
   639   000306 ed49            		out	(c), c
   640   000308 fb              		ei
   641                          
   642   000309 db70            fastrecv1:	in	a, (ATARI)			;11
   643   00030b 17              		rla					;4
   644   00030c da0903          		jp	c, fastrecv1			;10	NEW BYTE IS COMING IF START BIT LOW
   645                          							;14-25 / 7
   646   00030f 7a              		ld	a, d				;4
   647   000310 80              		add	a, b				;4
   648   000311 ce00            		adc	a, 0				;7 ACCUMULATE CHECKSUM ATARI STYLE
   649   000313 57              		ld	d, a				;4
   650                          
   651   000314 067f            		ld	b, 07fh				;7
   652   000316 c31b03          		jp	fastrecv2a			;10 = 50
   653                          ;
   654                          ; SERIAL->PARALLEL CONVERSION AT 17,36 MICROSECONDS PER BIT
   655                          ;
   656   000319 f5              fastrecv2:	push	af				;11
   657   00031a f1              		pop	af				;10
   658   00031b 7e              fastrecv2a:	ld	a, (hl)				;7
   659   00031c 7e              		ld	a, (hl)				;7
   660                          
   661   00031d db70            		in	a, (ATARI)			;11 CYCLES
   662   00031f 17              		rla					; 4 CYCLES
   663   000320 cb18            		rr	b				; 8 CYCLES
   664   000322 38f5            		jr	c, fastrecv2			;12/7 = 70 / 65 cycles
   665                          
   666   000324 70              		ld	(hl), b				;7 THEN STORE IN MEMORY BUFFER @HL
   667   000325 23              		inc	hl				;6
   668   000326 7c              		ld	a, h				;4
   669   000327 fec3            		cp	IOBUFLENHI			;7
   670   000329 3f              		ccf					;4
   671   00032a d8              		ret	c				;5 RETURN WITH CARRY SET IF BUFFER FILLED
   672                          
   673   00032b ed59            		out	(c), e				;12 PUT CTC3 IN TIMER MODE, PRESCALE 256
   674   00032d ed49            		out	(c), c				;12 COUNT MOD 256
   675                          
   676   00032f c30903          		jp	fastrecv1			;10
   677                          
   678                          
   679                          ;serdumpcpl:	push	hl
   680                          ;               push	af
   681                          ;               push	bc
   682                          ;               push	de
   683                          ;		ld	d, 255
   684                          ;		jr	serdump1
   685                          
   686                          ;--------------------------------------------------
   687                          ; RS232 sercmd
   688                          ;--------------------------------------------------
   689   000332 e5              sercmd:		push	hl
   690   000333 21fbc2          		ld	hl, CFRAME
   691   000336 cd5c03          		call	sercr
   692   000339 1801            		jr	serdump2
   693                          
   694                          ;--------------------------------------------------
   695                          ; RS232 dump
   696                          ;--------------------------------------------------
   697   00033b e5              serdump:	push	hl
   698   00033c f5              serdump2:	push	af
   699   00033d c5              		push	bc
   700   00033e d5              		push	de
   701                          
   702   00033f 1600            		ld	d, 0
   703                          
   704   000341 7e              serdump1:	ld	a, (hl)
   705   000342 aa              		xor 	d
   706   000343 cd6e03          		call	serhex
   707   000346 cd5403          		call	serspace
   708   000349 23              		inc	hl
   709   00034a 7c              		ld	a, h
   710   00034b fec3            		cp	a, 0c3h
   711   00034d 38f2            		jr	c, serdump1
   712                          
   713   00034f d1              		pop	de
   714   000350 c1              		pop	bc
   715   000351 f1              		pop	af
   716   000352 e1              		pop	hl
   717   000353 c9              		ret
   718                          
   719                          ;--------------------------------------------------
   720                          ; RS232 <space>
   721                          ;--------------------------------------------------
   722   000354 f5              serspace:	push	af
   723   000355 3e20            		ld	a, ' '
   724   000357 cd8703          		call	serout
   725   00035a f1              		pop	af
   726   00035b c9              		ret
   727                          
   728                          ;--------------------------------------------------
   729                          ; RS232 <CR>
   730                          ;--------------------------------------------------
   731   00035c f5              sercr:		push	af
   732   00035d 3e0d            		ld	a, '\r'
   733   00035f cd8703          		call	serout
   734   000362 f1              		pop	af
   735   000363 c9              		ret
   736                          
   737                          ;--------------------------------------------------
   738                          ; RS232 output HL in hex
   739                          ;--------------------------------------------------
   740   000364 7c              seraddr:	ld	a, h
   741   000365 cd6e03          		call	serhex
   742   000368 7d              		ld	a, l
   743   000369 cd6e03          		call	serhex
   744   00036c 18e6            		jr	serspace
   745                          ;--------------------------------------------------
   746                          ; RS232 output A in hex
   747                          ;--------------------------------------------------
   748   00036e f5              serhex:		push	af
   749   00036f f5              		push	af
   750   000370 0f              		rrca
   751   000371 0f              		rrca
   752   000372 0f              		rrca
   753   000373 0f              		rrca
   754   000374 cd7d03          		call	sernib
   755   000377 f1              		pop	af
   756   000378 cd7d03          		call	sernib
   757   00037b f1              		pop	af
   758   00037c c9              		ret
   759                          
   760   00037d e60f            sernib:		and	0fh
   761   00037f c630            		add	'0'
   762   000381 fe3a            		cp	'9' + 1
   763   000383 3802            		jr	c, sernib1
   764   000385 c607            		add	7
   765                          sernib1:
   766                          ;--------------------------------------------------
   767                          ; RS232 out	208 T-States
   768                          ;--------------------------------------------------
   769                          serout:
   770   000387 f5              		push	af
   771   000388 c5              		push	bc
   772   000389 47              		ld	b, a
   773   00038a af              		xor	a
   774   00038b f3              		di
   775   00038c d351            		out	(SEROUT), a			;startbit
   776   00038e cdbe03          		call	time19600			;17
   777                          
   778   000391 78              		ld	a, b
   779   000392 0608            		ld	b, 8				;7
   780   000394 d351            serout1:	out	(SEROUT), a			;11
   781   000396 cdbe03          		call	time19600			;17
   782   000399 0f              		rrca					;4
   783   00039a 10f8            		djnz	serout1				;8
   784   00039c fb              		ei
   785   00039d 3e01            		ld	a, 1				;7
   786   00039f d351            		out	(SEROUT), a			;11
   787   0003a1 cdbe03          		call	time19600			;17
   788                          
   789   0003a4 c1              		pop	bc
   790   0003a5 f1              		pop	af
   791   0003a6 c9              		ret
   792                          
   793                          
   794                          ;--------------------------------------------------
   795                          ; RS232 in	208 T-States
   796                          ;--------------------------------------------------
   797   0003a7 c5              serin:		push	bc
   798   0003a8 db50            serin2:		in	a, (SERIN)
   799   0003aa 07              		rlca
   800   0003ab 38fb            		jr	c, serin2
   801                          
   802   0003ad e3              		ex	(sp), hl			;19, 4.75uS
   803   0003ae e3              		ex	(sp), hl			;19  9uS
   804                          
   805   0003af 0680            		ld	b, 80h
   806   0003b1 cdbe03          serin1:		call	time19600
   807   0003b4 db50            		in	a, (SERIN)
   808   0003b6 07              		rlca
   809   0003b7 cb18            		rr	b
   810   0003b9 30f6            		jr	nc, serin1
   811                          
   812   0003bb 78              		ld	a, b
   813   0003bc c1              		pop	bc
   814   0003bd c9              		ret
   815                          
   816   0003be 0e09            time19600:	ld	c, 9				;4
   817   0003c0 0d              time19600a:	dec	c				;4
   818   0003c1 20fd            		jr	nz, time19600a			;12/7
   819   0003c3 c9              		ret					;10
   820                          
   821                          CMDOUT:
   822   0003c4 d340            		OUT	(CMDREG),A			;OUTPUT DISK CONTROLLER COMMAND BYTE
   823   0003c6 3e0e            CMDT1:		LD	A,14
   824   0003c8 3d              CMDT2:		DEC	A
   825   0003c9 20fd            		JR	NZ,CMDT2			;DELAY 56 MICROSECONDS
   826   0003cb db40            CMDT3:		in	a, (STSREG)
   827   0003cd cb47            		bit	0, a
   828   0003cf 20fa            		jr	nz, CMDT3
   829   0003d1 c9              		RET
   830                          
   831                          ;--------------------------------------------------
   832                          ; 11 times port:value
   833                          ;--------------------------------------------------
   834   0003d2 5001            portval:	db	050h, 001h			;Bit0	set ATARI DATA
   835   0003d4 5101            		db	051h, 001h			;Bit1	set RS232 TX
   836   0003d6 8003            		db	080h, 003h			;CTC	Channel 0 reset
   837   0003d8 8010            		db 	080h, 010h			;CTC	Channel 0 interrupt vector
   838   0003da 8107            		db	081h, 007h			;CTC	Channel 1 reset + set time constant
   839   0003dc 8101            		db	081h, 001h			;CTC	Channel 1 time contant
   840   0003de 8203            		db	082h, 003h			;CTC	Channel 2 reset
   841   0003e0 8303            		db	083h, 003h			;CTC	Channel 3 reset
   842   0003e2 5701            		db	057h, 001h			;Bit7	ATARI RXD
   843   0003e4 3050            		db	030h, 050h			;DRIVE CONTROL reset FDC
   844   0003e6 3040            		db	030h, 040h			;DRIVE CONTROL 8Mhz
   845                          
   846                          ;--------------------------------------------------
   847                          ; variables and data structure
   848                          ;--------------------------------------------------
   849                          ;
   850                          ; 32 bytes for disktab
   851                          ;
   852   0003e8 0000000000000000disktab:	dw	0, 0, 0, 0, 0, 0, 0, 0
                0000000000000000
   853   0003f8 0000000000000000		dw	0, 0, 0, 0, 0, 0, 0, 0
                0000000000000000
   854                          
   855   000408 28              pokeydiv:	db	SIONORMAL
   856   000409 ff              drive:		db	255
   857   00040a ff              track:		db	255
   858   00040b 0000            secptr:		dw	0
   859                          
   860   00040d 56fe            skewtab:	dw	SKEWSD
   861   00040f c8fe            		dw	SKEW13
   862   000411 68fe            		dw	SKEWDD
   863   000413 e2fe            		dw	SKEW17
   864                          
   865   000415 00              dcb:		db	0				;DISK OPERATION CODE
   866   000416 00              		db	0				;DRIVE# (WITH SIDE# IN BIT 7)
   867   000417 00              		db	0				;TRACK#
   868   000418 00              		db	0				;SECTOR#
   869   000419 0000            		dw	0				;READ/WRITE POINTER
   870   00041b 0000            		dw	0				;AUXILLIARY PARAMETERS (2 BYTES)
   871   00041d 00              		db	0				;OPERATION COMPLETION STATUS
   872                          
   873   00041e 000000000000    id:		dw	0, 0, 0
   874                          
   875                          sallycode	equ	ASMPC				;append Sally code here
   876                          
   877                          
